[0.524s] DEBUG:colcon:Command line arguments: ['/usr/bin/colcon', 'build']
[0.525s] DEBUG:colcon:Parsed command line arguments: Namespace(allow_overriding=[], ament_cmake_args=None, base_paths=['.'], build_base='build', catkin_cmake_args=None, catkin_skip_building_tests=False, cmake_args=None, cmake_clean_cache=False, cmake_clean_first=False, cmake_force_configure=False, cmake_target=None, cmake_target_skip_unavailable=False, continue_on_error=False, event_handlers=None, executor='parallel', ignore_user_meta=False, install_base='install', log_base=None, log_level=None, main=<bound method BuildVerb.main of <colcon_core.verb.build.BuildVerb object at 0x7efda20454f0>>, merge_install=False, metas=['./colcon.meta'], packages_above=None, packages_above_and_dependencies=None, packages_above_depth=None, packages_end=None, packages_ignore=None, packages_ignore_regex=None, packages_select=None, packages_select_build_failed=False, packages_select_by_dep=None, packages_select_regex=None, packages_select_test_failures=False, packages_skip=None, packages_skip_build_finished=False, packages_skip_by_dep=None, packages_skip_regex=None, packages_skip_test_passed=False, packages_skip_up_to=None, packages_start=None, packages_up_to=None, packages_up_to_regex=None, parallel_workers=12, paths=None, symlink_install=False, test_result_base=None, verb_extension=<colcon_core.verb.build.BuildVerb object at 0x7efda20454f0>, verb_name='build', verb_parser=<colcon_defaults.argument_parser.defaults.DefaultArgumentsDecorator object at 0x7efda2045940>)
[0.642s] Level 1:colcon.colcon_core.package_discovery:discover_packages(colcon_meta) check parameters
[0.642s] Level 1:colcon.colcon_core.package_discovery:discover_packages(recursive) check parameters
[0.642s] Level 1:colcon.colcon_core.package_discovery:discover_packages(ignore) check parameters
[0.642s] Level 1:colcon.colcon_core.package_discovery:discover_packages(path) check parameters
[0.642s] Level 1:colcon.colcon_core.package_discovery:discover_packages(colcon_meta) discover
[0.642s] Level 1:colcon.colcon_core.package_discovery:discover_packages(recursive) discover
[0.642s] INFO:colcon.colcon_core.package_discovery:Crawling recursively for packages in '/home/kareem/ros2_ws'
[0.642s] Level 1:colcon.colcon_core.package_identification:_identify(.) by extensions ['ignore', 'ignore_ament_install']
[0.643s] Level 1:colcon.colcon_core.package_identification:_identify(.) by extension 'ignore'
[0.643s] Level 1:colcon.colcon_core.package_identification:_identify(.) by extension 'ignore_ament_install'
[0.643s] Level 1:colcon.colcon_core.package_identification:_identify(.) by extensions ['colcon_pkg']
[0.643s] Level 1:colcon.colcon_core.package_identification:_identify(.) by extension 'colcon_pkg'
[0.643s] Level 1:colcon.colcon_core.package_identification:_identify(.) by extensions ['colcon_meta']
[0.643s] Level 1:colcon.colcon_core.package_identification:_identify(.) by extension 'colcon_meta'
[0.643s] Level 1:colcon.colcon_core.package_identification:_identify(.) by extensions ['ros']
[0.643s] Level 1:colcon.colcon_core.package_identification:_identify(.) by extension 'ros'
[0.651s] Level 1:colcon.colcon_core.package_identification:_identify(.) by extensions ['cmake', 'python']
[0.651s] Level 1:colcon.colcon_core.package_identification:_identify(.) by extension 'cmake'
[0.651s] Level 1:colcon.colcon_core.package_identification:_identify(.) by extension 'python'
[0.651s] Level 1:colcon.colcon_core.package_identification:_identify(.) by extensions ['python_setup_py']
[0.651s] Level 1:colcon.colcon_core.package_identification:_identify(.) by extension 'python_setup_py'
[0.651s] Level 1:colcon.colcon_core.package_identification:_identify(build) by extensions ['ignore', 'ignore_ament_install']
[0.651s] Level 1:colcon.colcon_core.package_identification:_identify(build) by extension 'ignore'
[0.651s] Level 1:colcon.colcon_core.package_identification:_identify(build) ignored
[0.651s] Level 1:colcon.colcon_core.package_identification:_identify(install) by extensions ['ignore', 'ignore_ament_install']
[0.651s] Level 1:colcon.colcon_core.package_identification:_identify(install) by extension 'ignore'
[0.651s] Level 1:colcon.colcon_core.package_identification:_identify(install) ignored
[0.651s] Level 1:colcon.colcon_core.package_identification:_identify(log) by extensions ['ignore', 'ignore_ament_install']
[0.652s] Level 1:colcon.colcon_core.package_identification:_identify(log) by extension 'ignore'
[0.652s] Level 1:colcon.colcon_core.package_identification:_identify(log) ignored
[0.652s] Level 1:colcon.colcon_core.package_identification:_identify(src) by extensions ['ignore', 'ignore_ament_install']
[0.652s] Level 1:colcon.colcon_core.package_identification:_identify(src) by extension 'ignore'
[0.652s] Level 1:colcon.colcon_core.package_identification:_identify(src) by extension 'ignore_ament_install'
[0.652s] Level 1:colcon.colcon_core.package_identification:_identify(src) by extensions ['colcon_pkg']
[0.652s] Level 1:colcon.colcon_core.package_identification:_identify(src) by extension 'colcon_pkg'
[0.652s] Level 1:colcon.colcon_core.package_identification:_identify(src) by extensions ['colcon_meta']
[0.652s] Level 1:colcon.colcon_core.package_identification:_identify(src) by extension 'colcon_meta'
[0.652s] Level 1:colcon.colcon_core.package_identification:_identify(src) by extensions ['ros']
[0.652s] Level 1:colcon.colcon_core.package_identification:_identify(src) by extension 'ros'
[0.652s] Level 1:colcon.colcon_core.package_identification:_identify(src) by extensions ['cmake', 'python']
[0.652s] Level 1:colcon.colcon_core.package_identification:_identify(src) by extension 'cmake'
[0.652s] Level 1:colcon.colcon_core.package_identification:_identify(src) by extension 'python'
[0.652s] Level 1:colcon.colcon_core.package_identification:_identify(src) by extensions ['python_setup_py']
[0.652s] Level 1:colcon.colcon_core.package_identification:_identify(src) by extension 'python_setup_py'
[0.652s] Level 1:colcon.colcon_core.package_identification:_identify(src/my_robot_description) by extensions ['ignore', 'ignore_ament_install']
[0.652s] Level 1:colcon.colcon_core.package_identification:_identify(src/my_robot_description) by extension 'ignore'
[0.653s] Level 1:colcon.colcon_core.package_identification:_identify(src/my_robot_description) by extension 'ignore_ament_install'
[0.653s] Level 1:colcon.colcon_core.package_identification:_identify(src/my_robot_description) by extensions ['colcon_pkg']
[0.653s] Level 1:colcon.colcon_core.package_identification:_identify(src/my_robot_description) by extension 'colcon_pkg'
[0.653s] Level 1:colcon.colcon_core.package_identification:_identify(src/my_robot_description) by extensions ['colcon_meta']
[0.653s] Level 1:colcon.colcon_core.package_identification:_identify(src/my_robot_description) by extension 'colcon_meta'
[0.653s] Level 1:colcon.colcon_core.package_identification:_identify(src/my_robot_description) by extensions ['ros']
[0.653s] Level 1:colcon.colcon_core.package_identification:_identify(src/my_robot_description) by extension 'ros'
[0.655s] DEBUG:colcon.colcon_core.package_identification:Package 'src/my_robot_description' with type 'ros.ament_cmake' and name 'my_robot_description'
[0.655s] Level 1:colcon.colcon_core.package_discovery:discover_packages(recursive) using defaults
[0.655s] Level 1:colcon.colcon_core.package_discovery:discover_packages(ignore) discover
[0.655s] Level 1:colcon.colcon_core.package_discovery:discover_packages(ignore) using defaults
[0.655s] Level 1:colcon.colcon_core.package_discovery:discover_packages(path) discover
[0.655s] Level 1:colcon.colcon_core.package_discovery:discover_packages(path) using defaults
[0.667s] Level 1:colcon.colcon_core.package_discovery:discover_packages(prefix_path) check parameters
[0.667s] Level 1:colcon.colcon_core.package_discovery:discover_packages(prefix_path) discover
[0.669s] Level 1:colcon.colcon_core.package_discovery:discover_packages(prefix_path) using defaults
[0.670s] Level 5:colcon.colcon_core.verb:set package 'my_robot_description' build argument 'cmake_args' from command line to 'None'
[0.670s] Level 5:colcon.colcon_core.verb:set package 'my_robot_description' build argument 'cmake_target' from command line to 'None'
[0.670s] Level 5:colcon.colcon_core.verb:set package 'my_robot_description' build argument 'cmake_target_skip_unavailable' from command line to 'False'
[0.670s] Level 5:colcon.colcon_core.verb:set package 'my_robot_description' build argument 'cmake_clean_cache' from command line to 'False'
[0.670s] Level 5:colcon.colcon_core.verb:set package 'my_robot_description' build argument 'cmake_clean_first' from command line to 'False'
[0.670s] Level 5:colcon.colcon_core.verb:set package 'my_robot_description' build argument 'cmake_force_configure' from command line to 'False'
[0.670s] Level 5:colcon.colcon_core.verb:set package 'my_robot_description' build argument 'ament_cmake_args' from command line to 'None'
[0.670s] Level 5:colcon.colcon_core.verb:set package 'my_robot_description' build argument 'catkin_cmake_args' from command line to 'None'
[0.670s] Level 5:colcon.colcon_core.verb:set package 'my_robot_description' build argument 'catkin_skip_building_tests' from command line to 'False'
[0.670s] DEBUG:colcon.colcon_core.verb:Building package 'my_robot_description' with the following arguments: {'ament_cmake_args': None, 'build_base': '/home/kareem/ros2_ws/build/my_robot_description', 'catkin_cmake_args': None, 'catkin_skip_building_tests': False, 'cmake_args': None, 'cmake_clean_cache': False, 'cmake_clean_first': False, 'cmake_force_configure': False, 'cmake_target': None, 'cmake_target_skip_unavailable': False, 'install_base': '/home/kareem/ros2_ws/install/my_robot_description', 'merge_install': False, 'path': '/home/kareem/ros2_ws/src/my_robot_description', 'symlink_install': False, 'test_result_base': None}
[0.670s] INFO:colcon.colcon_core.executor:Executing jobs using 'parallel' executor
[0.671s] DEBUG:colcon.colcon_parallel_executor.executor.parallel:run_until_complete
[0.671s] INFO:colcon.colcon_ros.task.ament_cmake.build:Building ROS package in '/home/kareem/ros2_ws/src/my_robot_description' with build type 'ament_cmake'
[0.671s] INFO:colcon.colcon_cmake.task.cmake.build:Building CMake package in '/home/kareem/ros2_ws/src/my_robot_description'
[0.686s] INFO:colcon.colcon_core.plugin_system:Skipping extension 'colcon_core.shell.bat': Not used on non-Windows systems
[0.686s] INFO:colcon.colcon_core.shell:Skip shell extension 'powershell' for command environment: Not usable outside of PowerShell
[0.686s] DEBUG:colcon.colcon_core.shell:Skip shell extension 'dsv' for command environment
[0.712s] DEBUG:colcon.colcon_core.event_handler.log_command:Invoking command in '/home/kareem/ros2_ws/build/my_robot_description': /usr/bin/cmake --build /home/kareem/ros2_ws/build/my_robot_description -- -j12 -l12
[1.160s] DEBUG:colcon.colcon_core.event_handler.log_command:Invoked command in '/home/kareem/ros2_ws/build/my_robot_description' returned '2': /usr/bin/cmake --build /home/kareem/ros2_ws/build/my_robot_description -- -j12 -l12
[1.178s] Level 1:colcon.colcon_core.environment:create_environment_scripts_only(my_robot_description)
[1.206s] Level 1:colcon.colcon_core.environment:checking '/home/kareem/ros2_ws/install/my_robot_description' for CMake module files
[1.207s] Level 1:colcon.colcon_core.environment:checking '/home/kareem/ros2_ws/install/my_robot_description' for CMake config files
[1.208s] Level 1:colcon.colcon_core.shell:create_environment_hook('my_robot_description', 'cmake_prefix_path')
[1.208s] INFO:colcon.colcon_core.shell:Creating environment hook '/home/kareem/ros2_ws/install/my_robot_description/share/my_robot_description/hook/cmake_prefix_path.ps1'
[1.214s] INFO:colcon.colcon_core.shell:Creating environment descriptor '/home/kareem/ros2_ws/install/my_robot_description/share/my_robot_description/hook/cmake_prefix_path.dsv'
[1.215s] INFO:colcon.colcon_core.shell:Creating environment hook '/home/kareem/ros2_ws/install/my_robot_description/share/my_robot_description/hook/cmake_prefix_path.sh'
[1.216s] Level 1:colcon.colcon_core.environment:checking '/home/kareem/ros2_ws/install/my_robot_description/bin'
[1.216s] Level 1:colcon.colcon_core.environment:checking '/home/kareem/ros2_ws/install/my_robot_description/lib/pkgconfig/my_robot_description.pc'
[1.225s] Level 1:colcon.colcon_core.environment:checking '/home/kareem/ros2_ws/install/my_robot_description/lib/python3.8/site-packages'
[1.225s] Level 1:colcon.colcon_core.environment:checking '/home/kareem/ros2_ws/install/my_robot_description/bin'
[1.225s] INFO:colcon.colcon_core.shell:Creating package script '/home/kareem/ros2_ws/install/my_robot_description/share/my_robot_description/package.ps1'
[1.227s] INFO:colcon.colcon_core.shell:Creating package descriptor '/home/kareem/ros2_ws/install/my_robot_description/share/my_robot_description/package.dsv'
[1.227s] INFO:colcon.colcon_core.shell:Creating package script '/home/kareem/ros2_ws/install/my_robot_description/share/my_robot_description/package.sh'
[1.228s] INFO:colcon.colcon_core.shell:Creating package script '/home/kareem/ros2_ws/install/my_robot_description/share/my_robot_description/package.bash'
[1.236s] INFO:colcon.colcon_core.shell:Creating package script '/home/kareem/ros2_ws/install/my_robot_description/share/my_robot_description/package.zsh'
[1.244s] Level 1:colcon.colcon_core.environment:create_file_with_runtime_dependencies(/home/kareem/ros2_ws/install/my_robot_description/share/colcon-core/packages/my_robot_description)
[1.254s] DEBUG:colcon.colcon_parallel_executor.executor.parallel:closing loop
[1.254s] DEBUG:colcon.colcon_parallel_executor.executor.parallel:loop closed
[1.255s] DEBUG:colcon.colcon_parallel_executor.executor.parallel:run_until_complete finished with '2'
[1.255s] DEBUG:colcon.colcon_core.event_reactor:joining thread
[1.269s] INFO:colcon.colcon_core.plugin_system:Skipping extension 'colcon_notification.desktop_notification.terminal_notifier': Not used on non-Darwin systems
[1.269s] INFO:colcon.colcon_core.plugin_system:Skipping extension 'colcon_notification.desktop_notification.win32': Not used on non-Windows systems
[1.269s] INFO:colcon.colcon_notification.desktop_notification:Sending desktop notification using 'notify2'
[1.287s] DEBUG:colcon.colcon_core.event_reactor:joined thread
[1.288s] INFO:colcon.colcon_core.shell:Creating prefix script '/home/kareem/ros2_ws/install/local_setup.ps1'
[1.289s] INFO:colcon.colcon_core.shell:Creating prefix util module '/home/kareem/ros2_ws/install/_local_setup_util_ps1.py'
[1.291s] INFO:colcon.colcon_core.shell:Creating prefix chain script '/home/kareem/ros2_ws/install/setup.ps1'
[1.292s] INFO:colcon.colcon_core.shell:Creating prefix script '/home/kareem/ros2_ws/install/local_setup.sh'
[1.293s] INFO:colcon.colcon_core.shell:Creating prefix util module '/home/kareem/ros2_ws/install/_local_setup_util_sh.py'
[1.293s] INFO:colcon.colcon_core.shell:Creating prefix chain script '/home/kareem/ros2_ws/install/setup.sh'
[1.294s] INFO:colcon.colcon_core.shell:Creating prefix script '/home/kareem/ros2_ws/install/local_setup.bash'
[1.295s] INFO:colcon.colcon_core.shell:Creating prefix chain script '/home/kareem/ros2_ws/install/setup.bash'
[1.296s] INFO:colcon.colcon_core.shell:Creating prefix script '/home/kareem/ros2_ws/install/local_setup.zsh'
[1.297s] INFO:colcon.colcon_core.shell:Creating prefix chain script '/home/kareem/ros2_ws/install/setup.zsh'
