[0.013s] Invoking command in '/home/kareem/ros2_ws/build/robot_controller': CMAKE_PREFIX_PATH=/opt/ros/foxy /usr/bin/cmake --build /home/kareem/ros2_ws/build/robot_controller -- -j12 -l12
[0.043s] Invoked command in '/home/kareem/ros2_ws/build/robot_controller' returned '0': CMAKE_PREFIX_PATH=/opt/ros/foxy /usr/bin/cmake --build /home/kareem/ros2_ws/build/robot_controller -- -j12 -l12
[0.071s] Invoking command in '/home/kareem/ros2_ws/build/robot_controller': CMAKE_PREFIX_PATH=/opt/ros/foxy /usr/bin/cmake --install /home/kareem/ros2_ws/build/robot_controller
[0.077s] -- Install configuration: ""
[0.078s] -- Up-to-date: /home/kareem/ros2_ws/install/robot_controller/share/ament_index/resource_index/package_run_dependencies/robot_controller
[0.078s] -- Up-to-date: /home/kareem/ros2_ws/install/robot_controller/share/ament_index/resource_index/parent_prefix_path/robot_controller
[0.078s] -- Up-to-date: /home/kareem/ros2_ws/install/robot_controller/share/robot_controller/environment/ament_prefix_path.sh
[0.078s] -- Up-to-date: /home/kareem/ros2_ws/install/robot_controller/share/robot_controller/environment/ament_prefix_path.dsv
[0.078s] -- Up-to-date: /home/kareem/ros2_ws/install/robot_controller/share/robot_controller/environment/path.sh
[0.078s] -- Up-to-date: /home/kareem/ros2_ws/install/robot_controller/share/robot_controller/environment/path.dsv
[0.078s] -- Up-to-date: /home/kareem/ros2_ws/install/robot_controller/share/robot_controller/local_setup.bash
[0.078s] -- Up-to-date: /home/kareem/ros2_ws/install/robot_controller/share/robot_controller/local_setup.sh
[0.078s] -- Up-to-date: /home/kareem/ros2_ws/install/robot_controller/share/robot_controller/local_setup.zsh
[0.079s] -- Up-to-date: /home/kareem/ros2_ws/install/robot_controller/share/robot_controller/local_setup.dsv
[0.079s] -- Up-to-date: /home/kareem/ros2_ws/install/robot_controller/share/robot_controller/package.dsv
[0.079s] -- Up-to-date: /home/kareem/ros2_ws/install/robot_controller/share/ament_index/resource_index/packages/robot_controller
[0.079s] -- Up-to-date: /home/kareem/ros2_ws/install/robot_controller/share/robot_controller/cmake/robot_controllerConfig.cmake
[0.079s] -- Up-to-date: /home/kareem/ros2_ws/install/robot_controller/share/robot_controller/cmake/robot_controllerConfig-version.cmake
[0.079s] -- Up-to-date: /home/kareem/ros2_ws/install/robot_controller/share/robot_controller/package.xml
[0.080s] Invoked command in '/home/kareem/ros2_ws/build/robot_controller' returned '0': CMAKE_PREFIX_PATH=/opt/ros/foxy /usr/bin/cmake --install /home/kareem/ros2_ws/build/robot_controller
