[0.059s] Invoking command in '/home/kareem/ros2_ws/build/my_robot_description': CMAKE_PREFIX_PATH=${CMAKE_PREFIX_PATH}:/opt/ros/foxy /usr/bin/cmake --build /home/kareem/ros2_ws/build/my_robot_description -- -j12 -l12
[0.782s] Invoked command in '/home/kareem/ros2_ws/build/my_robot_description' returned '0': CMAKE_PREFIX_PATH=${CMAKE_PREFIX_PATH}:/opt/ros/foxy /usr/bin/cmake --build /home/kareem/ros2_ws/build/my_robot_description -- -j12 -l12
[0.811s] Invoking command in '/home/kareem/ros2_ws/build/my_robot_description': CMAKE_PREFIX_PATH=${CMAKE_PREFIX_PATH}:/opt/ros/foxy /usr/bin/cmake --install /home/kareem/ros2_ws/build/my_robot_description
[0.913s] -- Install configuration: ""
[0.913s] -- Up-to-date: /home/kareem/ros2_ws/install/my_robot_description/share/my_robot_description/meshes
[0.913s] -- Up-to-date: /home/kareem/ros2_ws/install/my_robot_description/share/my_robot_description/meshes/r_caster.stl
[0.913s] -- Up-to-date: /home/kareem/ros2_ws/install/my_robot_description/share/my_robot_description/meshes/f_body.stl
[0.913s] -- Up-to-date: /home/kareem/ros2_ws/install/my_robot_description/share/my_robot_description/meshes/f_r_wheel.stl
[0.913s] -- Up-to-date: /home/kareem/ros2_ws/install/my_robot_description/share/my_robot_description/meshes/f_caster.stl
[0.913s] -- Up-to-date: /home/kareem/ros2_ws/install/my_robot_description/share/my_robot_description/meshes/f_l_wheel.stl
[0.913s] -- Up-to-date: /home/kareem/ros2_ws/install/my_robot_description/share/my_robot_description/urdf
[0.914s] -- Up-to-date: /home/kareem/ros2_ws/install/my_robot_description/share/my_robot_description/urdf/robot_description2.urdf.xacro
[0.914s] -- Up-to-date: /home/kareem/ros2_ws/install/my_robot_description/share/my_robot_description/urdf/robot_description_gazebo.xacro
[0.914s] -- Up-to-date: /home/kareem/ros2_ws/install/my_robot_description/share/my_robot_description/urdf/robot_description.urdf.xacro
[0.914s] -- Up-to-date: /home/kareem/ros2_ws/install/my_robot_description/share/my_robot_description/launch
[0.914s] -- Up-to-date: /home/kareem/ros2_ws/install/my_robot_description/share/my_robot_description/launch/double.launch.py
[0.914s] -- Up-to-date: /home/kareem/ros2_ws/install/my_robot_description/share/my_robot_description/launch/multi_robot.launch.py
[0.914s] -- Up-to-date: /home/kareem/ros2_ws/install/my_robot_description/share/my_robot_description/launch/display.launch.py
[0.914s] -- Installing: /home/kareem/ros2_ws/install/my_robot_description/share/my_robot_description/launch/forloop_multi.launch.py
[0.914s] -- Up-to-date: /home/kareem/ros2_ws/install/my_robot_description/share/my_robot_description/launch/gazebo.launch.py
[0.914s] -- Up-to-date: /home/kareem/ros2_ws/install/my_robot_description/share/ament_index/resource_index/package_run_dependencies/my_robot_description
[0.915s] -- Up-to-date: /home/kareem/ros2_ws/install/my_robot_description/share/ament_index/resource_index/parent_prefix_path/my_robot_description
[0.915s] -- Up-to-date: /home/kareem/ros2_ws/install/my_robot_description/share/my_robot_description/environment/ament_prefix_path.sh
[0.915s] -- Up-to-date: /home/kareem/ros2_ws/install/my_robot_description/share/my_robot_description/environment/ament_prefix_path.dsv
[0.915s] -- Up-to-date: /home/kareem/ros2_ws/install/my_robot_description/share/my_robot_description/environment/path.sh
[0.915s] -- Up-to-date: /home/kareem/ros2_ws/install/my_robot_description/share/my_robot_description/environment/path.dsv
[0.915s] -- Up-to-date: /home/kareem/ros2_ws/install/my_robot_description/share/my_robot_description/local_setup.bash
[0.915s] -- Up-to-date: /home/kareem/ros2_ws/install/my_robot_description/share/my_robot_description/local_setup.sh
[0.915s] -- Up-to-date: /home/kareem/ros2_ws/install/my_robot_description/share/my_robot_description/local_setup.zsh
[0.915s] -- Up-to-date: /home/kareem/ros2_ws/install/my_robot_description/share/my_robot_description/local_setup.dsv
[0.915s] -- Installing: /home/kareem/ros2_ws/install/my_robot_description/share/my_robot_description/package.dsv
[0.981s] -- Up-to-date: /home/kareem/ros2_ws/install/my_robot_description/share/ament_index/resource_index/packages/my_robot_description
[0.981s] -- Up-to-date: /home/kareem/ros2_ws/install/my_robot_description/share/my_robot_description/cmake/my_robot_descriptionConfig.cmake
[0.981s] -- Up-to-date: /home/kareem/ros2_ws/install/my_robot_description/share/my_robot_description/cmake/my_robot_descriptionConfig-version.cmake
[0.981s] -- Up-to-date: /home/kareem/ros2_ws/install/my_robot_description/share/my_robot_description/package.xml
[1.212s] Invoked command in '/home/kareem/ros2_ws/build/my_robot_description' returned '0': CMAKE_PREFIX_PATH=${CMAKE_PREFIX_PATH}:/opt/ros/foxy /usr/bin/cmake --install /home/kareem/ros2_ws/build/my_robot_description
