[0.016s] Invoking command in '/home/kareem/ros2_ws/build/nav': CMAKE_PREFIX_PATH=${CMAKE_PREFIX_PATH}:/opt/ros/foxy /usr/bin/cmake --build /home/kareem/ros2_ws/build/nav -- -j12 -l12
[0.048s] Invoked command in '/home/kareem/ros2_ws/build/nav' returned '0': CMAKE_PREFIX_PATH=${CMAKE_PREFIX_PATH}:/opt/ros/foxy /usr/bin/cmake --build /home/kareem/ros2_ws/build/nav -- -j12 -l12
[0.073s] Invoking command in '/home/kareem/ros2_ws/build/nav': CMAKE_PREFIX_PATH=${CMAKE_PREFIX_PATH}:/opt/ros/foxy /usr/bin/cmake --install /home/kareem/ros2_ws/build/nav
[0.082s] -- Install configuration: ""
[0.082s] -- Up-to-date: /home/kareem/ros2_ws/install/nav/share/nav/launch
[0.083s] -- Up-to-date: /home/kareem/ros2_ws/install/nav/share/nav/launch/mapping.launch.py
[0.083s] -- Up-to-date: /home/kareem/ros2_ws/install/nav/share/nav/config
[0.083s] -- Up-to-date: /home/kareem/ros2_ws/install/nav/share/nav/config/cartographer.lua
[0.084s] -- Up-to-date: /home/kareem/ros2_ws/install/nav/share/ament_index/resource_index/package_run_dependencies/nav
[0.084s] -- Up-to-date: /home/kareem/ros2_ws/install/nav/share/ament_index/resource_index/parent_prefix_path/nav
[0.084s] -- Up-to-date: /home/kareem/ros2_ws/install/nav/share/nav/environment/ament_prefix_path.sh
[0.084s] -- Up-to-date: /home/kareem/ros2_ws/install/nav/share/nav/environment/ament_prefix_path.dsv
[0.084s] -- Up-to-date: /home/kareem/ros2_ws/install/nav/share/nav/environment/path.sh
[0.085s] -- Up-to-date: /home/kareem/ros2_ws/install/nav/share/nav/environment/path.dsv
[0.085s] -- Up-to-date: /home/kareem/ros2_ws/install/nav/share/nav/local_setup.bash
[0.085s] -- Up-to-date: /home/kareem/ros2_ws/install/nav/share/nav/local_setup.sh
[0.086s] -- Up-to-date: /home/kareem/ros2_ws/install/nav/share/nav/local_setup.zsh
[0.086s] -- Up-to-date: /home/kareem/ros2_ws/install/nav/share/nav/local_setup.dsv
[0.086s] -- Up-to-date: /home/kareem/ros2_ws/install/nav/share/nav/package.dsv
[0.086s] -- Up-to-date: /home/kareem/ros2_ws/install/nav/share/ament_index/resource_index/packages/nav
[0.086s] -- Up-to-date: /home/kareem/ros2_ws/install/nav/share/nav/cmake/navConfig.cmake
[0.086s] -- Up-to-date: /home/kareem/ros2_ws/install/nav/share/nav/cmake/navConfig-version.cmake
[0.087s] -- Up-to-date: /home/kareem/ros2_ws/install/nav/share/nav/package.xml
[0.096s] Invoked command in '/home/kareem/ros2_ws/build/nav' returned '0': CMAKE_PREFIX_PATH=${CMAKE_PREFIX_PATH}:/opt/ros/foxy /usr/bin/cmake --install /home/kareem/ros2_ws/build/nav
