[0.050s] Invoking command in '/home/kareem/ros2_ws/build/robot_controller': CMAKE_PREFIX_PATH=/opt/ros/foxy /usr/bin/cmake /home/kareem/ros2_ws/src/robot_controller -DCMAKE_INSTALL_PREFIX=/home/kareem/ros2_ws/install/robot_controller
[0.947s] -- The C compiler identification is GNU 9.4.0
[1.513s] -- The CXX compiler identification is GNU 9.4.0
[1.544s] -- Check for working C compiler: /usr/bin/cc
[1.621s] -- Check for working C compiler: /usr/bin/cc -- works
[1.622s] -- Detecting C compiler ABI info
[1.711s] -- Detecting C compiler ABI info - done
[1.726s] -- Detecting C compile features
[1.736s] -- Detecting C compile features - done
[1.740s] -- Check for working CXX compiler: /usr/bin/c++
[1.814s] -- Check for working CXX compiler: /usr/bin/c++ -- works
[1.816s] -- Detecting CXX compiler ABI info
[1.893s] -- Detecting CXX compiler ABI info - done
[1.908s] -- Detecting CXX compile features
[1.909s] -- Detecting CXX compile features - done
[1.937s] -- Found ament_cmake: 0.9.12 (/opt/ros/foxy/share/ament_cmake/cmake)
[2.000s] -- Found PythonInterp: /usr/bin/python3 (found suitable version "3.8.10", minimum required is "3") 
[2.000s] -- Using PYTHON_EXECUTABLE: /usr/bin/python3
[2.359s] -- Found ament_lint_auto: 0.9.8 (/opt/ros/foxy/share/ament_lint_auto/cmake)
[2.578s] -- Added test 'copyright' to check source files copyright and LICENSE
[2.588s] -- Added test 'lint_cmake' to check CMake code style
[2.605s] -- Added test 'xmllint' to check XML markup files
[2.608s] -- Configuring done
[2.610s] -- Generating done
[2.611s] -- Build files have been written to: /home/kareem/ros2_ws/build/robot_controller
[2.615s] Invoked command in '/home/kareem/ros2_ws/build/robot_controller' returned '0': CMAKE_PREFIX_PATH=/opt/ros/foxy /usr/bin/cmake /home/kareem/ros2_ws/src/robot_controller -DCMAKE_INSTALL_PREFIX=/home/kareem/ros2_ws/install/robot_controller
[2.618s] Invoking command in '/home/kareem/ros2_ws/build/robot_controller': CMAKE_PREFIX_PATH=/opt/ros/foxy /usr/bin/cmake --build /home/kareem/ros2_ws/build/robot_controller -- -j12 -l12
[2.654s] Invoked command in '/home/kareem/ros2_ws/build/robot_controller' returned '0': CMAKE_PREFIX_PATH=/opt/ros/foxy /usr/bin/cmake --build /home/kareem/ros2_ws/build/robot_controller -- -j12 -l12
[2.678s] Invoking command in '/home/kareem/ros2_ws/build/robot_controller': CMAKE_PREFIX_PATH=/opt/ros/foxy /usr/bin/cmake --install /home/kareem/ros2_ws/build/robot_controller
[2.689s] -- Install configuration: ""
[2.690s] -- Installing: /home/kareem/ros2_ws/install/robot_controller/share/ament_index/resource_index/package_run_dependencies/robot_controller
[2.690s] -- Installing: /home/kareem/ros2_ws/install/robot_controller/share/ament_index/resource_index/parent_prefix_path/robot_controller
[2.690s] -- Installing: /home/kareem/ros2_ws/install/robot_controller/share/robot_controller/environment/ament_prefix_path.sh
[2.690s] -- Installing: /home/kareem/ros2_ws/install/robot_controller/share/robot_controller/environment/ament_prefix_path.dsv
[2.690s] -- Installing: /home/kareem/ros2_ws/install/robot_controller/share/robot_controller/environment/path.sh
[2.690s] -- Installing: /home/kareem/ros2_ws/install/robot_controller/share/robot_controller/environment/path.dsv
[2.691s] -- Installing: /home/kareem/ros2_ws/install/robot_controller/share/robot_controller/local_setup.bash
[2.691s] -- Installing: /home/kareem/ros2_ws/install/robot_controller/share/robot_controller/local_setup.sh
[2.691s] -- Installing: /home/kareem/ros2_ws/install/robot_controller/share/robot_controller/local_setup.zsh
[2.691s] -- Installing: /home/kareem/ros2_ws/install/robot_controller/share/robot_controller/local_setup.dsv
[2.691s] -- Installing: /home/kareem/ros2_ws/install/robot_controller/share/robot_controller/package.dsv
[2.691s] -- Installing: /home/kareem/ros2_ws/install/robot_controller/share/ament_index/resource_index/packages/robot_controller
[2.691s] -- Installing: /home/kareem/ros2_ws/install/robot_controller/share/robot_controller/cmake/robot_controllerConfig.cmake
[2.692s] -- Installing: /home/kareem/ros2_ws/install/robot_controller/share/robot_controller/cmake/robot_controllerConfig-version.cmake
[2.692s] -- Installing: /home/kareem/ros2_ws/install/robot_controller/share/robot_controller/package.xml
[2.694s] Invoked command in '/home/kareem/ros2_ws/build/robot_controller' returned '0': CMAKE_PREFIX_PATH=/opt/ros/foxy /usr/bin/cmake --install /home/kareem/ros2_ws/build/robot_controller
