-- Install configuration: ""
-- Up-to-date: /home/kareem/ros2_ws/install/nav/share/nav/launch
-- Up-to-date: /home/kareem/ros2_ws/install/nav/share/nav/launch/localization.launch.py
-- Up-to-date: /home/kareem/ros2_ws/install/nav/share/nav/launch/navigation.launch.py
-- Up-to-date: /home/kareem/ros2_ws/install/nav/share/nav/launch/mapping.launch.py
-- Up-to-date: /home/kareem/ros2_ws/install/nav/share/nav/config
-- Up-to-date: /home/kareem/ros2_ws/install/nav/share/nav/config/cartographer.lua
-- Installing: /home/kareem/ros2_ws/install/nav/share/nav/config/amcl_config.yaml
-- Up-to-date: /home/kareem/ros2_ws/install/nav/share/nav/config/map1.pgm
-- Up-to-date: /home/kareem/ros2_ws/install/nav/share/nav/config/behavior.xml
-- Up-to-date: /home/kareem/ros2_ws/install/nav/share/nav/config/ekf.yaml
-- Up-to-date: /home/kareem/ros2_ws/install/nav/share/nav/config/recovery.yaml
-- Up-to-date: /home/kareem/ros2_ws/install/nav/share/nav/config/planner_server.yaml
-- Up-to-date: /home/kareem/ros2_ws/install/nav/share/nav/config/bt_navigator.yaml
-- Up-to-date: /home/kareem/ros2_ws/install/nav/share/nav/config/map1.yaml
-- Up-to-date: /home/kareem/ros2_ws/install/nav/share/nav/config/controller.yaml
-- Up-to-date: /home/kareem/ros2_ws/install/nav/share/ament_index/resource_index/package_run_dependencies/nav
-- Up-to-date: /home/kareem/ros2_ws/install/nav/share/ament_index/resource_index/parent_prefix_path/nav
-- Up-to-date: /home/kareem/ros2_ws/install/nav/share/nav/environment/ament_prefix_path.sh
-- Up-to-date: /home/kareem/ros2_ws/install/nav/share/nav/environment/ament_prefix_path.dsv
-- Up-to-date: /home/kareem/ros2_ws/install/nav/share/nav/environment/path.sh
-- Up-to-date: /home/kareem/ros2_ws/install/nav/share/nav/environment/path.dsv
-- Up-to-date: /home/kareem/ros2_ws/install/nav/share/nav/local_setup.bash
-- Up-to-date: /home/kareem/ros2_ws/install/nav/share/nav/local_setup.sh
-- Up-to-date: /home/kareem/ros2_ws/install/nav/share/nav/local_setup.zsh
-- Up-to-date: /home/kareem/ros2_ws/install/nav/share/nav/local_setup.dsv
-- Installing: /home/kareem/ros2_ws/install/nav/share/nav/package.dsv
-- Up-to-date: /home/kareem/ros2_ws/install/nav/share/ament_index/resource_index/packages/nav
-- Up-to-date: /home/kareem/ros2_ws/install/nav/share/nav/cmake/navConfig.cmake
-- Up-to-date: /home/kareem/ros2_ws/install/nav/share/nav/cmake/navConfig-version.cmake
-- Up-to-date: /home/kareem/ros2_ws/install/nav/share/nav/package.xml
