-- Install configuration: ""
-- Up-to-date: /home/kareem/ros2_ws/install/my_robot_description/share/my_robot_description/meshes
-- Up-to-date: /home/kareem/ros2_ws/install/my_robot_description/share/my_robot_description/meshes/r_caster.stl
-- Up-to-date: /home/kareem/ros2_ws/install/my_robot_description/share/my_robot_description/meshes/f_body.stl
-- Up-to-date: /home/kareem/ros2_ws/install/my_robot_description/share/my_robot_description/meshes/f_r_wheel.stl
-- Up-to-date: /home/kareem/ros2_ws/install/my_robot_description/share/my_robot_description/meshes/f_caster.stl
-- Up-to-date: /home/kareem/ros2_ws/install/my_robot_description/share/my_robot_description/meshes/f_l_wheel.stl
-- Up-to-date: /home/kareem/ros2_ws/install/my_robot_description/share/my_robot_description/urdf
-- Up-to-date: /home/kareem/ros2_ws/install/my_robot_description/share/my_robot_description/urdf/robot_description2.urdf.xacro
-- Up-to-date: /home/kareem/ros2_ws/install/my_robot_description/share/my_robot_description/urdf/robot_description_gazebo.xacro
-- Up-to-date: /home/kareem/ros2_ws/install/my_robot_description/share/my_robot_description/urdf/robot_description.urdf.xacro
-- Up-to-date: /home/kareem/ros2_ws/install/my_robot_description/share/my_robot_description/launch
-- Up-to-date: /home/kareem/ros2_ws/install/my_robot_description/share/my_robot_description/launch/multi_robot_simulation.launch.py
-- Up-to-date: /home/kareem/ros2_ws/install/my_robot_description/share/my_robot_description/launch/double.launch.py
-- Up-to-date: /home/kareem/ros2_ws/install/my_robot_description/share/my_robot_description/launch/multi_robot.launch.py
-- Up-to-date: /home/kareem/ros2_ws/install/my_robot_description/share/my_robot_description/launch/gazebo2.launch.py
-- Up-to-date: /home/kareem/ros2_ws/install/my_robot_description/share/my_robot_description/launch/display.launch.py
-- Up-to-date: /home/kareem/ros2_ws/install/my_robot_description/share/my_robot_description/launch/forloop_multi.launch.py
-- Installing: /home/kareem/ros2_ws/install/my_robot_description/share/my_robot_description/launch/gazebo.launch.py
-- Up-to-date: /home/kareem/ros2_ws/install/my_robot_description/share/ament_index/resource_index/package_run_dependencies/my_robot_description
-- Up-to-date: /home/kareem/ros2_ws/install/my_robot_description/share/ament_index/resource_index/parent_prefix_path/my_robot_description
-- Up-to-date: /home/kareem/ros2_ws/install/my_robot_description/share/my_robot_description/environment/ament_prefix_path.sh
-- Up-to-date: /home/kareem/ros2_ws/install/my_robot_description/share/my_robot_description/environment/ament_prefix_path.dsv
-- Up-to-date: /home/kareem/ros2_ws/install/my_robot_description/share/my_robot_description/environment/path.sh
-- Up-to-date: /home/kareem/ros2_ws/install/my_robot_description/share/my_robot_description/environment/path.dsv
-- Up-to-date: /home/kareem/ros2_ws/install/my_robot_description/share/my_robot_description/local_setup.bash
-- Up-to-date: /home/kareem/ros2_ws/install/my_robot_description/share/my_robot_description/local_setup.sh
-- Up-to-date: /home/kareem/ros2_ws/install/my_robot_description/share/my_robot_description/local_setup.zsh
-- Up-to-date: /home/kareem/ros2_ws/install/my_robot_description/share/my_robot_description/local_setup.dsv
-- Installing: /home/kareem/ros2_ws/install/my_robot_description/share/my_robot_description/package.dsv
-- Up-to-date: /home/kareem/ros2_ws/install/my_robot_description/share/ament_index/resource_index/packages/my_robot_description
-- Up-to-date: /home/kareem/ros2_ws/install/my_robot_description/share/my_robot_description/cmake/my_robot_descriptionConfig.cmake
-- Up-to-date: /home/kareem/ros2_ws/install/my_robot_description/share/my_robot_description/cmake/my_robot_descriptionConfig-version.cmake
-- Up-to-date: /home/kareem/ros2_ws/install/my_robot_description/share/my_robot_description/package.xml
