[1.251s] Invoking command in '/home/kareem/ros2_ws/build/nav': /usr/bin/cmake --build /home/kareem/ros2_ws/build/nav -- -j12 -l12
[1.283s] Invoked command in '/home/kareem/ros2_ws/build/nav' returned '0': /usr/bin/cmake --build /home/kareem/ros2_ws/build/nav -- -j12 -l12
[1.317s] Invoking command in '/home/kareem/ros2_ws/build/nav': /usr/bin/cmake --install /home/kareem/ros2_ws/build/nav
[1.324s] -- Install configuration: ""
[1.325s] -- Up-to-date: /home/kareem/ros2_ws/install/nav/share/nav/launch
[1.325s] -- Up-to-date: /home/kareem/ros2_ws/install/nav/share/nav/launch/localization.launch.py
[1.325s] -- Up-to-date: /home/kareem/ros2_ws/install/nav/share/nav/launch/navigation.launch.py
[1.325s] -- Up-to-date: /home/kareem/ros2_ws/install/nav/share/nav/launch/mapping.launch.py
[1.325s] -- Up-to-date: /home/kareem/ros2_ws/install/nav/share/nav/config
[1.325s] -- Up-to-date: /home/kareem/ros2_ws/install/nav/share/nav/config/cartographer.lua
[1.325s] -- Up-to-date: /home/kareem/ros2_ws/install/nav/share/nav/config/amcl_config.yaml
[1.326s] -- Up-to-date: /home/kareem/ros2_ws/install/nav/share/nav/config/map1.pgm
[1.326s] -- Up-to-date: /home/kareem/ros2_ws/install/nav/share/nav/config/behavior.xml
[1.326s] -- Up-to-date: /home/kareem/ros2_ws/install/nav/share/nav/config/recovery.yaml
[1.326s] -- Up-to-date: /home/kareem/ros2_ws/install/nav/share/nav/config/planner_server.yaml
[1.326s] -- Up-to-date: /home/kareem/ros2_ws/install/nav/share/nav/config/bt_navigator.yaml
[1.326s] -- Up-to-date: /home/kareem/ros2_ws/install/nav/share/nav/config/map1.yaml
[1.326s] -- Up-to-date: /home/kareem/ros2_ws/install/nav/share/nav/config/controller.yaml
[1.326s] -- Up-to-date: /home/kareem/ros2_ws/install/nav/share/ament_index/resource_index/package_run_dependencies/nav
[1.326s] -- Up-to-date: /home/kareem/ros2_ws/install/nav/share/ament_index/resource_index/parent_prefix_path/nav
[1.326s] -- Up-to-date: /home/kareem/ros2_ws/install/nav/share/nav/environment/ament_prefix_path.sh
[1.327s] -- Up-to-date: /home/kareem/ros2_ws/install/nav/share/nav/environment/ament_prefix_path.dsv
[1.327s] -- Up-to-date: /home/kareem/ros2_ws/install/nav/share/nav/environment/path.sh
[1.327s] -- Up-to-date: /home/kareem/ros2_ws/install/nav/share/nav/environment/path.dsv
[1.327s] -- Up-to-date: /home/kareem/ros2_ws/install/nav/share/nav/local_setup.bash
[1.327s] -- Up-to-date: /home/kareem/ros2_ws/install/nav/share/nav/local_setup.sh
[1.327s] -- Up-to-date: /home/kareem/ros2_ws/install/nav/share/nav/local_setup.zsh
[1.327s] -- Up-to-date: /home/kareem/ros2_ws/install/nav/share/nav/local_setup.dsv
[1.327s] -- Installing: /home/kareem/ros2_ws/install/nav/share/nav/package.dsv
[1.327s] -- Up-to-date: /home/kareem/ros2_ws/install/nav/share/ament_index/resource_index/packages/nav
[1.327s] -- Up-to-date: /home/kareem/ros2_ws/install/nav/share/nav/cmake/navConfig.cmake
[1.327s] -- Up-to-date: /home/kareem/ros2_ws/install/nav/share/nav/cmake/navConfig-version.cmake
[1.328s] -- Up-to-date: /home/kareem/ros2_ws/install/nav/share/nav/package.xml
[1.758s] Invoked command in '/home/kareem/ros2_ws/build/nav' returned '0': /usr/bin/cmake --install /home/kareem/ros2_ws/build/nav
