[0.035s] Invoking command in '/home/kareem/ros2_ws/build/nav': CMAKE_PREFIX_PATH=/opt/ros/foxy /usr/bin/cmake /home/kareem/ros2_ws/src/nav -DCMAKE_INSTALL_PREFIX=/home/kareem/ros2_ws/install/nav
[0.860s] -- The C compiler identification is GNU 9.4.0
[1.430s] -- The CXX compiler identification is GNU 9.4.0
[1.444s] -- Check for working C compiler: /usr/bin/cc
[1.524s] -- Check for working C compiler: /usr/bin/cc -- works
[1.525s] -- Detecting C compiler ABI info
[1.613s] -- Detecting C compiler ABI info - done
[1.622s] -- Detecting C compile features
[1.630s] -- Detecting C compile features - done
[1.633s] -- Check for working CXX compiler: /usr/bin/c++
[1.713s] -- Check for working CXX compiler: /usr/bin/c++ -- works
[1.714s] -- Detecting CXX compiler ABI info
[1.799s] -- Detecting CXX compiler ABI info - done
[1.812s] -- Detecting CXX compile features
[1.812s] -- Detecting CXX compile features - done
[1.839s] -- Found ament_cmake: 0.9.12 (/opt/ros/foxy/share/ament_cmake/cmake)
[1.894s] -- Found PythonInterp: /usr/bin/python3 (found suitable version "3.8.10", minimum required is "3") 
[1.894s] -- Using PYTHON_EXECUTABLE: /usr/bin/python3
[2.224s] -- Found rclcpp: 2.4.3 (/opt/ros/foxy/share/rclcpp/cmake)
[2.461s] -- Using all available rosidl_typesupport_c: rosidl_typesupport_fastrtps_c;rosidl_typesupport_introspection_c
[2.502s] -- Found rosidl_adapter: 1.3.1 (/opt/ros/foxy/share/rosidl_adapter/cmake)
[2.829s] -- Found OpenSSL: /usr/lib/x86_64-linux-gnu/libcrypto.so (found version "1.1.1f")  
[2.902s] -- Found FastRTPS: /opt/ros/foxy/include  
[3.100s] -- Using all available rosidl_typesupport_cpp: rosidl_typesupport_fastrtps_cpp;rosidl_typesupport_introspection_cpp
[3.219s] -- Found rmw_implementation_cmake: 1.0.4 (/opt/ros/foxy/share/rmw_implementation_cmake/cmake)
[3.222s] -- Using RMW implementation 'rmw_fastrtps_cpp' as default
[3.224s] -- Looking for pthread.h
[3.402s] -- Looking for pthread.h - found
[3.402s] -- Performing Test CMAKE_HAVE_LIBC_PTHREAD
[3.468s] -- Performing Test CMAKE_HAVE_LIBC_PTHREAD - Failed
[3.468s] -- Looking for pthread_create in pthreads
[3.541s] -- Looking for pthread_create in pthreads - not found
[3.542s] -- Looking for pthread_create in pthread
[3.606s] -- Looking for pthread_create in pthread - found
[3.608s] -- Found Threads: TRUE  
[3.928s] -- Found ament_lint_auto: 0.9.8 (/opt/ros/foxy/share/ament_lint_auto/cmake)
[4.138s] -- Added test 'copyright' to check source files copyright and LICENSE
[4.147s] -- Added test 'flake8' to check Python code syntax and style conventions
[4.148s] -- Added test 'lint_cmake' to check CMake code style
[4.154s] -- Added test 'pep257' to check Python code against some of the style conventions in PEP 257
[4.173s] -- Added test 'xmllint' to check XML markup files
[4.178s] -- Configuring done
[4.181s] -- Generating done
[4.182s] -- Build files have been written to: /home/kareem/ros2_ws/build/nav
[4.190s] Invoked command in '/home/kareem/ros2_ws/build/nav' returned '0': CMAKE_PREFIX_PATH=/opt/ros/foxy /usr/bin/cmake /home/kareem/ros2_ws/src/nav -DCMAKE_INSTALL_PREFIX=/home/kareem/ros2_ws/install/nav
[4.193s] Invoking command in '/home/kareem/ros2_ws/build/nav': CMAKE_PREFIX_PATH=/opt/ros/foxy /usr/bin/cmake --build /home/kareem/ros2_ws/build/nav -- -j12 -l12
[4.236s] Invoked command in '/home/kareem/ros2_ws/build/nav' returned '0': CMAKE_PREFIX_PATH=/opt/ros/foxy /usr/bin/cmake --build /home/kareem/ros2_ws/build/nav -- -j12 -l12
[4.256s] Invoking command in '/home/kareem/ros2_ws/build/nav': CMAKE_PREFIX_PATH=/opt/ros/foxy /usr/bin/cmake --install /home/kareem/ros2_ws/build/nav
[4.261s] -- Install configuration: ""
[4.261s] -- Installing: /home/kareem/ros2_ws/install/nav/share/ament_index/resource_index/package_run_dependencies/nav
[4.261s] -- Installing: /home/kareem/ros2_ws/install/nav/share/ament_index/resource_index/parent_prefix_path/nav
[4.261s] -- Installing: /home/kareem/ros2_ws/install/nav/share/nav/environment/ament_prefix_path.sh
[4.262s] -- Installing: /home/kareem/ros2_ws/install/nav/share/nav/environment/ament_prefix_path.dsv
[4.262s] -- Installing: /home/kareem/ros2_ws/install/nav/share/nav/environment/path.sh
[4.262s] -- Installing: /home/kareem/ros2_ws/install/nav/share/nav/environment/path.dsv
[4.262s] -- Installing: /home/kareem/ros2_ws/install/nav/share/nav/local_setup.bash
[4.262s] -- Installing: /home/kareem/ros2_ws/install/nav/share/nav/local_setup.sh
[4.262s] -- Installing: /home/kareem/ros2_ws/install/nav/share/nav/local_setup.zsh
[4.262s] -- Installing: /home/kareem/ros2_ws/install/nav/share/nav/local_setup.dsv
[4.263s] -- Installing: /home/kareem/ros2_ws/install/nav/share/nav/package.dsv
[4.263s] -- Installing: /home/kareem/ros2_ws/install/nav/share/ament_index/resource_index/packages/nav
[4.263s] -- Installing: /home/kareem/ros2_ws/install/nav/share/nav/cmake/navConfig.cmake
[4.263s] -- Installing: /home/kareem/ros2_ws/install/nav/share/nav/cmake/navConfig-version.cmake
[4.263s] -- Installing: /home/kareem/ros2_ws/install/nav/share/nav/package.xml
[4.264s] Invoked command in '/home/kareem/ros2_ws/build/nav' returned '0': CMAKE_PREFIX_PATH=/opt/ros/foxy /usr/bin/cmake --install /home/kareem/ros2_ws/build/nav
