[0.011s] Invoking command in '/home/kareem/ros2_ws/build/my_robot_description': CMAKE_PREFIX_PATH=/opt/ros/foxy /usr/bin/cmake --build /home/kareem/ros2_ws/build/my_robot_description -- -j12 -l12
[0.052s] -- Found ament_cmake: 0.9.12 (/opt/ros/foxy/share/ament_cmake/cmake)
[0.071s] -- Using PYTHON_EXECUTABLE: /usr/bin/python3
[0.418s] -- Found ament_lint_auto: 0.9.8 (/opt/ros/foxy/share/ament_lint_auto/cmake)
[0.636s] -- Added test 'copyright' to check source files copyright and LICENSE
[0.687s] -- Added test 'flake8' to check Python code syntax and style conventions
[0.689s] -- Added test 'lint_cmake' to check CMake code style
[0.694s] -- Added test 'pep257' to check Python code against some of the style conventions in PEP 257
[0.722s] -- Added test 'xmllint' to check XML markup files
[0.725s] -- Configuring done
[0.771s] -- Generating done
[0.772s] -- Build files have been written to: /home/kareem/ros2_ws/build/my_robot_description
[0.797s] Invoked command in '/home/kareem/ros2_ws/build/my_robot_description' returned '0': CMAKE_PREFIX_PATH=/opt/ros/foxy /usr/bin/cmake --build /home/kareem/ros2_ws/build/my_robot_description -- -j12 -l12
[0.828s] Invoking command in '/home/kareem/ros2_ws/build/my_robot_description': CMAKE_PREFIX_PATH=/opt/ros/foxy /usr/bin/cmake --install /home/kareem/ros2_ws/build/my_robot_description
[0.838s] -- Install configuration: ""
[0.838s] -- Up-to-date: /home/kareem/ros2_ws/install/my_robot_description/share/my_robot_description/meshes
[0.838s] -- Up-to-date: /home/kareem/ros2_ws/install/my_robot_description/share/my_robot_description/meshes/f_body2.stl
[0.838s] -- Up-to-date: /home/kareem/ros2_ws/install/my_robot_description/share/my_robot_description/meshes/f_body.stl
[0.838s] -- Up-to-date: /home/kareem/ros2_ws/install/my_robot_description/share/my_robot_description/meshes/f_r_wheel.stl
[0.838s] -- Up-to-date: /home/kareem/ros2_ws/install/my_robot_description/share/my_robot_description/meshes/f_l_wheel.stl
[0.838s] -- Up-to-date: /home/kareem/ros2_ws/install/my_robot_description/share/my_robot_description/urdf
[0.838s] -- Up-to-date: /home/kareem/ros2_ws/install/my_robot_description/share/my_robot_description/urdf/robot_description_gazebo.xacro
[0.838s] -- Up-to-date: /home/kareem/ros2_ws/install/my_robot_description/share/my_robot_description/urdf/robot_description.urdf.xacro
[0.838s] -- Up-to-date: /home/kareem/ros2_ws/install/my_robot_description/share/my_robot_description/launch
[0.838s] -- Up-to-date: /home/kareem/ros2_ws/install/my_robot_description/share/my_robot_description/launch/my_robot.launch.xml
[0.838s] -- Up-to-date: /home/kareem/ros2_ws/install/my_robot_description/share/my_robot_description/launch/gazebo.launch.xml
[0.838s] -- Installing: /home/kareem/ros2_ws/install/my_robot_description/share/my_robot_description/launch/display.launch.py
[0.838s] -- Installing: /home/kareem/ros2_ws/install/my_robot_description/share/my_robot_description/launch/gazebo.launch.py
[0.838s] -- Installing: /home/kareem/ros2_ws/install/my_robot_description/share/ament_index/resource_index/package_run_dependencies/my_robot_description
[0.839s] -- Installing: /home/kareem/ros2_ws/install/my_robot_description/share/ament_index/resource_index/parent_prefix_path/my_robot_description
[0.839s] -- Up-to-date: /home/kareem/ros2_ws/install/my_robot_description/share/my_robot_description/environment/ament_prefix_path.sh
[0.839s] -- Installing: /home/kareem/ros2_ws/install/my_robot_description/share/my_robot_description/environment/ament_prefix_path.dsv
[0.839s] -- Up-to-date: /home/kareem/ros2_ws/install/my_robot_description/share/my_robot_description/environment/path.sh
[0.839s] -- Installing: /home/kareem/ros2_ws/install/my_robot_description/share/my_robot_description/environment/path.dsv
[0.839s] -- Up-to-date: /home/kareem/ros2_ws/install/my_robot_description/share/my_robot_description/local_setup.bash
[0.839s] -- Up-to-date: /home/kareem/ros2_ws/install/my_robot_description/share/my_robot_description/local_setup.sh
[0.839s] -- Up-to-date: /home/kareem/ros2_ws/install/my_robot_description/share/my_robot_description/local_setup.zsh
[0.839s] -- Installing: /home/kareem/ros2_ws/install/my_robot_description/share/my_robot_description/local_setup.dsv
[0.839s] -- Installing: /home/kareem/ros2_ws/install/my_robot_description/share/my_robot_description/package.dsv
[0.839s] -- Up-to-date: /home/kareem/ros2_ws/install/my_robot_description/share/ament_index/resource_index/packages/my_robot_description
[0.840s] -- Up-to-date: /home/kareem/ros2_ws/install/my_robot_description/share/my_robot_description/cmake/my_robot_descriptionConfig.cmake
[0.840s] -- Up-to-date: /home/kareem/ros2_ws/install/my_robot_description/share/my_robot_description/cmake/my_robot_descriptionConfig-version.cmake
[0.840s] -- Installing: /home/kareem/ros2_ws/install/my_robot_description/share/my_robot_description/package.xml
[0.841s] Invoked command in '/home/kareem/ros2_ws/build/my_robot_description' returned '0': CMAKE_PREFIX_PATH=/opt/ros/foxy /usr/bin/cmake --install /home/kareem/ros2_ws/build/my_robot_description
