[0.053s] Invoking command in '/home/kareem/ros2_ws/build/my_robot_description2': /usr/bin/cmake --build /home/kareem/ros2_ws/build/my_robot_description2 -- -j12 -l12
[0.321s] Invoked command in '/home/kareem/ros2_ws/build/my_robot_description2' returned '0': /usr/bin/cmake --build /home/kareem/ros2_ws/build/my_robot_description2 -- -j12 -l12
[0.347s] Invoking command in '/home/kareem/ros2_ws/build/my_robot_description2': /usr/bin/cmake --install /home/kareem/ros2_ws/build/my_robot_description2
[0.364s] -- Install configuration: ""
[0.364s] -- Up-to-date: /home/kareem/ros2_ws/install/my_robot_description2/share/my_robot_description2/meshes
[0.365s] -- Up-to-date: /home/kareem/ros2_ws/install/my_robot_description2/share/my_robot_description2/meshes/r_caster.stl
[0.365s] -- Up-to-date: /home/kareem/ros2_ws/install/my_robot_description2/share/my_robot_description2/meshes/f_body.stl
[0.365s] -- Up-to-date: /home/kareem/ros2_ws/install/my_robot_description2/share/my_robot_description2/meshes/f_r_wheel.stl
[0.365s] -- Up-to-date: /home/kareem/ros2_ws/install/my_robot_description2/share/my_robot_description2/meshes/f_caster.stl
[0.365s] -- Up-to-date: /home/kareem/ros2_ws/install/my_robot_description2/share/my_robot_description2/meshes/f_l_wheel.stl
[0.365s] -- Up-to-date: /home/kareem/ros2_ws/install/my_robot_description2/share/my_robot_description2/urdf
[0.366s] -- Installing: /home/kareem/ros2_ws/install/my_robot_description2/share/my_robot_description2/urdf/robot_description_gazebo.xacro
[0.367s] -- Installing: /home/kareem/ros2_ws/install/my_robot_description2/share/my_robot_description2/urdf/robot_description.urdf.xacro
[0.367s] -- Up-to-date: /home/kareem/ros2_ws/install/my_robot_description2/share/my_robot_description2/launch
[0.367s] -- Installing: /home/kareem/ros2_ws/install/my_robot_description2/share/my_robot_description2/launch/gazebo.launch.py
[0.368s] -- Up-to-date: /home/kareem/ros2_ws/install/my_robot_description2/share/ament_index/resource_index/package_run_dependencies/my_robot_description2
[0.368s] -- Up-to-date: /home/kareem/ros2_ws/install/my_robot_description2/share/ament_index/resource_index/parent_prefix_path/my_robot_description2
[0.368s] -- Up-to-date: /home/kareem/ros2_ws/install/my_robot_description2/share/my_robot_description2/environment/ament_prefix_path.sh
[0.369s] -- Up-to-date: /home/kareem/ros2_ws/install/my_robot_description2/share/my_robot_description2/environment/ament_prefix_path.dsv
[0.369s] -- Up-to-date: /home/kareem/ros2_ws/install/my_robot_description2/share/my_robot_description2/environment/path.sh
[0.369s] -- Up-to-date: /home/kareem/ros2_ws/install/my_robot_description2/share/my_robot_description2/environment/path.dsv
[0.369s] -- Up-to-date: /home/kareem/ros2_ws/install/my_robot_description2/share/my_robot_description2/local_setup.bash
[0.369s] -- Up-to-date: /home/kareem/ros2_ws/install/my_robot_description2/share/my_robot_description2/local_setup.sh
[0.369s] -- Up-to-date: /home/kareem/ros2_ws/install/my_robot_description2/share/my_robot_description2/local_setup.zsh
[0.369s] -- Up-to-date: /home/kareem/ros2_ws/install/my_robot_description2/share/my_robot_description2/local_setup.dsv
[0.369s] -- Installing: /home/kareem/ros2_ws/install/my_robot_description2/share/my_robot_description2/package.dsv
[0.382s] -- Up-to-date: /home/kareem/ros2_ws/install/my_robot_description2/share/ament_index/resource_index/packages/my_robot_description2
[0.382s] -- Up-to-date: /home/kareem/ros2_ws/install/my_robot_description2/share/my_robot_description2/cmake/my_robot_description2Config.cmake
[0.382s] -- Up-to-date: /home/kareem/ros2_ws/install/my_robot_description2/share/my_robot_description2/cmake/my_robot_description2Config-version.cmake
[0.382s] -- Up-to-date: /home/kareem/ros2_ws/install/my_robot_description2/share/my_robot_description2/package.xml
[0.384s] Invoked command in '/home/kareem/ros2_ws/build/my_robot_description2' returned '0': /usr/bin/cmake --install /home/kareem/ros2_ws/build/my_robot_description2
