[0.013s] Invoking command in '/home/kareem/ros2_ws/build/my_robot_description': CMAKE_PREFIX_PATH=/opt/ros/foxy /usr/bin/cmake --build /home/kareem/ros2_ws/build/my_robot_description -- -j12 -l12
[0.050s] Invoked command in '/home/kareem/ros2_ws/build/my_robot_description' returned '0': CMAKE_PREFIX_PATH=/opt/ros/foxy /usr/bin/cmake --build /home/kareem/ros2_ws/build/my_robot_description -- -j12 -l12
[0.084s] Invoking command in '/home/kareem/ros2_ws/build/my_robot_description': CMAKE_PREFIX_PATH=/opt/ros/foxy /usr/bin/cmake --install /home/kareem/ros2_ws/build/my_robot_description
[0.089s] -- Install configuration: ""
[0.089s] -- Up-to-date: /home/kareem/ros2_ws/install/my_robot_description/share/ament_index/resource_index/package_run_dependencies/my_robot_description
[0.089s] -- Up-to-date: /home/kareem/ros2_ws/install/my_robot_description/share/ament_index/resource_index/parent_prefix_path/my_robot_description
[0.090s] -- Up-to-date: /home/kareem/ros2_ws/install/my_robot_description/share/my_robot_description/environment/ament_prefix_path.sh
[0.090s] -- Up-to-date: /home/kareem/ros2_ws/install/my_robot_description/share/my_robot_description/environment/ament_prefix_path.dsv
[0.090s] -- Up-to-date: /home/kareem/ros2_ws/install/my_robot_description/share/my_robot_description/environment/path.sh
[0.090s] -- Up-to-date: /home/kareem/ros2_ws/install/my_robot_description/share/my_robot_description/environment/path.dsv
[0.090s] -- Up-to-date: /home/kareem/ros2_ws/install/my_robot_description/share/my_robot_description/local_setup.bash
[0.090s] -- Up-to-date: /home/kareem/ros2_ws/install/my_robot_description/share/my_robot_description/local_setup.sh
[0.090s] -- Up-to-date: /home/kareem/ros2_ws/install/my_robot_description/share/my_robot_description/local_setup.zsh
[0.090s] -- Up-to-date: /home/kareem/ros2_ws/install/my_robot_description/share/my_robot_description/local_setup.dsv
[0.090s] -- Installing: /home/kareem/ros2_ws/install/my_robot_description/share/my_robot_description/package.dsv
[0.091s] -- Up-to-date: /home/kareem/ros2_ws/install/my_robot_description/share/ament_index/resource_index/packages/my_robot_description
[0.091s] -- Up-to-date: /home/kareem/ros2_ws/install/my_robot_description/share/my_robot_description/cmake/my_robot_descriptionConfig.cmake
[0.091s] -- Up-to-date: /home/kareem/ros2_ws/install/my_robot_description/share/my_robot_description/cmake/my_robot_descriptionConfig-version.cmake
[0.091s] -- Up-to-date: /home/kareem/ros2_ws/install/my_robot_description/share/my_robot_description/package.xml
[0.092s] Invoked command in '/home/kareem/ros2_ws/build/my_robot_description' returned '0': CMAKE_PREFIX_PATH=/opt/ros/foxy /usr/bin/cmake --install /home/kareem/ros2_ws/build/my_robot_description
