[0.240s] Invoking command in '/home/kareem/ros2_ws/build/my_robot_description': /usr/bin/cmake --build /home/kareem/ros2_ws/build/my_robot_description -- -j12 -l12
[0.666s] Invoked command in '/home/kareem/ros2_ws/build/my_robot_description' returned '0': /usr/bin/cmake --build /home/kareem/ros2_ws/build/my_robot_description -- -j12 -l12
[0.692s] Invoking command in '/home/kareem/ros2_ws/build/my_robot_description': /usr/bin/cmake --install /home/kareem/ros2_ws/build/my_robot_description
[0.892s] -- Install configuration: ""
[0.892s] -- Up-to-date: /home/kareem/ros2_ws/install/my_robot_description/share/my_robot_description/meshes
[0.892s] -- Up-to-date: /home/kareem/ros2_ws/install/my_robot_description/share/my_robot_description/meshes/r_caster.stl
[0.892s] -- Up-to-date: /home/kareem/ros2_ws/install/my_robot_description/share/my_robot_description/meshes/f_body.stl
[0.892s] -- Up-to-date: /home/kareem/ros2_ws/install/my_robot_description/share/my_robot_description/meshes/f_r_wheel.stl
[0.893s] -- Up-to-date: /home/kareem/ros2_ws/install/my_robot_description/share/my_robot_description/meshes/f_caster.stl
[0.893s] -- Up-to-date: /home/kareem/ros2_ws/install/my_robot_description/share/my_robot_description/meshes/f_l_wheel.stl
[0.893s] -- Up-to-date: /home/kareem/ros2_ws/install/my_robot_description/share/my_robot_description/urdf
[0.893s] -- Up-to-date: /home/kareem/ros2_ws/install/my_robot_description/share/my_robot_description/urdf/robot_description_gazebo.xacro
[0.952s] -- Up-to-date: /home/kareem/ros2_ws/install/my_robot_description/share/my_robot_description/urdf/robot_description.urdf.xacro
[0.952s] -- Up-to-date: /home/kareem/ros2_ws/install/my_robot_description/share/my_robot_description/launch
[0.952s] -- Up-to-date: /home/kareem/ros2_ws/install/my_robot_description/share/my_robot_description/launch/my_robot.launch.xml
[1.610s] -- Up-to-date: /home/kareem/ros2_ws/install/my_robot_description/share/my_robot_description/launch/gazebo.launch.xml
[1.668s] -- Up-to-date: /home/kareem/ros2_ws/install/my_robot_description/share/my_robot_description/launch/display.launch.py
[1.668s] -- Up-to-date: /home/kareem/ros2_ws/install/my_robot_description/share/my_robot_description/launch/gazebo.launch.py
[1.668s] -- Up-to-date: /home/kareem/ros2_ws/install/my_robot_description/share/ament_index/resource_index/package_run_dependencies/my_robot_description
[1.695s] -- Up-to-date: /home/kareem/ros2_ws/install/my_robot_description/share/ament_index/resource_index/parent_prefix_path/my_robot_description
[1.695s] -- Up-to-date: /home/kareem/ros2_ws/install/my_robot_description/share/my_robot_description/environment/ament_prefix_path.sh
[1.695s] -- Up-to-date: /home/kareem/ros2_ws/install/my_robot_description/share/my_robot_description/environment/ament_prefix_path.dsv
[1.695s] -- Up-to-date: /home/kareem/ros2_ws/install/my_robot_description/share/my_robot_description/environment/path.sh
[1.695s] -- Up-to-date: /home/kareem/ros2_ws/install/my_robot_description/share/my_robot_description/environment/path.dsv
[1.696s] -- Up-to-date: /home/kareem/ros2_ws/install/my_robot_description/share/my_robot_description/local_setup.bash
[1.696s] -- Up-to-date: /home/kareem/ros2_ws/install/my_robot_description/share/my_robot_description/local_setup.sh
[1.696s] -- Up-to-date: /home/kareem/ros2_ws/install/my_robot_description/share/my_robot_description/local_setup.zsh
[1.696s] -- Up-to-date: /home/kareem/ros2_ws/install/my_robot_description/share/my_robot_description/local_setup.dsv
[1.696s] -- Installing: /home/kareem/ros2_ws/install/my_robot_description/share/my_robot_description/package.dsv
[1.696s] -- Up-to-date: /home/kareem/ros2_ws/install/my_robot_description/share/ament_index/resource_index/packages/my_robot_description
[1.697s] -- Up-to-date: /home/kareem/ros2_ws/install/my_robot_description/share/my_robot_description/cmake/my_robot_descriptionConfig.cmake
[1.697s] -- Up-to-date: /home/kareem/ros2_ws/install/my_robot_description/share/my_robot_description/cmake/my_robot_descriptionConfig-version.cmake
[1.697s] -- Up-to-date: /home/kareem/ros2_ws/install/my_robot_description/share/my_robot_description/package.xml
[1.700s] Invoked command in '/home/kareem/ros2_ws/build/my_robot_description' returned '0': /usr/bin/cmake --install /home/kareem/ros2_ws/build/my_robot_description
