-- Install configuration: ""
-- Up-to-date: /home/kareem/ros2_ws/install/my_robot_description2/share/my_robot_description2/meshes
-- Up-to-date: /home/kareem/ros2_ws/install/my_robot_description2/share/my_robot_description2/meshes/f_l_wheel2.stl
-- Up-to-date: /home/kareem/ros2_ws/install/my_robot_description2/share/my_robot_description2/meshes/f_body.stl
-- Up-to-date: /home/kareem/ros2_ws/install/my_robot_description2/share/my_robot_description2/meshes/f_caster2.stl
-- Up-to-date: /home/kareem/ros2_ws/install/my_robot_description2/share/my_robot_description2/meshes/f_r_wheel2.stl
-- Up-to-date: /home/kareem/ros2_ws/install/my_robot_description2/share/my_robot_description2/meshes/r_caster2.stl
-- Up-to-date: /home/kareem/ros2_ws/install/my_robot_description2/share/my_robot_description2/urdf
-- Up-to-date: /home/kareem/ros2_ws/install/my_robot_description2/share/my_robot_description2/urdf/robot_description_gazebo2.xacro
-- Installing: /home/kareem/ros2_ws/install/my_robot_description2/share/my_robot_description2/urdf/robot_description.urdf.xacro
-- Up-to-date: /home/kareem/ros2_ws/install/my_robot_description2/share/my_robot_description2/launch
-- Up-to-date: /home/kareem/ros2_ws/install/my_robot_description2/share/my_robot_description2/launch/display.launch.py
-- Installing: /home/kareem/ros2_ws/install/my_robot_description2/share/my_robot_description2/launch/gazebo.launch.py
-- Up-to-date: /home/kareem/ros2_ws/install/my_robot_description2/share/ament_index/resource_index/package_run_dependencies/my_robot_description2
-- Up-to-date: /home/kareem/ros2_ws/install/my_robot_description2/share/ament_index/resource_index/parent_prefix_path/my_robot_description2
-- Up-to-date: /home/kareem/ros2_ws/install/my_robot_description2/share/my_robot_description2/environment/ament_prefix_path.sh
-- Up-to-date: /home/kareem/ros2_ws/install/my_robot_description2/share/my_robot_description2/environment/ament_prefix_path.dsv
-- Up-to-date: /home/kareem/ros2_ws/install/my_robot_description2/share/my_robot_description2/environment/path.sh
-- Up-to-date: /home/kareem/ros2_ws/install/my_robot_description2/share/my_robot_description2/environment/path.dsv
-- Up-to-date: /home/kareem/ros2_ws/install/my_robot_description2/share/my_robot_description2/local_setup.bash
-- Up-to-date: /home/kareem/ros2_ws/install/my_robot_description2/share/my_robot_description2/local_setup.sh
-- Up-to-date: /home/kareem/ros2_ws/install/my_robot_description2/share/my_robot_description2/local_setup.zsh
-- Up-to-date: /home/kareem/ros2_ws/install/my_robot_description2/share/my_robot_description2/local_setup.dsv
-- Installing: /home/kareem/ros2_ws/install/my_robot_description2/share/my_robot_description2/package.dsv
-- Up-to-date: /home/kareem/ros2_ws/install/my_robot_description2/share/ament_index/resource_index/packages/my_robot_description2
-- Up-to-date: /home/kareem/ros2_ws/install/my_robot_description2/share/my_robot_description2/cmake/my_robot_description2Config.cmake
-- Up-to-date: /home/kareem/ros2_ws/install/my_robot_description2/share/my_robot_description2/cmake/my_robot_description2Config-version.cmake
-- Up-to-date: /home/kareem/ros2_ws/install/my_robot_description2/share/my_robot_description2/package.xml
