[0.025s] Invoking command in '/home/kareem/ros2_ws/build/my_robot_description2': CMAKE_PREFIX_PATH=${CMAKE_PREFIX_PATH}:/opt/ros/foxy /usr/bin/cmake --build /home/kareem/ros2_ws/build/my_robot_description2 -- -j12 -l12
[0.056s] Invoked command in '/home/kareem/ros2_ws/build/my_robot_description2' returned '0': CMAKE_PREFIX_PATH=${CMAKE_PREFIX_PATH}:/opt/ros/foxy /usr/bin/cmake --build /home/kareem/ros2_ws/build/my_robot_description2 -- -j12 -l12
[0.083s] Invoking command in '/home/kareem/ros2_ws/build/my_robot_description2': CMAKE_PREFIX_PATH=${CMAKE_PREFIX_PATH}:/opt/ros/foxy /usr/bin/cmake --install /home/kareem/ros2_ws/build/my_robot_description2
[0.093s] -- Install configuration: ""
[0.095s] -- Up-to-date: /home/kareem/ros2_ws/install/my_robot_description2/share/my_robot_description2/meshes
[0.095s] -- Up-to-date: /home/kareem/ros2_ws/install/my_robot_description2/share/my_robot_description2/meshes/f_l_wheel2.stl
[0.095s] -- Up-to-date: /home/kareem/ros2_ws/install/my_robot_description2/share/my_robot_description2/meshes/f_body.stl
[0.095s] -- Up-to-date: /home/kareem/ros2_ws/install/my_robot_description2/share/my_robot_description2/meshes/f_caster2.stl
[0.096s] -- Up-to-date: /home/kareem/ros2_ws/install/my_robot_description2/share/my_robot_description2/meshes/f_r_wheel2.stl
[0.096s] -- Up-to-date: /home/kareem/ros2_ws/install/my_robot_description2/share/my_robot_description2/meshes/r_caster2.stl
[0.096s] -- Up-to-date: /home/kareem/ros2_ws/install/my_robot_description2/share/my_robot_description2/urdf
[0.096s] -- Up-to-date: /home/kareem/ros2_ws/install/my_robot_description2/share/my_robot_description2/urdf/robot_description_gazebo2.xacro
[0.096s] -- Installing: /home/kareem/ros2_ws/install/my_robot_description2/share/my_robot_description2/urdf/robot_description.urdf.xacro
[0.096s] -- Up-to-date: /home/kareem/ros2_ws/install/my_robot_description2/share/my_robot_description2/launch
[0.096s] -- Up-to-date: /home/kareem/ros2_ws/install/my_robot_description2/share/my_robot_description2/launch/display.launch.py
[0.096s] -- Installing: /home/kareem/ros2_ws/install/my_robot_description2/share/my_robot_description2/launch/gazebo.launch.py
[0.096s] -- Up-to-date: /home/kareem/ros2_ws/install/my_robot_description2/share/ament_index/resource_index/package_run_dependencies/my_robot_description2
[0.096s] -- Up-to-date: /home/kareem/ros2_ws/install/my_robot_description2/share/ament_index/resource_index/parent_prefix_path/my_robot_description2
[0.097s] -- Up-to-date: /home/kareem/ros2_ws/install/my_robot_description2/share/my_robot_description2/environment/ament_prefix_path.sh
[0.097s] -- Up-to-date: /home/kareem/ros2_ws/install/my_robot_description2/share/my_robot_description2/environment/ament_prefix_path.dsv
[0.097s] -- Up-to-date: /home/kareem/ros2_ws/install/my_robot_description2/share/my_robot_description2/environment/path.sh
[0.097s] -- Up-to-date: /home/kareem/ros2_ws/install/my_robot_description2/share/my_robot_description2/environment/path.dsv
[0.098s] -- Up-to-date: /home/kareem/ros2_ws/install/my_robot_description2/share/my_robot_description2/local_setup.bash
[0.098s] -- Up-to-date: /home/kareem/ros2_ws/install/my_robot_description2/share/my_robot_description2/local_setup.sh
[0.098s] -- Up-to-date: /home/kareem/ros2_ws/install/my_robot_description2/share/my_robot_description2/local_setup.zsh
[0.098s] -- Up-to-date: /home/kareem/ros2_ws/install/my_robot_description2/share/my_robot_description2/local_setup.dsv
[0.099s] -- Installing: /home/kareem/ros2_ws/install/my_robot_description2/share/my_robot_description2/package.dsv
[0.099s] -- Up-to-date: /home/kareem/ros2_ws/install/my_robot_description2/share/ament_index/resource_index/packages/my_robot_description2
[0.099s] -- Up-to-date: /home/kareem/ros2_ws/install/my_robot_description2/share/my_robot_description2/cmake/my_robot_description2Config.cmake
[0.099s] -- Up-to-date: /home/kareem/ros2_ws/install/my_robot_description2/share/my_robot_description2/cmake/my_robot_description2Config-version.cmake
[0.099s] -- Up-to-date: /home/kareem/ros2_ws/install/my_robot_description2/share/my_robot_description2/package.xml
[0.105s] Invoked command in '/home/kareem/ros2_ws/build/my_robot_description2' returned '0': CMAKE_PREFIX_PATH=${CMAKE_PREFIX_PATH}:/opt/ros/foxy /usr/bin/cmake --install /home/kareem/ros2_ws/build/my_robot_description2
