[0.274s] DEBUG:colcon:Command line arguments: ['/usr/bin/colcon', 'build']
[0.274s] DEBUG:colcon:Parsed command line arguments: Namespace(allow_overriding=[], ament_cmake_args=None, base_paths=['.'], build_base='build', catkin_cmake_args=None, catkin_skip_building_tests=False, cmake_args=None, cmake_clean_cache=False, cmake_clean_first=False, cmake_force_configure=False, cmake_target=None, cmake_target_skip_unavailable=False, continue_on_error=False, event_handlers=None, executor='parallel', ignore_user_meta=False, install_base='install', log_base=None, log_level=None, main=<bound method BuildVerb.main of <colcon_core.verb.build.BuildVerb object at 0x7fd15a375880>>, merge_install=False, metas=['./colcon.meta'], packages_above=None, packages_above_and_dependencies=None, packages_above_depth=None, packages_end=None, packages_ignore=None, packages_ignore_regex=None, packages_select=None, packages_select_build_failed=False, packages_select_by_dep=None, packages_select_regex=None, packages_select_test_failures=False, packages_skip=None, packages_skip_build_finished=False, packages_skip_by_dep=None, packages_skip_regex=None, packages_skip_test_passed=False, packages_skip_up_to=None, packages_start=None, packages_up_to=None, packages_up_to_regex=None, parallel_workers=12, paths=None, symlink_install=False, test_result_base=None, verb_extension=<colcon_core.verb.build.BuildVerb object at 0x7fd15a375880>, verb_name='build', verb_parser=<colcon_defaults.argument_parser.defaults.DefaultArgumentsDecorator object at 0x7fd15a2c65e0>)
[0.397s] Level 1:colcon.colcon_core.package_discovery:discover_packages(colcon_meta) check parameters
[0.397s] Level 1:colcon.colcon_core.package_discovery:discover_packages(recursive) check parameters
[0.397s] Level 1:colcon.colcon_core.package_discovery:discover_packages(ignore) check parameters
[0.397s] Level 1:colcon.colcon_core.package_discovery:discover_packages(path) check parameters
[0.397s] Level 1:colcon.colcon_core.package_discovery:discover_packages(colcon_meta) discover
[0.397s] Level 1:colcon.colcon_core.package_discovery:discover_packages(recursive) discover
[0.397s] INFO:colcon.colcon_core.package_discovery:Crawling recursively for packages in '/home/kareem/ros2_ws'
[0.397s] Level 1:colcon.colcon_core.package_identification:_identify(.) by extensions ['ignore', 'ignore_ament_install']
[0.397s] Level 1:colcon.colcon_core.package_identification:_identify(.) by extension 'ignore'
[0.397s] Level 1:colcon.colcon_core.package_identification:_identify(.) by extension 'ignore_ament_install'
[0.397s] Level 1:colcon.colcon_core.package_identification:_identify(.) by extensions ['colcon_pkg']
[0.397s] Level 1:colcon.colcon_core.package_identification:_identify(.) by extension 'colcon_pkg'
[0.397s] Level 1:colcon.colcon_core.package_identification:_identify(.) by extensions ['colcon_meta']
[0.397s] Level 1:colcon.colcon_core.package_identification:_identify(.) by extension 'colcon_meta'
[0.397s] Level 1:colcon.colcon_core.package_identification:_identify(.) by extensions ['ros']
[0.397s] Level 1:colcon.colcon_core.package_identification:_identify(.) by extension 'ros'
[0.405s] Level 1:colcon.colcon_core.package_identification:_identify(.) by extensions ['cmake', 'python']
[0.405s] Level 1:colcon.colcon_core.package_identification:_identify(.) by extension 'cmake'
[0.405s] Level 1:colcon.colcon_core.package_identification:_identify(.) by extension 'python'
[0.405s] Level 1:colcon.colcon_core.package_identification:_identify(.) by extensions ['python_setup_py']
[0.405s] Level 1:colcon.colcon_core.package_identification:_identify(.) by extension 'python_setup_py'
[0.405s] Level 1:colcon.colcon_core.package_identification:_identify(build) by extensions ['ignore', 'ignore_ament_install']
[0.405s] Level 1:colcon.colcon_core.package_identification:_identify(build) by extension 'ignore'
[0.405s] Level 1:colcon.colcon_core.package_identification:_identify(build) ignored
[0.405s] Level 1:colcon.colcon_core.package_identification:_identify(install) by extensions ['ignore', 'ignore_ament_install']
[0.405s] Level 1:colcon.colcon_core.package_identification:_identify(install) by extension 'ignore'
[0.405s] Level 1:colcon.colcon_core.package_identification:_identify(install) ignored
[0.405s] Level 1:colcon.colcon_core.package_identification:_identify(log) by extensions ['ignore', 'ignore_ament_install']
[0.405s] Level 1:colcon.colcon_core.package_identification:_identify(log) by extension 'ignore'
[0.405s] Level 1:colcon.colcon_core.package_identification:_identify(log) ignored
[0.405s] Level 1:colcon.colcon_core.package_identification:_identify(src) by extensions ['ignore', 'ignore_ament_install']
[0.405s] Level 1:colcon.colcon_core.package_identification:_identify(src) by extension 'ignore'
[0.405s] Level 1:colcon.colcon_core.package_identification:_identify(src) by extension 'ignore_ament_install'
[0.406s] Level 1:colcon.colcon_core.package_identification:_identify(src) by extensions ['colcon_pkg']
[0.406s] Level 1:colcon.colcon_core.package_identification:_identify(src) by extension 'colcon_pkg'
[0.406s] Level 1:colcon.colcon_core.package_identification:_identify(src) by extensions ['colcon_meta']
[0.406s] Level 1:colcon.colcon_core.package_identification:_identify(src) by extension 'colcon_meta'
[0.406s] Level 1:colcon.colcon_core.package_identification:_identify(src) by extensions ['ros']
[0.406s] Level 1:colcon.colcon_core.package_identification:_identify(src) by extension 'ros'
[0.406s] Level 1:colcon.colcon_core.package_identification:_identify(src) by extensions ['cmake', 'python']
[0.406s] Level 1:colcon.colcon_core.package_identification:_identify(src) by extension 'cmake'
[0.406s] Level 1:colcon.colcon_core.package_identification:_identify(src) by extension 'python'
[0.406s] Level 1:colcon.colcon_core.package_identification:_identify(src) by extensions ['python_setup_py']
[0.406s] Level 1:colcon.colcon_core.package_identification:_identify(src) by extension 'python_setup_py'
[0.406s] Level 1:colcon.colcon_core.package_identification:_identify(src/my_robot_description) by extensions ['ignore', 'ignore_ament_install']
[0.406s] Level 1:colcon.colcon_core.package_identification:_identify(src/my_robot_description) by extension 'ignore'
[0.406s] Level 1:colcon.colcon_core.package_identification:_identify(src/my_robot_description) by extension 'ignore_ament_install'
[0.406s] Level 1:colcon.colcon_core.package_identification:_identify(src/my_robot_description) by extensions ['colcon_pkg']
[0.406s] Level 1:colcon.colcon_core.package_identification:_identify(src/my_robot_description) by extension 'colcon_pkg'
[0.406s] Level 1:colcon.colcon_core.package_identification:_identify(src/my_robot_description) by extensions ['colcon_meta']
[0.406s] Level 1:colcon.colcon_core.package_identification:_identify(src/my_robot_description) by extension 'colcon_meta'
[0.406s] Level 1:colcon.colcon_core.package_identification:_identify(src/my_robot_description) by extensions ['ros']
[0.406s] Level 1:colcon.colcon_core.package_identification:_identify(src/my_robot_description) by extension 'ros'
[0.408s] DEBUG:colcon.colcon_core.package_identification:Package 'src/my_robot_description' with type 'ros.ament_cmake' and name 'my_robot_description'
[0.408s] Level 1:colcon.colcon_core.package_identification:_identify(src/my_robot_description2) by extensions ['ignore', 'ignore_ament_install']
[0.408s] Level 1:colcon.colcon_core.package_identification:_identify(src/my_robot_description2) by extension 'ignore'
[0.408s] Level 1:colcon.colcon_core.package_identification:_identify(src/my_robot_description2) by extension 'ignore_ament_install'
[0.408s] Level 1:colcon.colcon_core.package_identification:_identify(src/my_robot_description2) by extensions ['colcon_pkg']
[0.408s] Level 1:colcon.colcon_core.package_identification:_identify(src/my_robot_description2) by extension 'colcon_pkg'
[0.408s] Level 1:colcon.colcon_core.package_identification:_identify(src/my_robot_description2) by extensions ['colcon_meta']
[0.408s] Level 1:colcon.colcon_core.package_identification:_identify(src/my_robot_description2) by extension 'colcon_meta'
[0.408s] Level 1:colcon.colcon_core.package_identification:_identify(src/my_robot_description2) by extensions ['ros']
[0.409s] Level 1:colcon.colcon_core.package_identification:_identify(src/my_robot_description2) by extension 'ros'
[0.409s] DEBUG:colcon.colcon_core.package_identification:Package 'src/my_robot_description2' with type 'ros.ament_cmake' and name 'my_robot_description2'
[0.409s] Level 1:colcon.colcon_core.package_identification:_identify(src/nav) by extensions ['ignore', 'ignore_ament_install']
[0.409s] Level 1:colcon.colcon_core.package_identification:_identify(src/nav) by extension 'ignore'
[0.409s] Level 1:colcon.colcon_core.package_identification:_identify(src/nav) by extension 'ignore_ament_install'
[0.409s] Level 1:colcon.colcon_core.package_identification:_identify(src/nav) by extensions ['colcon_pkg']
[0.409s] Level 1:colcon.colcon_core.package_identification:_identify(src/nav) by extension 'colcon_pkg'
[0.409s] Level 1:colcon.colcon_core.package_identification:_identify(src/nav) by extensions ['colcon_meta']
[0.409s] Level 1:colcon.colcon_core.package_identification:_identify(src/nav) by extension 'colcon_meta'
[0.409s] Level 1:colcon.colcon_core.package_identification:_identify(src/nav) by extensions ['ros']
[0.409s] Level 1:colcon.colcon_core.package_identification:_identify(src/nav) by extension 'ros'
[0.410s] DEBUG:colcon.colcon_core.package_identification:Package 'src/nav' with type 'ros.ament_cmake' and name 'nav'
[0.410s] Level 1:colcon.colcon_core.package_discovery:discover_packages(recursive) using defaults
[0.410s] Level 1:colcon.colcon_core.package_discovery:discover_packages(ignore) discover
[0.410s] Level 1:colcon.colcon_core.package_discovery:discover_packages(ignore) using defaults
[0.410s] Level 1:colcon.colcon_core.package_discovery:discover_packages(path) discover
[0.410s] Level 1:colcon.colcon_core.package_discovery:discover_packages(path) using defaults
[0.429s] Level 1:colcon.colcon_core.package_discovery:discover_packages(prefix_path) check parameters
[0.429s] Level 1:colcon.colcon_core.package_discovery:discover_packages(prefix_path) discover
[0.442s] Level 1:colcon.colcon_core.package_discovery:discover_packages(prefix_path) using defaults
[0.464s] Level 5:colcon.colcon_core.verb:set package 'my_robot_description' build argument 'cmake_args' from command line to 'None'
[0.464s] Level 5:colcon.colcon_core.verb:set package 'my_robot_description' build argument 'cmake_target' from command line to 'None'
[0.464s] Level 5:colcon.colcon_core.verb:set package 'my_robot_description' build argument 'cmake_target_skip_unavailable' from command line to 'False'
[0.464s] Level 5:colcon.colcon_core.verb:set package 'my_robot_description' build argument 'cmake_clean_cache' from command line to 'False'
[0.464s] Level 5:colcon.colcon_core.verb:set package 'my_robot_description' build argument 'cmake_clean_first' from command line to 'False'
[0.464s] Level 5:colcon.colcon_core.verb:set package 'my_robot_description' build argument 'cmake_force_configure' from command line to 'False'
[0.464s] Level 5:colcon.colcon_core.verb:set package 'my_robot_description' build argument 'ament_cmake_args' from command line to 'None'
[0.464s] Level 5:colcon.colcon_core.verb:set package 'my_robot_description' build argument 'catkin_cmake_args' from command line to 'None'
[0.464s] Level 5:colcon.colcon_core.verb:set package 'my_robot_description' build argument 'catkin_skip_building_tests' from command line to 'False'
[0.464s] DEBUG:colcon.colcon_core.verb:Building package 'my_robot_description' with the following arguments: {'ament_cmake_args': None, 'build_base': '/home/kareem/ros2_ws/build/my_robot_description', 'catkin_cmake_args': None, 'catkin_skip_building_tests': False, 'cmake_args': None, 'cmake_clean_cache': False, 'cmake_clean_first': False, 'cmake_force_configure': False, 'cmake_target': None, 'cmake_target_skip_unavailable': False, 'install_base': '/home/kareem/ros2_ws/install/my_robot_description', 'merge_install': False, 'path': '/home/kareem/ros2_ws/src/my_robot_description', 'symlink_install': False, 'test_result_base': None}
[0.464s] Level 5:colcon.colcon_core.verb:set package 'my_robot_description2' build argument 'cmake_args' from command line to 'None'
[0.465s] Level 5:colcon.colcon_core.verb:set package 'my_robot_description2' build argument 'cmake_target' from command line to 'None'
[0.465s] Level 5:colcon.colcon_core.verb:set package 'my_robot_description2' build argument 'cmake_target_skip_unavailable' from command line to 'False'
[0.465s] Level 5:colcon.colcon_core.verb:set package 'my_robot_description2' build argument 'cmake_clean_cache' from command line to 'False'
[0.465s] Level 5:colcon.colcon_core.verb:set package 'my_robot_description2' build argument 'cmake_clean_first' from command line to 'False'
[0.465s] Level 5:colcon.colcon_core.verb:set package 'my_robot_description2' build argument 'cmake_force_configure' from command line to 'False'
[0.465s] Level 5:colcon.colcon_core.verb:set package 'my_robot_description2' build argument 'ament_cmake_args' from command line to 'None'
[0.465s] Level 5:colcon.colcon_core.verb:set package 'my_robot_description2' build argument 'catkin_cmake_args' from command line to 'None'
[0.465s] Level 5:colcon.colcon_core.verb:set package 'my_robot_description2' build argument 'catkin_skip_building_tests' from command line to 'False'
[0.465s] DEBUG:colcon.colcon_core.verb:Building package 'my_robot_description2' with the following arguments: {'ament_cmake_args': None, 'build_base': '/home/kareem/ros2_ws/build/my_robot_description2', 'catkin_cmake_args': None, 'catkin_skip_building_tests': False, 'cmake_args': None, 'cmake_clean_cache': False, 'cmake_clean_first': False, 'cmake_force_configure': False, 'cmake_target': None, 'cmake_target_skip_unavailable': False, 'install_base': '/home/kareem/ros2_ws/install/my_robot_description2', 'merge_install': False, 'path': '/home/kareem/ros2_ws/src/my_robot_description2', 'symlink_install': False, 'test_result_base': None}
[0.465s] Level 5:colcon.colcon_core.verb:set package 'nav' build argument 'cmake_args' from command line to 'None'
[0.465s] Level 5:colcon.colcon_core.verb:set package 'nav' build argument 'cmake_target' from command line to 'None'
[0.466s] Level 5:colcon.colcon_core.verb:set package 'nav' build argument 'cmake_target_skip_unavailable' from command line to 'False'
[0.466s] Level 5:colcon.colcon_core.verb:set package 'nav' build argument 'cmake_clean_cache' from command line to 'False'
[0.466s] Level 5:colcon.colcon_core.verb:set package 'nav' build argument 'cmake_clean_first' from command line to 'False'
[0.466s] Level 5:colcon.colcon_core.verb:set package 'nav' build argument 'cmake_force_configure' from command line to 'False'
[0.466s] Level 5:colcon.colcon_core.verb:set package 'nav' build argument 'ament_cmake_args' from command line to 'None'
[0.466s] Level 5:colcon.colcon_core.verb:set package 'nav' build argument 'catkin_cmake_args' from command line to 'None'
[0.466s] Level 5:colcon.colcon_core.verb:set package 'nav' build argument 'catkin_skip_building_tests' from command line to 'False'
[0.466s] DEBUG:colcon.colcon_core.verb:Building package 'nav' with the following arguments: {'ament_cmake_args': None, 'build_base': '/home/kareem/ros2_ws/build/nav', 'catkin_cmake_args': None, 'catkin_skip_building_tests': False, 'cmake_args': None, 'cmake_clean_cache': False, 'cmake_clean_first': False, 'cmake_force_configure': False, 'cmake_target': None, 'cmake_target_skip_unavailable': False, 'install_base': '/home/kareem/ros2_ws/install/nav', 'merge_install': False, 'path': '/home/kareem/ros2_ws/src/nav', 'symlink_install': False, 'test_result_base': None}
[0.466s] INFO:colcon.colcon_core.executor:Executing jobs using 'parallel' executor
[0.467s] DEBUG:colcon.colcon_parallel_executor.executor.parallel:run_until_complete
[0.468s] INFO:colcon.colcon_ros.task.ament_cmake.build:Building ROS package in '/home/kareem/ros2_ws/src/my_robot_description' with build type 'ament_cmake'
[0.468s] INFO:colcon.colcon_cmake.task.cmake.build:Building CMake package in '/home/kareem/ros2_ws/src/my_robot_description'
[0.490s] INFO:colcon.colcon_core.plugin_system:Skipping extension 'colcon_core.shell.bat': Not used on non-Windows systems
[0.491s] INFO:colcon.colcon_core.shell:Skip shell extension 'powershell' for command environment: Not usable outside of PowerShell
[0.491s] DEBUG:colcon.colcon_core.shell:Skip shell extension 'dsv' for command environment
[0.494s] INFO:colcon.colcon_ros.task.ament_cmake.build:Building ROS package in '/home/kareem/ros2_ws/src/my_robot_description2' with build type 'ament_cmake'
[0.494s] INFO:colcon.colcon_cmake.task.cmake.build:Building CMake package in '/home/kareem/ros2_ws/src/my_robot_description2'
[0.495s] INFO:colcon.colcon_core.shell:Skip shell extension 'powershell' for command environment: Not usable outside of PowerShell
[0.495s] DEBUG:colcon.colcon_core.shell:Skip shell extension 'dsv' for command environment
[0.498s] INFO:colcon.colcon_ros.task.ament_cmake.build:Building ROS package in '/home/kareem/ros2_ws/src/nav' with build type 'ament_cmake'
[0.498s] INFO:colcon.colcon_cmake.task.cmake.build:Building CMake package in '/home/kareem/ros2_ws/src/nav'
[0.498s] INFO:colcon.colcon_core.shell:Skip shell extension 'powershell' for command environment: Not usable outside of PowerShell
[0.499s] DEBUG:colcon.colcon_core.shell:Skip shell extension 'dsv' for command environment
[0.535s] DEBUG:colcon.colcon_core.event_handler.log_command:Invoking command in '/home/kareem/ros2_ws/build/my_robot_description': /usr/bin/cmake --build /home/kareem/ros2_ws/build/my_robot_description -- -j12 -l12
[0.548s] DEBUG:colcon.colcon_core.event_handler.log_command:Invoking command in '/home/kareem/ros2_ws/build/my_robot_description2': /usr/bin/cmake --build /home/kareem/ros2_ws/build/my_robot_description2 -- -j12 -l12
[0.567s] DEBUG:colcon.colcon_core.event_handler.log_command:Invoking command in '/home/kareem/ros2_ws/build/nav': /usr/bin/cmake --build /home/kareem/ros2_ws/build/nav -- -j12 -l12
[0.812s] DEBUG:colcon.colcon_core.event_handler.log_command:Invoked command in '/home/kareem/ros2_ws/build/nav' returned '0': /usr/bin/cmake --build /home/kareem/ros2_ws/build/nav -- -j12 -l12
[0.816s] DEBUG:colcon.colcon_core.event_handler.log_command:Invoked command in '/home/kareem/ros2_ws/build/my_robot_description2' returned '0': /usr/bin/cmake --build /home/kareem/ros2_ws/build/my_robot_description2 -- -j12 -l12
[0.819s] DEBUG:colcon.colcon_core.event_handler.log_command:Invoked command in '/home/kareem/ros2_ws/build/my_robot_description' returned '0': /usr/bin/cmake --build /home/kareem/ros2_ws/build/my_robot_description -- -j12 -l12
[0.839s] DEBUG:colcon.colcon_core.event_handler.log_command:Invoking command in '/home/kareem/ros2_ws/build/nav': /usr/bin/cmake --install /home/kareem/ros2_ws/build/nav
[0.842s] DEBUG:colcon.colcon_core.event_handler.log_command:Invoking command in '/home/kareem/ros2_ws/build/my_robot_description2': /usr/bin/cmake --install /home/kareem/ros2_ws/build/my_robot_description2
[0.846s] DEBUG:colcon.colcon_core.event_handler.log_command:Invoking command in '/home/kareem/ros2_ws/build/my_robot_description': /usr/bin/cmake --install /home/kareem/ros2_ws/build/my_robot_description
[0.878s] Level 1:colcon.colcon_core.environment:create_environment_scripts_only(my_robot_description2)
[0.879s] DEBUG:colcon.colcon_core.event_handler.log_command:Invoked command in '/home/kareem/ros2_ws/build/my_robot_description2' returned '0': /usr/bin/cmake --install /home/kareem/ros2_ws/build/my_robot_description2
[0.931s] Level 1:colcon.colcon_core.environment:checking '/home/kareem/ros2_ws/install/my_robot_description2' for CMake module files
[0.932s] Level 1:colcon.colcon_core.environment:checking '/home/kareem/ros2_ws/install/my_robot_description2' for CMake config files
[0.932s] Level 1:colcon.colcon_core.shell:create_environment_hook('my_robot_description2', 'cmake_prefix_path')
[0.932s] INFO:colcon.colcon_core.shell:Creating environment hook '/home/kareem/ros2_ws/install/my_robot_description2/share/my_robot_description2/hook/cmake_prefix_path.ps1'
[0.941s] INFO:colcon.colcon_core.shell:Creating environment descriptor '/home/kareem/ros2_ws/install/my_robot_description2/share/my_robot_description2/hook/cmake_prefix_path.dsv'
[0.942s] INFO:colcon.colcon_core.shell:Creating environment hook '/home/kareem/ros2_ws/install/my_robot_description2/share/my_robot_description2/hook/cmake_prefix_path.sh'
[0.944s] Level 1:colcon.colcon_core.environment:checking '/home/kareem/ros2_ws/install/my_robot_description2/bin'
[0.944s] Level 1:colcon.colcon_core.environment:checking '/home/kareem/ros2_ws/install/my_robot_description2/lib/pkgconfig/my_robot_description2.pc'
[0.952s] Level 1:colcon.colcon_core.environment:checking '/home/kareem/ros2_ws/install/my_robot_description2/lib/python3.8/site-packages'
[0.952s] Level 1:colcon.colcon_core.environment:checking '/home/kareem/ros2_ws/install/my_robot_description2/bin'
[0.953s] INFO:colcon.colcon_core.shell:Creating package script '/home/kareem/ros2_ws/install/my_robot_description2/share/my_robot_description2/package.ps1'
[0.954s] INFO:colcon.colcon_core.shell:Creating package descriptor '/home/kareem/ros2_ws/install/my_robot_description2/share/my_robot_description2/package.dsv'
[0.955s] INFO:colcon.colcon_core.shell:Creating package script '/home/kareem/ros2_ws/install/my_robot_description2/share/my_robot_description2/package.sh'
[0.956s] INFO:colcon.colcon_core.shell:Creating package script '/home/kareem/ros2_ws/install/my_robot_description2/share/my_robot_description2/package.bash'
[0.964s] INFO:colcon.colcon_core.shell:Creating package script '/home/kareem/ros2_ws/install/my_robot_description2/share/my_robot_description2/package.zsh'
[0.971s] Level 1:colcon.colcon_core.environment:create_file_with_runtime_dependencies(/home/kareem/ros2_ws/install/my_robot_description2/share/colcon-core/packages/my_robot_description2)
[0.974s] Level 1:colcon.colcon_core.environment:create_environment_scripts_only(my_robot_description)
[0.975s] Level 1:colcon.colcon_core.environment:checking '/home/kareem/ros2_ws/install/my_robot_description' for CMake module files
[0.976s] DEBUG:colcon.colcon_core.event_handler.log_command:Invoked command in '/home/kareem/ros2_ws/build/my_robot_description' returned '0': /usr/bin/cmake --install /home/kareem/ros2_ws/build/my_robot_description
[0.976s] Level 1:colcon.colcon_core.environment:checking '/home/kareem/ros2_ws/install/my_robot_description' for CMake config files
[0.976s] Level 1:colcon.colcon_core.shell:create_environment_hook('my_robot_description', 'cmake_prefix_path')
[0.976s] INFO:colcon.colcon_core.shell:Creating environment hook '/home/kareem/ros2_ws/install/my_robot_description/share/my_robot_description/hook/cmake_prefix_path.ps1'
[0.977s] INFO:colcon.colcon_core.shell:Creating environment descriptor '/home/kareem/ros2_ws/install/my_robot_description/share/my_robot_description/hook/cmake_prefix_path.dsv'
[0.977s] INFO:colcon.colcon_core.shell:Creating environment hook '/home/kareem/ros2_ws/install/my_robot_description/share/my_robot_description/hook/cmake_prefix_path.sh'
[0.978s] Level 1:colcon.colcon_core.environment:checking '/home/kareem/ros2_ws/install/my_robot_description/bin'
[0.978s] Level 1:colcon.colcon_core.environment:checking '/home/kareem/ros2_ws/install/my_robot_description/lib/pkgconfig/my_robot_description.pc'
[0.978s] Level 1:colcon.colcon_core.environment:checking '/home/kareem/ros2_ws/install/my_robot_description/lib/python3.8/site-packages'
[0.978s] Level 1:colcon.colcon_core.environment:checking '/home/kareem/ros2_ws/install/my_robot_description/bin'
[0.978s] INFO:colcon.colcon_core.shell:Creating package script '/home/kareem/ros2_ws/install/my_robot_description/share/my_robot_description/package.ps1'
[0.979s] INFO:colcon.colcon_core.shell:Creating package descriptor '/home/kareem/ros2_ws/install/my_robot_description/share/my_robot_description/package.dsv'
[0.979s] INFO:colcon.colcon_core.shell:Creating package script '/home/kareem/ros2_ws/install/my_robot_description/share/my_robot_description/package.sh'
[0.979s] INFO:colcon.colcon_core.shell:Creating package script '/home/kareem/ros2_ws/install/my_robot_description/share/my_robot_description/package.bash'
[0.980s] INFO:colcon.colcon_core.shell:Creating package script '/home/kareem/ros2_ws/install/my_robot_description/share/my_robot_description/package.zsh'
[0.980s] Level 1:colcon.colcon_core.environment:create_file_with_runtime_dependencies(/home/kareem/ros2_ws/install/my_robot_description/share/colcon-core/packages/my_robot_description)
[0.982s] Level 1:colcon.colcon_core.environment:create_environment_scripts_only(nav)
[0.982s] Level 1:colcon.colcon_core.environment:checking '/home/kareem/ros2_ws/install/nav' for CMake module files
[0.983s] DEBUG:colcon.colcon_core.event_handler.log_command:Invoked command in '/home/kareem/ros2_ws/build/nav' returned '0': /usr/bin/cmake --install /home/kareem/ros2_ws/build/nav
[0.983s] Level 1:colcon.colcon_core.environment:checking '/home/kareem/ros2_ws/install/nav' for CMake config files
[0.983s] Level 1:colcon.colcon_core.shell:create_environment_hook('nav', 'cmake_prefix_path')
[0.983s] INFO:colcon.colcon_core.shell:Creating environment hook '/home/kareem/ros2_ws/install/nav/share/nav/hook/cmake_prefix_path.ps1'
[0.984s] INFO:colcon.colcon_core.shell:Creating environment descriptor '/home/kareem/ros2_ws/install/nav/share/nav/hook/cmake_prefix_path.dsv'
[0.984s] INFO:colcon.colcon_core.shell:Creating environment hook '/home/kareem/ros2_ws/install/nav/share/nav/hook/cmake_prefix_path.sh'
[0.984s] Level 1:colcon.colcon_core.environment:checking '/home/kareem/ros2_ws/install/nav/bin'
[0.984s] Level 1:colcon.colcon_core.environment:checking '/home/kareem/ros2_ws/install/nav/lib/pkgconfig/nav.pc'
[0.984s] Level 1:colcon.colcon_core.environment:checking '/home/kareem/ros2_ws/install/nav/lib/python3.8/site-packages'
[0.984s] Level 1:colcon.colcon_core.environment:checking '/home/kareem/ros2_ws/install/nav/bin'
[0.985s] INFO:colcon.colcon_core.shell:Creating package script '/home/kareem/ros2_ws/install/nav/share/nav/package.ps1'
[0.985s] INFO:colcon.colcon_core.shell:Creating package descriptor '/home/kareem/ros2_ws/install/nav/share/nav/package.dsv'
[0.985s] INFO:colcon.colcon_core.shell:Creating package script '/home/kareem/ros2_ws/install/nav/share/nav/package.sh'
[0.985s] INFO:colcon.colcon_core.shell:Creating package script '/home/kareem/ros2_ws/install/nav/share/nav/package.bash'
[0.985s] INFO:colcon.colcon_core.shell:Creating package script '/home/kareem/ros2_ws/install/nav/share/nav/package.zsh'
[0.986s] Level 1:colcon.colcon_core.environment:create_file_with_runtime_dependencies(/home/kareem/ros2_ws/install/nav/share/colcon-core/packages/nav)
[0.990s] Level 1:colcon.colcon_core.environment:create_environment_scripts_only(my_robot_description2)
[0.990s] Level 1:colcon.colcon_core.environment:checking '/home/kareem/ros2_ws/install/my_robot_description2' for CMake module files
[0.991s] Level 1:colcon.colcon_core.environment:checking '/home/kareem/ros2_ws/install/my_robot_description2' for CMake config files
[0.991s] Level 1:colcon.colcon_core.shell:create_environment_hook('my_robot_description2', 'cmake_prefix_path')
[0.991s] INFO:colcon.colcon_core.shell:Creating environment hook '/home/kareem/ros2_ws/install/my_robot_description2/share/my_robot_description2/hook/cmake_prefix_path.ps1'
[0.992s] INFO:colcon.colcon_core.shell:Creating environment descriptor '/home/kareem/ros2_ws/install/my_robot_description2/share/my_robot_description2/hook/cmake_prefix_path.dsv'
[0.992s] INFO:colcon.colcon_core.shell:Creating environment hook '/home/kareem/ros2_ws/install/my_robot_description2/share/my_robot_description2/hook/cmake_prefix_path.sh'
[0.993s] Level 1:colcon.colcon_core.environment:checking '/home/kareem/ros2_ws/install/my_robot_description2/bin'
[0.993s] Level 1:colcon.colcon_core.environment:checking '/home/kareem/ros2_ws/install/my_robot_description2/lib/pkgconfig/my_robot_description2.pc'
[0.993s] Level 1:colcon.colcon_core.environment:checking '/home/kareem/ros2_ws/install/my_robot_description2/lib/python3.8/site-packages'
[0.993s] Level 1:colcon.colcon_core.environment:checking '/home/kareem/ros2_ws/install/my_robot_description2/bin'
[0.993s] INFO:colcon.colcon_core.shell:Creating package script '/home/kareem/ros2_ws/install/my_robot_description2/share/my_robot_description2/package.ps1'
[0.994s] INFO:colcon.colcon_core.shell:Creating package descriptor '/home/kareem/ros2_ws/install/my_robot_description2/share/my_robot_description2/package.dsv'
[0.994s] INFO:colcon.colcon_core.shell:Creating package script '/home/kareem/ros2_ws/install/my_robot_description2/share/my_robot_description2/package.sh'
[0.994s] INFO:colcon.colcon_core.shell:Creating package script '/home/kareem/ros2_ws/install/my_robot_description2/share/my_robot_description2/package.bash'
[0.995s] INFO:colcon.colcon_core.shell:Creating package script '/home/kareem/ros2_ws/install/my_robot_description2/share/my_robot_description2/package.zsh'
[0.995s] Level 1:colcon.colcon_core.environment:create_file_with_runtime_dependencies(/home/kareem/ros2_ws/install/my_robot_description2/share/colcon-core/packages/my_robot_description2)
[0.998s] Level 1:colcon.colcon_core.environment:create_environment_scripts_only(my_robot_description)
[0.998s] Level 1:colcon.colcon_core.environment:checking '/home/kareem/ros2_ws/install/my_robot_description' for CMake module files
[0.998s] Level 1:colcon.colcon_core.environment:checking '/home/kareem/ros2_ws/install/my_robot_description' for CMake config files
[0.999s] Level 1:colcon.colcon_core.shell:create_environment_hook('my_robot_description', 'cmake_prefix_path')
[0.999s] INFO:colcon.colcon_core.shell:Creating environment hook '/home/kareem/ros2_ws/install/my_robot_description/share/my_robot_description/hook/cmake_prefix_path.ps1'
[0.999s] INFO:colcon.colcon_core.shell:Creating environment descriptor '/home/kareem/ros2_ws/install/my_robot_description/share/my_robot_description/hook/cmake_prefix_path.dsv'
[0.999s] INFO:colcon.colcon_core.shell:Creating environment hook '/home/kareem/ros2_ws/install/my_robot_description/share/my_robot_description/hook/cmake_prefix_path.sh'
[1.000s] Level 1:colcon.colcon_core.environment:checking '/home/kareem/ros2_ws/install/my_robot_description/bin'
[1.000s] Level 1:colcon.colcon_core.environment:checking '/home/kareem/ros2_ws/install/my_robot_description/lib/pkgconfig/my_robot_description.pc'
[1.000s] Level 1:colcon.colcon_core.environment:checking '/home/kareem/ros2_ws/install/my_robot_description/lib/python3.8/site-packages'
[1.000s] Level 1:colcon.colcon_core.environment:checking '/home/kareem/ros2_ws/install/my_robot_description/bin'
[1.000s] INFO:colcon.colcon_core.shell:Creating package script '/home/kareem/ros2_ws/install/my_robot_description/share/my_robot_description/package.ps1'
[1.000s] INFO:colcon.colcon_core.shell:Creating package descriptor '/home/kareem/ros2_ws/install/my_robot_description/share/my_robot_description/package.dsv'
[1.001s] INFO:colcon.colcon_core.shell:Creating package script '/home/kareem/ros2_ws/install/my_robot_description/share/my_robot_description/package.sh'
[1.001s] INFO:colcon.colcon_core.shell:Creating package script '/home/kareem/ros2_ws/install/my_robot_description/share/my_robot_description/package.bash'
[1.001s] INFO:colcon.colcon_core.shell:Creating package script '/home/kareem/ros2_ws/install/my_robot_description/share/my_robot_description/package.zsh'
[1.001s] Level 1:colcon.colcon_core.environment:create_file_with_runtime_dependencies(/home/kareem/ros2_ws/install/my_robot_description/share/colcon-core/packages/my_robot_description)
[1.004s] Level 1:colcon.colcon_core.environment:create_environment_scripts_only(nav)
[1.004s] Level 1:colcon.colcon_core.environment:checking '/home/kareem/ros2_ws/install/nav' for CMake module files
[1.005s] Level 1:colcon.colcon_core.environment:checking '/home/kareem/ros2_ws/install/nav' for CMake config files
[1.005s] Level 1:colcon.colcon_core.shell:create_environment_hook('nav', 'cmake_prefix_path')
[1.005s] INFO:colcon.colcon_core.shell:Creating environment hook '/home/kareem/ros2_ws/install/nav/share/nav/hook/cmake_prefix_path.ps1'
[1.006s] INFO:colcon.colcon_core.shell:Creating environment descriptor '/home/kareem/ros2_ws/install/nav/share/nav/hook/cmake_prefix_path.dsv'
[1.006s] INFO:colcon.colcon_core.shell:Creating environment hook '/home/kareem/ros2_ws/install/nav/share/nav/hook/cmake_prefix_path.sh'
[1.006s] Level 1:colcon.colcon_core.environment:checking '/home/kareem/ros2_ws/install/nav/bin'
[1.007s] Level 1:colcon.colcon_core.environment:checking '/home/kareem/ros2_ws/install/nav/lib/pkgconfig/nav.pc'
[1.007s] Level 1:colcon.colcon_core.environment:checking '/home/kareem/ros2_ws/install/nav/lib/python3.8/site-packages'
[1.007s] Level 1:colcon.colcon_core.environment:checking '/home/kareem/ros2_ws/install/nav/bin'
[1.007s] INFO:colcon.colcon_core.shell:Creating package script '/home/kareem/ros2_ws/install/nav/share/nav/package.ps1'
[1.008s] INFO:colcon.colcon_core.shell:Creating package descriptor '/home/kareem/ros2_ws/install/nav/share/nav/package.dsv'
[1.008s] INFO:colcon.colcon_core.shell:Creating package script '/home/kareem/ros2_ws/install/nav/share/nav/package.sh'
[1.009s] INFO:colcon.colcon_core.shell:Creating package script '/home/kareem/ros2_ws/install/nav/share/nav/package.bash'
[1.009s] INFO:colcon.colcon_core.shell:Creating package script '/home/kareem/ros2_ws/install/nav/share/nav/package.zsh'
[1.009s] Level 1:colcon.colcon_core.environment:create_file_with_runtime_dependencies(/home/kareem/ros2_ws/install/nav/share/colcon-core/packages/nav)
[1.009s] DEBUG:colcon.colcon_parallel_executor.executor.parallel:closing loop
[1.010s] DEBUG:colcon.colcon_parallel_executor.executor.parallel:loop closed
[1.010s] DEBUG:colcon.colcon_parallel_executor.executor.parallel:run_until_complete finished with '0'
[1.010s] DEBUG:colcon.colcon_core.event_reactor:joining thread
[1.030s] INFO:colcon.colcon_core.plugin_system:Skipping extension 'colcon_notification.desktop_notification.terminal_notifier': Not used on non-Darwin systems
[1.030s] INFO:colcon.colcon_core.plugin_system:Skipping extension 'colcon_notification.desktop_notification.win32': Not used on non-Windows systems
[1.030s] INFO:colcon.colcon_notification.desktop_notification:Sending desktop notification using 'notify2'
[1.047s] DEBUG:colcon.colcon_core.event_reactor:joined thread
[1.047s] INFO:colcon.colcon_core.shell:Creating prefix script '/home/kareem/ros2_ws/install/local_setup.ps1'
[1.049s] INFO:colcon.colcon_core.shell:Creating prefix util module '/home/kareem/ros2_ws/install/_local_setup_util_ps1.py'
[1.069s] INFO:colcon.colcon_core.shell:Creating prefix chain script '/home/kareem/ros2_ws/install/setup.ps1'
[1.070s] INFO:colcon.colcon_core.shell:Creating prefix script '/home/kareem/ros2_ws/install/local_setup.sh'
[1.070s] INFO:colcon.colcon_core.shell:Creating prefix util module '/home/kareem/ros2_ws/install/_local_setup_util_sh.py'
[1.071s] INFO:colcon.colcon_core.shell:Creating prefix chain script '/home/kareem/ros2_ws/install/setup.sh'
[1.072s] INFO:colcon.colcon_core.shell:Creating prefix script '/home/kareem/ros2_ws/install/local_setup.bash'
[1.073s] INFO:colcon.colcon_core.shell:Creating prefix chain script '/home/kareem/ros2_ws/install/setup.bash'
[1.074s] INFO:colcon.colcon_core.shell:Creating prefix script '/home/kareem/ros2_ws/install/local_setup.zsh'
[1.074s] INFO:colcon.colcon_core.shell:Creating prefix chain script '/home/kareem/ros2_ws/install/setup.zsh'
