[0.011s] Invoking command in '/home/kareem/ros2_ws/build/my_robot_controller': /usr/bin/cmake --build /home/kareem/ros2_ws/build/my_robot_controller -- -j12 -l12
[0.051s] Invoked command in '/home/kareem/ros2_ws/build/my_robot_controller' returned '0': /usr/bin/cmake --build /home/kareem/ros2_ws/build/my_robot_controller -- -j12 -l12
[0.080s] Invoking command in '/home/kareem/ros2_ws/build/my_robot_controller': /usr/bin/cmake --install /home/kareem/ros2_ws/build/my_robot_controller
[0.088s] -- Install configuration: ""
[0.089s] -- Up-to-date: /home/kareem/ros2_ws/install/my_robot_controller/share/ament_index/resource_index/package_run_dependencies/my_robot_controller
[0.089s] -- Up-to-date: /home/kareem/ros2_ws/install/my_robot_controller/share/ament_index/resource_index/parent_prefix_path/my_robot_controller
[0.089s] -- Up-to-date: /home/kareem/ros2_ws/install/my_robot_controller/share/my_robot_controller/environment/ament_prefix_path.sh
[0.089s] -- Up-to-date: /home/kareem/ros2_ws/install/my_robot_controller/share/my_robot_controller/environment/ament_prefix_path.dsv
[0.089s] -- Up-to-date: /home/kareem/ros2_ws/install/my_robot_controller/share/my_robot_controller/environment/path.sh
[0.089s] -- Up-to-date: /home/kareem/ros2_ws/install/my_robot_controller/share/my_robot_controller/environment/path.dsv
[0.090s] -- Up-to-date: /home/kareem/ros2_ws/install/my_robot_controller/share/my_robot_controller/local_setup.bash
[0.090s] -- Up-to-date: /home/kareem/ros2_ws/install/my_robot_controller/share/my_robot_controller/local_setup.sh
[0.090s] -- Up-to-date: /home/kareem/ros2_ws/install/my_robot_controller/share/my_robot_controller/local_setup.zsh
[0.090s] -- Up-to-date: /home/kareem/ros2_ws/install/my_robot_controller/share/my_robot_controller/local_setup.dsv
[0.090s] -- Up-to-date: /home/kareem/ros2_ws/install/my_robot_controller/share/my_robot_controller/package.dsv
[0.090s] -- Up-to-date: /home/kareem/ros2_ws/install/my_robot_controller/share/ament_index/resource_index/packages/my_robot_controller
[0.090s] -- Up-to-date: /home/kareem/ros2_ws/install/my_robot_controller/share/my_robot_controller/cmake/my_robot_controllerConfig.cmake
[0.091s] -- Up-to-date: /home/kareem/ros2_ws/install/my_robot_controller/share/my_robot_controller/cmake/my_robot_controllerConfig-version.cmake
[0.091s] -- Up-to-date: /home/kareem/ros2_ws/install/my_robot_controller/share/my_robot_controller/package.xml
[0.103s] Invoked command in '/home/kareem/ros2_ws/build/my_robot_controller' returned '0': /usr/bin/cmake --install /home/kareem/ros2_ws/build/my_robot_controller
