[0.018s] Invoking command in '/home/kareem/ros2_ws/build/my_robot_description2': CMAKE_PREFIX_PATH=${CMAKE_PREFIX_PATH}:/opt/ros/foxy /usr/bin/cmake /home/kareem/ros2_ws/src/my_robot_description2 -DCMAKE_INSTALL_PREFIX=/home/kareem/ros2_ws/install/my_robot_description2
[0.804s] -- The C compiler identification is GNU 9.4.0
[1.127s] -- The CXX compiler identification is GNU 9.4.0
[1.152s] -- Check for working C compiler: /usr/bin/cc
[1.222s] -- Check for working C compiler: /usr/bin/cc -- works
[1.224s] -- Detecting C compiler ABI info
[1.312s] -- Detecting C compiler ABI info - done
[1.321s] -- Detecting C compile features
[1.328s] -- Detecting C compile features - done
[1.332s] -- Check for working CXX compiler: /usr/bin/c++
[1.408s] -- Check for working CXX compiler: /usr/bin/c++ -- works
[1.410s] -- Detecting CXX compiler ABI info
[1.482s] -- Detecting CXX compiler ABI info - done
[1.501s] -- Detecting CXX compile features
[1.502s] -- Detecting CXX compile features - done
[1.529s] -- Found ament_cmake: 0.9.12 (/opt/ros/foxy/share/ament_cmake/cmake)
[1.593s] -- Found PythonInterp: /usr/bin/python3 (found suitable version "3.8.10", minimum required is "3") 
[1.593s] -- Using PYTHON_EXECUTABLE: /usr/bin/python3
[1.960s] -- Found ament_lint_auto: 0.9.8 (/opt/ros/foxy/share/ament_lint_auto/cmake)
[2.187s] -- Added test 'copyright' to check source files copyright and LICENSE
[2.196s] -- Added test 'flake8' to check Python code syntax and style conventions
[2.197s] -- Added test 'lint_cmake' to check CMake code style
[2.202s] -- Added test 'pep257' to check Python code against some of the style conventions in PEP 257
[2.222s] -- Added test 'xmllint' to check XML markup files
[2.225s] -- Configuring done
[2.228s] -- Generating done
[2.229s] -- Build files have been written to: /home/kareem/ros2_ws/build/my_robot_description2
[2.233s] Invoked command in '/home/kareem/ros2_ws/build/my_robot_description2' returned '0': CMAKE_PREFIX_PATH=${CMAKE_PREFIX_PATH}:/opt/ros/foxy /usr/bin/cmake /home/kareem/ros2_ws/src/my_robot_description2 -DCMAKE_INSTALL_PREFIX=/home/kareem/ros2_ws/install/my_robot_description2
[2.233s] Invoking command in '/home/kareem/ros2_ws/build/my_robot_description2': CMAKE_PREFIX_PATH=${CMAKE_PREFIX_PATH}:/opt/ros/foxy /usr/bin/cmake --build /home/kareem/ros2_ws/build/my_robot_description2 -- -j12 -l12
[2.276s] Invoked command in '/home/kareem/ros2_ws/build/my_robot_description2' returned '0': CMAKE_PREFIX_PATH=${CMAKE_PREFIX_PATH}:/opt/ros/foxy /usr/bin/cmake --build /home/kareem/ros2_ws/build/my_robot_description2 -- -j12 -l12
[2.293s] Invoking command in '/home/kareem/ros2_ws/build/my_robot_description2': CMAKE_PREFIX_PATH=${CMAKE_PREFIX_PATH}:/opt/ros/foxy /usr/bin/cmake --install /home/kareem/ros2_ws/build/my_robot_description2
[2.299s] -- Install configuration: ""
[2.299s] -- Installing: /home/kareem/ros2_ws/install/my_robot_description2/share/my_robot_description2/meshes
[2.299s] -- Installing: /home/kareem/ros2_ws/install/my_robot_description2/share/my_robot_description2/meshes/r_caster.stl
[2.300s] -- Installing: /home/kareem/ros2_ws/install/my_robot_description2/share/my_robot_description2/meshes/f_body.stl
[2.307s] -- Installing: /home/kareem/ros2_ws/install/my_robot_description2/share/my_robot_description2/meshes/f_r_wheel.stl
[2.307s] -- Installing: /home/kareem/ros2_ws/install/my_robot_description2/share/my_robot_description2/meshes/f_caster.stl
[2.307s] -- Installing: /home/kareem/ros2_ws/install/my_robot_description2/share/my_robot_description2/meshes/f_l_wheel.stl
[2.308s] -- Installing: /home/kareem/ros2_ws/install/my_robot_description2/share/my_robot_description2/urdf
[2.308s] -- Installing: /home/kareem/ros2_ws/install/my_robot_description2/share/my_robot_description2/urdf/robot_description_gazebo.xacro
[2.308s] -- Installing: /home/kareem/ros2_ws/install/my_robot_description2/share/my_robot_description2/urdf/robot_description.urdf.xacro
[2.308s] -- Installing: /home/kareem/ros2_ws/install/my_robot_description2/share/my_robot_description2/launch
[2.309s] -- Installing: /home/kareem/ros2_ws/install/my_robot_description2/share/my_robot_description2/launch/gazebo.launch.py
[2.309s] -- Installing: /home/kareem/ros2_ws/install/my_robot_description2/share/ament_index/resource_index/package_run_dependencies/my_robot_description2
[2.309s] -- Installing: /home/kareem/ros2_ws/install/my_robot_description2/share/ament_index/resource_index/parent_prefix_path/my_robot_description2
[2.309s] -- Installing: /home/kareem/ros2_ws/install/my_robot_description2/share/my_robot_description2/environment/ament_prefix_path.sh
[2.309s] -- Installing: /home/kareem/ros2_ws/install/my_robot_description2/share/my_robot_description2/environment/ament_prefix_path.dsv
[2.309s] -- Installing: /home/kareem/ros2_ws/install/my_robot_description2/share/my_robot_description2/environment/path.sh
[2.309s] -- Installing: /home/kareem/ros2_ws/install/my_robot_description2/share/my_robot_description2/environment/path.dsv
[2.309s] -- Installing: /home/kareem/ros2_ws/install/my_robot_description2/share/my_robot_description2/local_setup.bash
[2.310s] -- Installing: /home/kareem/ros2_ws/install/my_robot_description2/share/my_robot_description2/local_setup.sh
[2.310s] -- Installing: /home/kareem/ros2_ws/install/my_robot_description2/share/my_robot_description2/local_setup.zsh
[2.310s] -- Installing: /home/kareem/ros2_ws/install/my_robot_description2/share/my_robot_description2/local_setup.dsv
[2.310s] -- Installing: /home/kareem/ros2_ws/install/my_robot_description2/share/my_robot_description2/package.dsv
[2.310s] -- Installing: /home/kareem/ros2_ws/install/my_robot_description2/share/ament_index/resource_index/packages/my_robot_description2
[2.310s] -- Installing: /home/kareem/ros2_ws/install/my_robot_description2/share/my_robot_description2/cmake/my_robot_description2Config.cmake
[2.310s] -- Installing: /home/kareem/ros2_ws/install/my_robot_description2/share/my_robot_description2/cmake/my_robot_description2Config-version.cmake
[2.310s] -- Installing: /home/kareem/ros2_ws/install/my_robot_description2/share/my_robot_description2/package.xml
[2.312s] Invoked command in '/home/kareem/ros2_ws/build/my_robot_description2' returned '0': CMAKE_PREFIX_PATH=${CMAKE_PREFIX_PATH}:/opt/ros/foxy /usr/bin/cmake --install /home/kareem/ros2_ws/build/my_robot_description2
