[0.036s] Invoking command in '/home/kareem/ros2_ws/build/my_robot_description': CMAKE_PREFIX_PATH=/opt/ros/foxy /usr/bin/cmake /home/kareem/ros2_ws/src/my_robot_description -DCMAKE_INSTALL_PREFIX=/home/kareem/ros2_ws/install/my_robot_description
[0.665s] -- The C compiler identification is GNU 9.4.0
[1.047s] -- The CXX compiler identification is GNU 9.4.0
[1.094s] -- Check for working C compiler: /usr/bin/cc
[1.180s] -- Check for working C compiler: /usr/bin/cc -- works
[1.181s] -- Detecting C compiler ABI info
[1.268s] -- Detecting C compiler ABI info - done
[1.280s] -- Detecting C compile features
[1.287s] -- Detecting C compile features - done
[1.290s] -- Check for working CXX compiler: /usr/bin/c++
[1.372s] -- Check for working CXX compiler: /usr/bin/c++ -- works
[1.373s] -- Detecting CXX compiler ABI info
[1.450s] -- Detecting CXX compiler ABI info - done
[1.465s] -- Detecting CXX compile features
[1.466s] -- Detecting CXX compile features - done
[1.521s] -- Found ament_cmake: 0.9.12 (/opt/ros/foxy/share/ament_cmake/cmake)
[1.577s] -- Found PythonInterp: /usr/bin/python3 (found suitable version "3.8.10", minimum required is "3") 
[1.577s] -- Using PYTHON_EXECUTABLE: /usr/bin/python3
[1.977s] -- Found ament_lint_auto: 0.9.8 (/opt/ros/foxy/share/ament_lint_auto/cmake)
[2.204s] -- Added test 'copyright' to check source files copyright and LICENSE
[2.214s] -- Added test 'lint_cmake' to check CMake code style
[2.231s] -- Added test 'xmllint' to check XML markup files
[2.234s] -- Configuring done
[2.236s] -- Generating done
[2.237s] -- Build files have been written to: /home/kareem/ros2_ws/build/my_robot_description
[2.241s] Invoked command in '/home/kareem/ros2_ws/build/my_robot_description' returned '0': CMAKE_PREFIX_PATH=/opt/ros/foxy /usr/bin/cmake /home/kareem/ros2_ws/src/my_robot_description -DCMAKE_INSTALL_PREFIX=/home/kareem/ros2_ws/install/my_robot_description
[2.245s] Invoking command in '/home/kareem/ros2_ws/build/my_robot_description': CMAKE_PREFIX_PATH=/opt/ros/foxy /usr/bin/cmake --build /home/kareem/ros2_ws/build/my_robot_description -- -j12 -l12
[2.274s] Invoked command in '/home/kareem/ros2_ws/build/my_robot_description' returned '0': CMAKE_PREFIX_PATH=/opt/ros/foxy /usr/bin/cmake --build /home/kareem/ros2_ws/build/my_robot_description -- -j12 -l12
[2.297s] Invoking command in '/home/kareem/ros2_ws/build/my_robot_description': CMAKE_PREFIX_PATH=/opt/ros/foxy /usr/bin/cmake --install /home/kareem/ros2_ws/build/my_robot_description
[2.307s] -- Install configuration: ""
[2.307s] -- Installing: /home/kareem/ros2_ws/install/my_robot_description/share/ament_index/resource_index/package_run_dependencies/my_robot_description
[2.307s] -- Installing: /home/kareem/ros2_ws/install/my_robot_description/share/ament_index/resource_index/parent_prefix_path/my_robot_description
[2.307s] -- Installing: /home/kareem/ros2_ws/install/my_robot_description/share/my_robot_description/environment/ament_prefix_path.sh
[2.307s] -- Installing: /home/kareem/ros2_ws/install/my_robot_description/share/my_robot_description/environment/ament_prefix_path.dsv
[2.307s] -- Installing: /home/kareem/ros2_ws/install/my_robot_description/share/my_robot_description/environment/path.sh
[2.307s] -- Installing: /home/kareem/ros2_ws/install/my_robot_description/share/my_robot_description/environment/path.dsv
[2.308s] -- Installing: /home/kareem/ros2_ws/install/my_robot_description/share/my_robot_description/local_setup.bash
[2.308s] -- Installing: /home/kareem/ros2_ws/install/my_robot_description/share/my_robot_description/local_setup.sh
[2.308s] -- Installing: /home/kareem/ros2_ws/install/my_robot_description/share/my_robot_description/local_setup.zsh
[2.308s] -- Installing: /home/kareem/ros2_ws/install/my_robot_description/share/my_robot_description/local_setup.dsv
[2.308s] -- Installing: /home/kareem/ros2_ws/install/my_robot_description/share/my_robot_description/package.dsv
[2.308s] -- Installing: /home/kareem/ros2_ws/install/my_robot_description/share/ament_index/resource_index/packages/my_robot_description
[2.308s] -- Installing: /home/kareem/ros2_ws/install/my_robot_description/share/my_robot_description/cmake/my_robot_descriptionConfig.cmake
[2.308s] -- Installing: /home/kareem/ros2_ws/install/my_robot_description/share/my_robot_description/cmake/my_robot_descriptionConfig-version.cmake
[2.308s] -- Installing: /home/kareem/ros2_ws/install/my_robot_description/share/my_robot_description/package.xml
[2.310s] Invoked command in '/home/kareem/ros2_ws/build/my_robot_description' returned '0': CMAKE_PREFIX_PATH=/opt/ros/foxy /usr/bin/cmake --install /home/kareem/ros2_ws/build/my_robot_description
