[0.079s] Invoking command in '/home/kareem/ros2_ws/build/my_robot_description': /usr/bin/cmake --build /home/kareem/ros2_ws/build/my_robot_description -- -j12 -l12
[0.282s] Invoked command in '/home/kareem/ros2_ws/build/my_robot_description' returned '0': /usr/bin/cmake --build /home/kareem/ros2_ws/build/my_robot_description -- -j12 -l12
[0.312s] Invoking command in '/home/kareem/ros2_ws/build/my_robot_description': /usr/bin/cmake --install /home/kareem/ros2_ws/build/my_robot_description
[0.344s] -- Install configuration: ""
[0.344s] -- Up-to-date: /home/kareem/ros2_ws/install/my_robot_description/share/my_robot_description/meshes
[0.344s] -- Up-to-date: /home/kareem/ros2_ws/install/my_robot_description/share/my_robot_description/meshes/r_caster.stl
[0.344s] -- Up-to-date: /home/kareem/ros2_ws/install/my_robot_description/share/my_robot_description/meshes/f_body.stl
[0.344s] -- Up-to-date: /home/kareem/ros2_ws/install/my_robot_description/share/my_robot_description/meshes/f_r_wheel.stl
[0.344s] -- Up-to-date: /home/kareem/ros2_ws/install/my_robot_description/share/my_robot_description/meshes/f_caster.stl
[0.344s] -- Up-to-date: /home/kareem/ros2_ws/install/my_robot_description/share/my_robot_description/meshes/f_l_wheel.stl
[0.344s] -- Up-to-date: /home/kareem/ros2_ws/install/my_robot_description/share/my_robot_description/urdf
[0.344s] -- Installing: /home/kareem/ros2_ws/install/my_robot_description/share/my_robot_description/urdf/robot_description2.urdf.xacro
[0.345s] -- Up-to-date: /home/kareem/ros2_ws/install/my_robot_description/share/my_robot_description/urdf/robot_description_gazebo.xacro
[0.345s] -- Up-to-date: /home/kareem/ros2_ws/install/my_robot_description/share/my_robot_description/urdf/robot_description.urdf.xacro
[0.345s] -- Up-to-date: /home/kareem/ros2_ws/install/my_robot_description/share/my_robot_description/launch
[0.345s] -- Up-to-date: /home/kareem/ros2_ws/install/my_robot_description/share/my_robot_description/launch/gazebo2.launch.py
[0.345s] -- Up-to-date: /home/kareem/ros2_ws/install/my_robot_description/share/my_robot_description/launch/display.launch.py
[0.345s] -- Up-to-date: /home/kareem/ros2_ws/install/my_robot_description/share/my_robot_description/launch/forloop_multi.launch.py
[0.345s] -- Up-to-date: /home/kareem/ros2_ws/install/my_robot_description/share/my_robot_description/launch/gazebo.launch.py
[0.345s] -- Up-to-date: /home/kareem/ros2_ws/install/my_robot_description/share/ament_index/resource_index/package_run_dependencies/my_robot_description
[0.345s] -- Up-to-date: /home/kareem/ros2_ws/install/my_robot_description/share/ament_index/resource_index/parent_prefix_path/my_robot_description
[0.346s] -- Up-to-date: /home/kareem/ros2_ws/install/my_robot_description/share/my_robot_description/environment/ament_prefix_path.sh
[0.346s] -- Up-to-date: /home/kareem/ros2_ws/install/my_robot_description/share/my_robot_description/environment/ament_prefix_path.dsv
[0.346s] -- Up-to-date: /home/kareem/ros2_ws/install/my_robot_description/share/my_robot_description/environment/path.sh
[0.346s] -- Up-to-date: /home/kareem/ros2_ws/install/my_robot_description/share/my_robot_description/environment/path.dsv
[0.346s] -- Up-to-date: /home/kareem/ros2_ws/install/my_robot_description/share/my_robot_description/local_setup.bash
[0.346s] -- Up-to-date: /home/kareem/ros2_ws/install/my_robot_description/share/my_robot_description/local_setup.sh
[0.346s] -- Up-to-date: /home/kareem/ros2_ws/install/my_robot_description/share/my_robot_description/local_setup.zsh
[0.346s] -- Up-to-date: /home/kareem/ros2_ws/install/my_robot_description/share/my_robot_description/local_setup.dsv
[0.346s] -- Installing: /home/kareem/ros2_ws/install/my_robot_description/share/my_robot_description/package.dsv
[0.378s] -- Up-to-date: /home/kareem/ros2_ws/install/my_robot_description/share/ament_index/resource_index/packages/my_robot_description
[0.378s] -- Up-to-date: /home/kareem/ros2_ws/install/my_robot_description/share/my_robot_description/cmake/my_robot_descriptionConfig.cmake
[0.378s] -- Up-to-date: /home/kareem/ros2_ws/install/my_robot_description/share/my_robot_description/cmake/my_robot_descriptionConfig-version.cmake
[0.378s] -- Up-to-date: /home/kareem/ros2_ws/install/my_robot_description/share/my_robot_description/package.xml
[0.428s] Invoked command in '/home/kareem/ros2_ws/build/my_robot_description' returned '0': /usr/bin/cmake --install /home/kareem/ros2_ws/build/my_robot_description
