[0.282s] DEBUG:colcon:Command line arguments: ['/usr/bin/colcon', 'build']
[0.282s] DEBUG:colcon:Parsed command line arguments: Namespace(allow_overriding=[], ament_cmake_args=None, base_paths=['.'], build_base='build', catkin_cmake_args=None, catkin_skip_building_tests=False, cmake_args=None, cmake_clean_cache=False, cmake_clean_first=False, cmake_force_configure=False, cmake_target=None, cmake_target_skip_unavailable=False, continue_on_error=False, event_handlers=None, executor='parallel', ignore_user_meta=False, install_base='install', log_base=None, log_level=None, main=<bound method BuildVerb.main of <colcon_core.verb.build.BuildVerb object at 0x7f9f4550ce50>>, merge_install=False, metas=['./colcon.meta'], packages_above=None, packages_above_and_dependencies=None, packages_above_depth=None, packages_end=None, packages_ignore=None, packages_ignore_regex=None, packages_select=None, packages_select_build_failed=False, packages_select_by_dep=None, packages_select_regex=None, packages_select_test_failures=False, packages_skip=None, packages_skip_build_finished=False, packages_skip_by_dep=None, packages_skip_regex=None, packages_skip_test_passed=False, packages_skip_up_to=None, packages_start=None, packages_up_to=None, packages_up_to_regex=None, parallel_workers=12, paths=None, symlink_install=False, test_result_base=None, verb_extension=<colcon_core.verb.build.BuildVerb object at 0x7f9f4550ce50>, verb_name='build', verb_parser=<colcon_defaults.argument_parser.defaults.DefaultArgumentsDecorator object at 0x7f9f4538fee0>)
[0.412s] Level 1:colcon.colcon_core.package_discovery:discover_packages(colcon_meta) check parameters
[0.413s] Level 1:colcon.colcon_core.package_discovery:discover_packages(recursive) check parameters
[0.413s] Level 1:colcon.colcon_core.package_discovery:discover_packages(ignore) check parameters
[0.413s] Level 1:colcon.colcon_core.package_discovery:discover_packages(path) check parameters
[0.413s] Level 1:colcon.colcon_core.package_discovery:discover_packages(colcon_meta) discover
[0.413s] Level 1:colcon.colcon_core.package_discovery:discover_packages(recursive) discover
[0.413s] INFO:colcon.colcon_core.package_discovery:Crawling recursively for packages in '/home/kareem/ros2_ws'
[0.413s] Level 1:colcon.colcon_core.package_identification:_identify(.) by extensions ['ignore', 'ignore_ament_install']
[0.413s] Level 1:colcon.colcon_core.package_identification:_identify(.) by extension 'ignore'
[0.413s] Level 1:colcon.colcon_core.package_identification:_identify(.) by extension 'ignore_ament_install'
[0.413s] Level 1:colcon.colcon_core.package_identification:_identify(.) by extensions ['colcon_pkg']
[0.413s] Level 1:colcon.colcon_core.package_identification:_identify(.) by extension 'colcon_pkg'
[0.413s] Level 1:colcon.colcon_core.package_identification:_identify(.) by extensions ['colcon_meta']
[0.413s] Level 1:colcon.colcon_core.package_identification:_identify(.) by extension 'colcon_meta'
[0.413s] Level 1:colcon.colcon_core.package_identification:_identify(.) by extensions ['ros']
[0.413s] Level 1:colcon.colcon_core.package_identification:_identify(.) by extension 'ros'
[0.421s] Level 1:colcon.colcon_core.package_identification:_identify(.) by extensions ['cmake', 'python']
[0.421s] Level 1:colcon.colcon_core.package_identification:_identify(.) by extension 'cmake'
[0.421s] Level 1:colcon.colcon_core.package_identification:_identify(.) by extension 'python'
[0.421s] Level 1:colcon.colcon_core.package_identification:_identify(.) by extensions ['python_setup_py']
[0.421s] Level 1:colcon.colcon_core.package_identification:_identify(.) by extension 'python_setup_py'
[0.421s] Level 1:colcon.colcon_core.package_identification:_identify(build) by extensions ['ignore', 'ignore_ament_install']
[0.421s] Level 1:colcon.colcon_core.package_identification:_identify(build) by extension 'ignore'
[0.421s] Level 1:colcon.colcon_core.package_identification:_identify(build) ignored
[0.421s] Level 1:colcon.colcon_core.package_identification:_identify(install) by extensions ['ignore', 'ignore_ament_install']
[0.421s] Level 1:colcon.colcon_core.package_identification:_identify(install) by extension 'ignore'
[0.421s] Level 1:colcon.colcon_core.package_identification:_identify(install) ignored
[0.421s] Level 1:colcon.colcon_core.package_identification:_identify(log) by extensions ['ignore', 'ignore_ament_install']
[0.421s] Level 1:colcon.colcon_core.package_identification:_identify(log) by extension 'ignore'
[0.421s] Level 1:colcon.colcon_core.package_identification:_identify(log) ignored
[0.421s] Level 1:colcon.colcon_core.package_identification:_identify(src) by extensions ['ignore', 'ignore_ament_install']
[0.421s] Level 1:colcon.colcon_core.package_identification:_identify(src) by extension 'ignore'
[0.422s] Level 1:colcon.colcon_core.package_identification:_identify(src) by extension 'ignore_ament_install'
[0.422s] Level 1:colcon.colcon_core.package_identification:_identify(src) by extensions ['colcon_pkg']
[0.422s] Level 1:colcon.colcon_core.package_identification:_identify(src) by extension 'colcon_pkg'
[0.422s] Level 1:colcon.colcon_core.package_identification:_identify(src) by extensions ['colcon_meta']
[0.422s] Level 1:colcon.colcon_core.package_identification:_identify(src) by extension 'colcon_meta'
[0.422s] Level 1:colcon.colcon_core.package_identification:_identify(src) by extensions ['ros']
[0.422s] Level 1:colcon.colcon_core.package_identification:_identify(src) by extension 'ros'
[0.422s] Level 1:colcon.colcon_core.package_identification:_identify(src) by extensions ['cmake', 'python']
[0.422s] Level 1:colcon.colcon_core.package_identification:_identify(src) by extension 'cmake'
[0.422s] Level 1:colcon.colcon_core.package_identification:_identify(src) by extension 'python'
[0.422s] Level 1:colcon.colcon_core.package_identification:_identify(src) by extensions ['python_setup_py']
[0.422s] Level 1:colcon.colcon_core.package_identification:_identify(src) by extension 'python_setup_py'
[0.422s] Level 1:colcon.colcon_core.package_identification:_identify(src/my_robot_description) by extensions ['ignore', 'ignore_ament_install']
[0.422s] Level 1:colcon.colcon_core.package_identification:_identify(src/my_robot_description) by extension 'ignore'
[0.422s] Level 1:colcon.colcon_core.package_identification:_identify(src/my_robot_description) by extension 'ignore_ament_install'
[0.422s] Level 1:colcon.colcon_core.package_identification:_identify(src/my_robot_description) by extensions ['colcon_pkg']
[0.422s] Level 1:colcon.colcon_core.package_identification:_identify(src/my_robot_description) by extension 'colcon_pkg'
[0.422s] Level 1:colcon.colcon_core.package_identification:_identify(src/my_robot_description) by extensions ['colcon_meta']
[0.422s] Level 1:colcon.colcon_core.package_identification:_identify(src/my_robot_description) by extension 'colcon_meta'
[0.422s] Level 1:colcon.colcon_core.package_identification:_identify(src/my_robot_description) by extensions ['ros']
[0.422s] Level 1:colcon.colcon_core.package_identification:_identify(src/my_robot_description) by extension 'ros'
[0.424s] DEBUG:colcon.colcon_core.package_identification:Package 'src/my_robot_description' with type 'ros.ament_cmake' and name 'my_robot_description'
[0.424s] Level 1:colcon.colcon_core.package_identification:_identify(src/nav) by extensions ['ignore', 'ignore_ament_install']
[0.424s] Level 1:colcon.colcon_core.package_identification:_identify(src/nav) by extension 'ignore'
[0.424s] Level 1:colcon.colcon_core.package_identification:_identify(src/nav) by extension 'ignore_ament_install'
[0.424s] Level 1:colcon.colcon_core.package_identification:_identify(src/nav) by extensions ['colcon_pkg']
[0.424s] Level 1:colcon.colcon_core.package_identification:_identify(src/nav) by extension 'colcon_pkg'
[0.424s] Level 1:colcon.colcon_core.package_identification:_identify(src/nav) by extensions ['colcon_meta']
[0.424s] Level 1:colcon.colcon_core.package_identification:_identify(src/nav) by extension 'colcon_meta'
[0.424s] Level 1:colcon.colcon_core.package_identification:_identify(src/nav) by extensions ['ros']
[0.424s] Level 1:colcon.colcon_core.package_identification:_identify(src/nav) by extension 'ros'
[0.424s] DEBUG:colcon.colcon_core.package_identification:Package 'src/nav' with type 'ros.ament_cmake' and name 'nav'
[0.424s] Level 1:colcon.colcon_core.package_discovery:discover_packages(recursive) using defaults
[0.425s] Level 1:colcon.colcon_core.package_discovery:discover_packages(ignore) discover
[0.425s] Level 1:colcon.colcon_core.package_discovery:discover_packages(ignore) using defaults
[0.425s] Level 1:colcon.colcon_core.package_discovery:discover_packages(path) discover
[0.425s] Level 1:colcon.colcon_core.package_discovery:discover_packages(path) using defaults
[0.446s] Level 1:colcon.colcon_core.package_discovery:discover_packages(prefix_path) check parameters
[0.446s] Level 1:colcon.colcon_core.package_discovery:discover_packages(prefix_path) discover
[0.466s] DEBUG:colcon.colcon_installed_package_information.package_discovery:Found 4 installed packages in /home/kareem/ros2_ws/install
[0.468s] DEBUG:colcon.colcon_installed_package_information.package_discovery:Found 335 installed packages in /opt/ros/foxy
[0.479s] Level 1:colcon.colcon_core.package_discovery:discover_packages(prefix_path) using defaults
[1.058s] Level 5:colcon.colcon_core.verb:set package 'my_robot_description' build argument 'cmake_args' from command line to 'None'
[1.058s] Level 5:colcon.colcon_core.verb:set package 'my_robot_description' build argument 'cmake_target' from command line to 'None'
[1.058s] Level 5:colcon.colcon_core.verb:set package 'my_robot_description' build argument 'cmake_target_skip_unavailable' from command line to 'False'
[1.058s] Level 5:colcon.colcon_core.verb:set package 'my_robot_description' build argument 'cmake_clean_cache' from command line to 'False'
[1.058s] Level 5:colcon.colcon_core.verb:set package 'my_robot_description' build argument 'cmake_clean_first' from command line to 'False'
[1.058s] Level 5:colcon.colcon_core.verb:set package 'my_robot_description' build argument 'cmake_force_configure' from command line to 'False'
[1.058s] Level 5:colcon.colcon_core.verb:set package 'my_robot_description' build argument 'ament_cmake_args' from command line to 'None'
[1.058s] Level 5:colcon.colcon_core.verb:set package 'my_robot_description' build argument 'catkin_cmake_args' from command line to 'None'
[1.059s] Level 5:colcon.colcon_core.verb:set package 'my_robot_description' build argument 'catkin_skip_building_tests' from command line to 'False'
[1.059s] DEBUG:colcon.colcon_core.verb:Building package 'my_robot_description' with the following arguments: {'ament_cmake_args': None, 'build_base': '/home/kareem/ros2_ws/build/my_robot_description', 'catkin_cmake_args': None, 'catkin_skip_building_tests': False, 'cmake_args': None, 'cmake_clean_cache': False, 'cmake_clean_first': False, 'cmake_force_configure': False, 'cmake_target': None, 'cmake_target_skip_unavailable': False, 'install_base': '/home/kareem/ros2_ws/install/my_robot_description', 'merge_install': False, 'path': '/home/kareem/ros2_ws/src/my_robot_description', 'symlink_install': False, 'test_result_base': None}
[1.059s] Level 5:colcon.colcon_core.verb:set package 'nav' build argument 'cmake_args' from command line to 'None'
[1.059s] Level 5:colcon.colcon_core.verb:set package 'nav' build argument 'cmake_target' from command line to 'None'
[1.059s] Level 5:colcon.colcon_core.verb:set package 'nav' build argument 'cmake_target_skip_unavailable' from command line to 'False'
[1.059s] Level 5:colcon.colcon_core.verb:set package 'nav' build argument 'cmake_clean_cache' from command line to 'False'
[1.059s] Level 5:colcon.colcon_core.verb:set package 'nav' build argument 'cmake_clean_first' from command line to 'False'
[1.059s] Level 5:colcon.colcon_core.verb:set package 'nav' build argument 'cmake_force_configure' from command line to 'False'
[1.059s] Level 5:colcon.colcon_core.verb:set package 'nav' build argument 'ament_cmake_args' from command line to 'None'
[1.059s] Level 5:colcon.colcon_core.verb:set package 'nav' build argument 'catkin_cmake_args' from command line to 'None'
[1.059s] Level 5:colcon.colcon_core.verb:set package 'nav' build argument 'catkin_skip_building_tests' from command line to 'False'
[1.059s] DEBUG:colcon.colcon_core.verb:Building package 'nav' with the following arguments: {'ament_cmake_args': None, 'build_base': '/home/kareem/ros2_ws/build/nav', 'catkin_cmake_args': None, 'catkin_skip_building_tests': False, 'cmake_args': None, 'cmake_clean_cache': False, 'cmake_clean_first': False, 'cmake_force_configure': False, 'cmake_target': None, 'cmake_target_skip_unavailable': False, 'install_base': '/home/kareem/ros2_ws/install/nav', 'merge_install': False, 'path': '/home/kareem/ros2_ws/src/nav', 'symlink_install': False, 'test_result_base': None}
[1.059s] INFO:colcon.colcon_core.executor:Executing jobs using 'parallel' executor
[1.060s] DEBUG:colcon.colcon_parallel_executor.executor.parallel:run_until_complete
[1.060s] INFO:colcon.colcon_ros.task.ament_cmake.build:Building ROS package in '/home/kareem/ros2_ws/src/my_robot_description' with build type 'ament_cmake'
[1.060s] INFO:colcon.colcon_cmake.task.cmake.build:Building CMake package in '/home/kareem/ros2_ws/src/my_robot_description'
[1.082s] INFO:colcon.colcon_core.plugin_system:Skipping extension 'colcon_core.shell.bat': Not used on non-Windows systems
[1.082s] INFO:colcon.colcon_core.shell:Skip shell extension 'powershell' for command environment: Not usable outside of PowerShell
[1.082s] DEBUG:colcon.colcon_core.shell:Skip shell extension 'dsv' for command environment
[1.096s] INFO:colcon.colcon_ros.task.ament_cmake.build:Building ROS package in '/home/kareem/ros2_ws/src/nav' with build type 'ament_cmake'
[1.096s] INFO:colcon.colcon_cmake.task.cmake.build:Building CMake package in '/home/kareem/ros2_ws/src/nav'
[1.096s] INFO:colcon.colcon_core.shell:Skip shell extension 'powershell' for command environment: Not usable outside of PowerShell
[1.097s] DEBUG:colcon.colcon_core.shell:Skip shell extension 'dsv' for command environment
[1.116s] DEBUG:colcon.colcon_core.event_handler.log_command:Invoking command in '/home/kareem/ros2_ws/build/my_robot_description': CMAKE_PREFIX_PATH=${CMAKE_PREFIX_PATH}:/opt/ros/foxy /usr/bin/cmake --build /home/kareem/ros2_ws/build/my_robot_description -- -j12 -l12
[1.132s] DEBUG:colcon.colcon_core.event_handler.log_command:Invoking command in '/home/kareem/ros2_ws/build/nav': CMAKE_PREFIX_PATH=${CMAKE_PREFIX_PATH}:/opt/ros/foxy /usr/bin/cmake --build /home/kareem/ros2_ws/build/nav -- -j12 -l12
[1.295s] DEBUG:colcon.colcon_core.event_handler.log_command:Invoked command in '/home/kareem/ros2_ws/build/my_robot_description' returned '0': CMAKE_PREFIX_PATH=${CMAKE_PREFIX_PATH}:/opt/ros/foxy /usr/bin/cmake --build /home/kareem/ros2_ws/build/my_robot_description -- -j12 -l12
[1.302s] DEBUG:colcon.colcon_core.event_handler.log_command:Invoked command in '/home/kareem/ros2_ws/build/nav' returned '0': CMAKE_PREFIX_PATH=${CMAKE_PREFIX_PATH}:/opt/ros/foxy /usr/bin/cmake --build /home/kareem/ros2_ws/build/nav -- -j12 -l12
[1.328s] DEBUG:colcon.colcon_core.event_handler.log_command:Invoking command in '/home/kareem/ros2_ws/build/my_robot_description': CMAKE_PREFIX_PATH=${CMAKE_PREFIX_PATH}:/opt/ros/foxy /usr/bin/cmake --install /home/kareem/ros2_ws/build/my_robot_description
[1.333s] DEBUG:colcon.colcon_core.event_handler.log_command:Invoking command in '/home/kareem/ros2_ws/build/nav': CMAKE_PREFIX_PATH=${CMAKE_PREFIX_PATH}:/opt/ros/foxy /usr/bin/cmake --install /home/kareem/ros2_ws/build/nav
[1.371s] Level 1:colcon.colcon_core.environment:create_environment_scripts_only(nav)
[1.371s] DEBUG:colcon.colcon_core.event_handler.log_command:Invoked command in '/home/kareem/ros2_ws/build/nav' returned '0': CMAKE_PREFIX_PATH=${CMAKE_PREFIX_PATH}:/opt/ros/foxy /usr/bin/cmake --install /home/kareem/ros2_ws/build/nav
[1.414s] Level 1:colcon.colcon_core.environment:checking '/home/kareem/ros2_ws/install/nav' for CMake module files
[1.415s] Level 1:colcon.colcon_core.environment:checking '/home/kareem/ros2_ws/install/nav' for CMake config files
[1.415s] Level 1:colcon.colcon_core.shell:create_environment_hook('nav', 'cmake_prefix_path')
[1.416s] INFO:colcon.colcon_core.shell:Creating environment hook '/home/kareem/ros2_ws/install/nav/share/nav/hook/cmake_prefix_path.ps1'
[1.424s] INFO:colcon.colcon_core.shell:Creating environment descriptor '/home/kareem/ros2_ws/install/nav/share/nav/hook/cmake_prefix_path.dsv'
[1.425s] INFO:colcon.colcon_core.shell:Creating environment hook '/home/kareem/ros2_ws/install/nav/share/nav/hook/cmake_prefix_path.sh'
[1.427s] Level 1:colcon.colcon_core.environment:checking '/home/kareem/ros2_ws/install/nav/bin'
[1.427s] Level 1:colcon.colcon_core.environment:checking '/home/kareem/ros2_ws/install/nav/lib/pkgconfig/nav.pc'
[1.427s] Level 1:colcon.colcon_core.environment:checking '/home/kareem/ros2_ws/install/nav/lib/python3.8/site-packages'
[1.427s] Level 1:colcon.colcon_core.environment:checking '/home/kareem/ros2_ws/install/nav/bin'
[1.427s] INFO:colcon.colcon_core.shell:Creating package script '/home/kareem/ros2_ws/install/nav/share/nav/package.ps1'
[1.429s] INFO:colcon.colcon_core.shell:Creating package descriptor '/home/kareem/ros2_ws/install/nav/share/nav/package.dsv'
[1.430s] INFO:colcon.colcon_core.shell:Creating package script '/home/kareem/ros2_ws/install/nav/share/nav/package.sh'
[1.431s] INFO:colcon.colcon_core.shell:Creating package script '/home/kareem/ros2_ws/install/nav/share/nav/package.bash'
[1.438s] INFO:colcon.colcon_core.shell:Creating package script '/home/kareem/ros2_ws/install/nav/share/nav/package.zsh'
[1.445s] Level 1:colcon.colcon_core.environment:create_file_with_runtime_dependencies(/home/kareem/ros2_ws/install/nav/share/colcon-core/packages/nav)
[1.449s] Level 1:colcon.colcon_core.environment:create_environment_scripts_only(my_robot_description)
[1.450s] Level 1:colcon.colcon_core.environment:checking '/home/kareem/ros2_ws/install/my_robot_description' for CMake module files
[1.451s] DEBUG:colcon.colcon_core.event_handler.log_command:Invoked command in '/home/kareem/ros2_ws/build/my_robot_description' returned '0': CMAKE_PREFIX_PATH=${CMAKE_PREFIX_PATH}:/opt/ros/foxy /usr/bin/cmake --install /home/kareem/ros2_ws/build/my_robot_description
[1.451s] Level 1:colcon.colcon_core.environment:checking '/home/kareem/ros2_ws/install/my_robot_description' for CMake config files
[1.451s] Level 1:colcon.colcon_core.shell:create_environment_hook('my_robot_description', 'cmake_prefix_path')
[1.452s] INFO:colcon.colcon_core.shell:Creating environment hook '/home/kareem/ros2_ws/install/my_robot_description/share/my_robot_description/hook/cmake_prefix_path.ps1'
[1.452s] INFO:colcon.colcon_core.shell:Creating environment descriptor '/home/kareem/ros2_ws/install/my_robot_description/share/my_robot_description/hook/cmake_prefix_path.dsv'
[1.452s] INFO:colcon.colcon_core.shell:Creating environment hook '/home/kareem/ros2_ws/install/my_robot_description/share/my_robot_description/hook/cmake_prefix_path.sh'
[1.453s] Level 1:colcon.colcon_core.environment:checking '/home/kareem/ros2_ws/install/my_robot_description/bin'
[1.453s] Level 1:colcon.colcon_core.environment:checking '/home/kareem/ros2_ws/install/my_robot_description/lib/pkgconfig/my_robot_description.pc'
[1.453s] Level 1:colcon.colcon_core.environment:checking '/home/kareem/ros2_ws/install/my_robot_description/lib/python3.8/site-packages'
[1.454s] Level 1:colcon.colcon_core.environment:checking '/home/kareem/ros2_ws/install/my_robot_description/bin'
[1.454s] INFO:colcon.colcon_core.shell:Creating package script '/home/kareem/ros2_ws/install/my_robot_description/share/my_robot_description/package.ps1'
[1.454s] INFO:colcon.colcon_core.shell:Creating package descriptor '/home/kareem/ros2_ws/install/my_robot_description/share/my_robot_description/package.dsv'
[1.454s] INFO:colcon.colcon_core.shell:Creating package script '/home/kareem/ros2_ws/install/my_robot_description/share/my_robot_description/package.sh'
[1.454s] INFO:colcon.colcon_core.shell:Creating package script '/home/kareem/ros2_ws/install/my_robot_description/share/my_robot_description/package.bash'
[1.455s] INFO:colcon.colcon_core.shell:Creating package script '/home/kareem/ros2_ws/install/my_robot_description/share/my_robot_description/package.zsh'
[1.455s] Level 1:colcon.colcon_core.environment:create_file_with_runtime_dependencies(/home/kareem/ros2_ws/install/my_robot_description/share/colcon-core/packages/my_robot_description)
[1.466s] Level 1:colcon.colcon_core.environment:create_environment_scripts_only(nav)
[1.466s] Level 1:colcon.colcon_core.environment:checking '/home/kareem/ros2_ws/install/nav' for CMake module files
[1.467s] Level 1:colcon.colcon_core.environment:checking '/home/kareem/ros2_ws/install/nav' for CMake config files
[1.467s] Level 1:colcon.colcon_core.shell:create_environment_hook('nav', 'cmake_prefix_path')
[1.468s] INFO:colcon.colcon_core.shell:Creating environment hook '/home/kareem/ros2_ws/install/nav/share/nav/hook/cmake_prefix_path.ps1'
[1.468s] INFO:colcon.colcon_core.shell:Creating environment descriptor '/home/kareem/ros2_ws/install/nav/share/nav/hook/cmake_prefix_path.dsv'
[1.468s] INFO:colcon.colcon_core.shell:Creating environment hook '/home/kareem/ros2_ws/install/nav/share/nav/hook/cmake_prefix_path.sh'
[1.469s] Level 1:colcon.colcon_core.environment:checking '/home/kareem/ros2_ws/install/nav/bin'
[1.469s] Level 1:colcon.colcon_core.environment:checking '/home/kareem/ros2_ws/install/nav/lib/pkgconfig/nav.pc'
[1.470s] Level 1:colcon.colcon_core.environment:checking '/home/kareem/ros2_ws/install/nav/lib/python3.8/site-packages'
[1.470s] Level 1:colcon.colcon_core.environment:checking '/home/kareem/ros2_ws/install/nav/bin'
[1.470s] INFO:colcon.colcon_core.shell:Creating package script '/home/kareem/ros2_ws/install/nav/share/nav/package.ps1'
[1.470s] INFO:colcon.colcon_core.shell:Creating package descriptor '/home/kareem/ros2_ws/install/nav/share/nav/package.dsv'
[1.471s] INFO:colcon.colcon_core.shell:Creating package script '/home/kareem/ros2_ws/install/nav/share/nav/package.sh'
[1.471s] INFO:colcon.colcon_core.shell:Creating package script '/home/kareem/ros2_ws/install/nav/share/nav/package.bash'
[1.472s] INFO:colcon.colcon_core.shell:Creating package script '/home/kareem/ros2_ws/install/nav/share/nav/package.zsh'
[1.472s] Level 1:colcon.colcon_core.environment:create_file_with_runtime_dependencies(/home/kareem/ros2_ws/install/nav/share/colcon-core/packages/nav)
[1.473s] Level 1:colcon.colcon_core.environment:create_environment_scripts_only(my_robot_description)
[1.474s] Level 1:colcon.colcon_core.environment:checking '/home/kareem/ros2_ws/install/my_robot_description' for CMake module files
[1.474s] Level 1:colcon.colcon_core.environment:checking '/home/kareem/ros2_ws/install/my_robot_description' for CMake config files
[1.474s] Level 1:colcon.colcon_core.shell:create_environment_hook('my_robot_description', 'cmake_prefix_path')
[1.474s] INFO:colcon.colcon_core.shell:Creating environment hook '/home/kareem/ros2_ws/install/my_robot_description/share/my_robot_description/hook/cmake_prefix_path.ps1'
[1.475s] INFO:colcon.colcon_core.shell:Creating environment descriptor '/home/kareem/ros2_ws/install/my_robot_description/share/my_robot_description/hook/cmake_prefix_path.dsv'
[1.475s] INFO:colcon.colcon_core.shell:Creating environment hook '/home/kareem/ros2_ws/install/my_robot_description/share/my_robot_description/hook/cmake_prefix_path.sh'
[1.476s] Level 1:colcon.colcon_core.environment:checking '/home/kareem/ros2_ws/install/my_robot_description/bin'
[1.476s] Level 1:colcon.colcon_core.environment:checking '/home/kareem/ros2_ws/install/my_robot_description/lib/pkgconfig/my_robot_description.pc'
[1.476s] Level 1:colcon.colcon_core.environment:checking '/home/kareem/ros2_ws/install/my_robot_description/lib/python3.8/site-packages'
[1.476s] Level 1:colcon.colcon_core.environment:checking '/home/kareem/ros2_ws/install/my_robot_description/bin'
[1.476s] INFO:colcon.colcon_core.shell:Creating package script '/home/kareem/ros2_ws/install/my_robot_description/share/my_robot_description/package.ps1'
[1.477s] INFO:colcon.colcon_core.shell:Creating package descriptor '/home/kareem/ros2_ws/install/my_robot_description/share/my_robot_description/package.dsv'
[1.477s] INFO:colcon.colcon_core.shell:Creating package script '/home/kareem/ros2_ws/install/my_robot_description/share/my_robot_description/package.sh'
[1.477s] INFO:colcon.colcon_core.shell:Creating package script '/home/kareem/ros2_ws/install/my_robot_description/share/my_robot_description/package.bash'
[1.478s] INFO:colcon.colcon_core.shell:Creating package script '/home/kareem/ros2_ws/install/my_robot_description/share/my_robot_description/package.zsh'
[1.478s] Level 1:colcon.colcon_core.environment:create_file_with_runtime_dependencies(/home/kareem/ros2_ws/install/my_robot_description/share/colcon-core/packages/my_robot_description)
[1.479s] DEBUG:colcon.colcon_parallel_executor.executor.parallel:closing loop
[1.479s] DEBUG:colcon.colcon_parallel_executor.executor.parallel:loop closed
[1.479s] DEBUG:colcon.colcon_parallel_executor.executor.parallel:run_until_complete finished with '0'
[1.479s] DEBUG:colcon.colcon_core.event_reactor:joining thread
[1.497s] INFO:colcon.colcon_core.plugin_system:Skipping extension 'colcon_notification.desktop_notification.terminal_notifier': Not used on non-Darwin systems
[1.497s] INFO:colcon.colcon_core.plugin_system:Skipping extension 'colcon_notification.desktop_notification.win32': Not used on non-Windows systems
[1.497s] INFO:colcon.colcon_notification.desktop_notification:Sending desktop notification using 'notify2'
[1.521s] DEBUG:colcon.colcon_core.event_reactor:joined thread
[1.521s] INFO:colcon.colcon_core.shell:Creating prefix script '/home/kareem/ros2_ws/install/local_setup.ps1'
[1.523s] INFO:colcon.colcon_core.shell:Creating prefix util module '/home/kareem/ros2_ws/install/_local_setup_util_ps1.py'
[1.525s] INFO:colcon.colcon_core.shell:Creating prefix chain script '/home/kareem/ros2_ws/install/setup.ps1'
[1.526s] INFO:colcon.colcon_core.shell:Creating prefix script '/home/kareem/ros2_ws/install/local_setup.sh'
[1.527s] INFO:colcon.colcon_core.shell:Creating prefix util module '/home/kareem/ros2_ws/install/_local_setup_util_sh.py'
[1.527s] INFO:colcon.colcon_core.shell:Creating prefix chain script '/home/kareem/ros2_ws/install/setup.sh'
[1.530s] INFO:colcon.colcon_core.shell:Creating prefix script '/home/kareem/ros2_ws/install/local_setup.bash'
[1.539s] INFO:colcon.colcon_core.shell:Creating prefix chain script '/home/kareem/ros2_ws/install/setup.bash'
[1.541s] INFO:colcon.colcon_core.shell:Creating prefix script '/home/kareem/ros2_ws/install/local_setup.zsh'
[1.542s] INFO:colcon.colcon_core.shell:Creating prefix chain script '/home/kareem/ros2_ws/install/setup.zsh'
