[0.153s] DEBUG:colcon:Command line arguments: ['/usr/bin/colcon', 'build']
[0.153s] DEBUG:colcon:Parsed command line arguments: Namespace(allow_overriding=[], ament_cmake_args=None, base_paths=['.'], build_base='build', catkin_cmake_args=None, catkin_skip_building_tests=False, cmake_args=None, cmake_clean_cache=False, cmake_clean_first=False, cmake_force_configure=False, cmake_target=None, cmake_target_skip_unavailable=False, continue_on_error=False, event_handlers=None, executor='parallel', ignore_user_meta=False, install_base='install', log_base=None, log_level=None, main=<bound method BuildVerb.main of <colcon_core.verb.build.BuildVerb object at 0x7f6f9a1bee80>>, merge_install=False, metas=['./colcon.meta'], packages_above=None, packages_above_and_dependencies=None, packages_above_depth=None, packages_end=None, packages_ignore=None, packages_ignore_regex=None, packages_select=None, packages_select_build_failed=False, packages_select_by_dep=None, packages_select_regex=None, packages_select_test_failures=False, packages_skip=None, packages_skip_build_finished=False, packages_skip_by_dep=None, packages_skip_regex=None, packages_skip_test_passed=False, packages_skip_up_to=None, packages_start=None, packages_up_to=None, packages_up_to_regex=None, parallel_workers=12, paths=None, symlink_install=False, test_result_base=None, verb_extension=<colcon_core.verb.build.BuildVerb object at 0x7f6f9a1bee80>, verb_name='build', verb_parser=<colcon_defaults.argument_parser.defaults.DefaultArgumentsDecorator object at 0x7f6f9a050f10>)
[0.267s] Level 1:colcon.colcon_core.package_discovery:discover_packages(colcon_meta) check parameters
[0.267s] Level 1:colcon.colcon_core.package_discovery:discover_packages(recursive) check parameters
[0.267s] Level 1:colcon.colcon_core.package_discovery:discover_packages(ignore) check parameters
[0.267s] Level 1:colcon.colcon_core.package_discovery:discover_packages(path) check parameters
[0.267s] Level 1:colcon.colcon_core.package_discovery:discover_packages(colcon_meta) discover
[0.267s] Level 1:colcon.colcon_core.package_discovery:discover_packages(recursive) discover
[0.267s] INFO:colcon.colcon_core.package_discovery:Crawling recursively for packages in '/home/kareem/ros2_ws'
[0.267s] Level 1:colcon.colcon_core.package_identification:_identify(.) by extensions ['ignore', 'ignore_ament_install']
[0.267s] Level 1:colcon.colcon_core.package_identification:_identify(.) by extension 'ignore'
[0.268s] Level 1:colcon.colcon_core.package_identification:_identify(.) by extension 'ignore_ament_install'
[0.268s] Level 1:colcon.colcon_core.package_identification:_identify(.) by extensions ['colcon_pkg']
[0.268s] Level 1:colcon.colcon_core.package_identification:_identify(.) by extension 'colcon_pkg'
[0.268s] Level 1:colcon.colcon_core.package_identification:_identify(.) by extensions ['colcon_meta']
[0.268s] Level 1:colcon.colcon_core.package_identification:_identify(.) by extension 'colcon_meta'
[0.268s] Level 1:colcon.colcon_core.package_identification:_identify(.) by extensions ['ros']
[0.268s] Level 1:colcon.colcon_core.package_identification:_identify(.) by extension 'ros'
[0.275s] Level 1:colcon.colcon_core.package_identification:_identify(.) by extensions ['cmake', 'python']
[0.275s] Level 1:colcon.colcon_core.package_identification:_identify(.) by extension 'cmake'
[0.275s] Level 1:colcon.colcon_core.package_identification:_identify(.) by extension 'python'
[0.275s] Level 1:colcon.colcon_core.package_identification:_identify(.) by extensions ['python_setup_py']
[0.276s] Level 1:colcon.colcon_core.package_identification:_identify(.) by extension 'python_setup_py'
[0.276s] Level 1:colcon.colcon_core.package_identification:_identify(build) by extensions ['ignore', 'ignore_ament_install']
[0.276s] Level 1:colcon.colcon_core.package_identification:_identify(build) by extension 'ignore'
[0.276s] Level 1:colcon.colcon_core.package_identification:_identify(build) ignored
[0.276s] Level 1:colcon.colcon_core.package_identification:_identify(install) by extensions ['ignore', 'ignore_ament_install']
[0.276s] Level 1:colcon.colcon_core.package_identification:_identify(install) by extension 'ignore'
[0.276s] Level 1:colcon.colcon_core.package_identification:_identify(install) ignored
[0.276s] Level 1:colcon.colcon_core.package_identification:_identify(log) by extensions ['ignore', 'ignore_ament_install']
[0.276s] Level 1:colcon.colcon_core.package_identification:_identify(log) by extension 'ignore'
[0.276s] Level 1:colcon.colcon_core.package_identification:_identify(log) ignored
[0.276s] Level 1:colcon.colcon_core.package_identification:_identify(src) by extensions ['ignore', 'ignore_ament_install']
[0.276s] Level 1:colcon.colcon_core.package_identification:_identify(src) by extension 'ignore'
[0.276s] Level 1:colcon.colcon_core.package_identification:_identify(src) by extension 'ignore_ament_install'
[0.276s] Level 1:colcon.colcon_core.package_identification:_identify(src) by extensions ['colcon_pkg']
[0.276s] Level 1:colcon.colcon_core.package_identification:_identify(src) by extension 'colcon_pkg'
[0.276s] Level 1:colcon.colcon_core.package_identification:_identify(src) by extensions ['colcon_meta']
[0.276s] Level 1:colcon.colcon_core.package_identification:_identify(src) by extension 'colcon_meta'
[0.276s] Level 1:colcon.colcon_core.package_identification:_identify(src) by extensions ['ros']
[0.276s] Level 1:colcon.colcon_core.package_identification:_identify(src) by extension 'ros'
[0.277s] Level 1:colcon.colcon_core.package_identification:_identify(src) by extensions ['cmake', 'python']
[0.277s] Level 1:colcon.colcon_core.package_identification:_identify(src) by extension 'cmake'
[0.277s] Level 1:colcon.colcon_core.package_identification:_identify(src) by extension 'python'
[0.277s] Level 1:colcon.colcon_core.package_identification:_identify(src) by extensions ['python_setup_py']
[0.277s] Level 1:colcon.colcon_core.package_identification:_identify(src) by extension 'python_setup_py'
[0.277s] Level 1:colcon.colcon_core.package_identification:_identify(src/my_robot_description) by extensions ['ignore', 'ignore_ament_install']
[0.277s] Level 1:colcon.colcon_core.package_identification:_identify(src/my_robot_description) by extension 'ignore'
[0.277s] Level 1:colcon.colcon_core.package_identification:_identify(src/my_robot_description) by extension 'ignore_ament_install'
[0.277s] Level 1:colcon.colcon_core.package_identification:_identify(src/my_robot_description) by extensions ['colcon_pkg']
[0.277s] Level 1:colcon.colcon_core.package_identification:_identify(src/my_robot_description) by extension 'colcon_pkg'
[0.277s] Level 1:colcon.colcon_core.package_identification:_identify(src/my_robot_description) by extensions ['colcon_meta']
[0.277s] Level 1:colcon.colcon_core.package_identification:_identify(src/my_robot_description) by extension 'colcon_meta'
[0.277s] Level 1:colcon.colcon_core.package_identification:_identify(src/my_robot_description) by extensions ['ros']
[0.277s] Level 1:colcon.colcon_core.package_identification:_identify(src/my_robot_description) by extension 'ros'
[0.279s] DEBUG:colcon.colcon_core.package_identification:Package 'src/my_robot_description' with type 'ros.ament_cmake' and name 'my_robot_description'
[0.279s] Level 1:colcon.colcon_core.package_identification:_identify(src/my_robot_description2) by extensions ['ignore', 'ignore_ament_install']
[0.279s] Level 1:colcon.colcon_core.package_identification:_identify(src/my_robot_description2) by extension 'ignore'
[0.279s] Level 1:colcon.colcon_core.package_identification:_identify(src/my_robot_description2) by extension 'ignore_ament_install'
[0.279s] Level 1:colcon.colcon_core.package_identification:_identify(src/my_robot_description2) by extensions ['colcon_pkg']
[0.279s] Level 1:colcon.colcon_core.package_identification:_identify(src/my_robot_description2) by extension 'colcon_pkg'
[0.279s] Level 1:colcon.colcon_core.package_identification:_identify(src/my_robot_description2) by extensions ['colcon_meta']
[0.279s] Level 1:colcon.colcon_core.package_identification:_identify(src/my_robot_description2) by extension 'colcon_meta'
[0.279s] Level 1:colcon.colcon_core.package_identification:_identify(src/my_robot_description2) by extensions ['ros']
[0.279s] Level 1:colcon.colcon_core.package_identification:_identify(src/my_robot_description2) by extension 'ros'
[0.279s] DEBUG:colcon.colcon_core.package_identification:Package 'src/my_robot_description2' with type 'ros.ament_cmake' and name 'my_robot_description2'
[0.279s] Level 1:colcon.colcon_core.package_identification:_identify(src/nav) by extensions ['ignore', 'ignore_ament_install']
[0.279s] Level 1:colcon.colcon_core.package_identification:_identify(src/nav) by extension 'ignore'
[0.279s] Level 1:colcon.colcon_core.package_identification:_identify(src/nav) by extension 'ignore_ament_install'
[0.280s] Level 1:colcon.colcon_core.package_identification:_identify(src/nav) by extensions ['colcon_pkg']
[0.280s] Level 1:colcon.colcon_core.package_identification:_identify(src/nav) by extension 'colcon_pkg'
[0.280s] Level 1:colcon.colcon_core.package_identification:_identify(src/nav) by extensions ['colcon_meta']
[0.280s] Level 1:colcon.colcon_core.package_identification:_identify(src/nav) by extension 'colcon_meta'
[0.280s] Level 1:colcon.colcon_core.package_identification:_identify(src/nav) by extensions ['ros']
[0.280s] Level 1:colcon.colcon_core.package_identification:_identify(src/nav) by extension 'ros'
[0.280s] DEBUG:colcon.colcon_core.package_identification:Package 'src/nav' with type 'ros.ament_cmake' and name 'nav'
[0.280s] Level 1:colcon.colcon_core.package_discovery:discover_packages(recursive) using defaults
[0.280s] Level 1:colcon.colcon_core.package_discovery:discover_packages(ignore) discover
[0.280s] Level 1:colcon.colcon_core.package_discovery:discover_packages(ignore) using defaults
[0.280s] Level 1:colcon.colcon_core.package_discovery:discover_packages(path) discover
[0.280s] Level 1:colcon.colcon_core.package_discovery:discover_packages(path) using defaults
[0.291s] Level 1:colcon.colcon_core.package_discovery:discover_packages(prefix_path) check parameters
[0.291s] Level 1:colcon.colcon_core.package_discovery:discover_packages(prefix_path) discover
[0.292s] DEBUG:colcon.colcon_installed_package_information.package_discovery:Found 5 installed packages in /home/kareem/ros2_ws/install
[0.293s] DEBUG:colcon.colcon_installed_package_information.package_discovery:Found 335 installed packages in /opt/ros/foxy
[0.301s] Level 1:colcon.colcon_core.package_discovery:discover_packages(prefix_path) using defaults
[0.350s] Level 5:colcon.colcon_core.verb:set package 'my_robot_description' build argument 'cmake_args' from command line to 'None'
[0.350s] Level 5:colcon.colcon_core.verb:set package 'my_robot_description' build argument 'cmake_target' from command line to 'None'
[0.350s] Level 5:colcon.colcon_core.verb:set package 'my_robot_description' build argument 'cmake_target_skip_unavailable' from command line to 'False'
[0.350s] Level 5:colcon.colcon_core.verb:set package 'my_robot_description' build argument 'cmake_clean_cache' from command line to 'False'
[0.350s] Level 5:colcon.colcon_core.verb:set package 'my_robot_description' build argument 'cmake_clean_first' from command line to 'False'
[0.350s] Level 5:colcon.colcon_core.verb:set package 'my_robot_description' build argument 'cmake_force_configure' from command line to 'False'
[0.350s] Level 5:colcon.colcon_core.verb:set package 'my_robot_description' build argument 'ament_cmake_args' from command line to 'None'
[0.350s] Level 5:colcon.colcon_core.verb:set package 'my_robot_description' build argument 'catkin_cmake_args' from command line to 'None'
[0.350s] Level 5:colcon.colcon_core.verb:set package 'my_robot_description' build argument 'catkin_skip_building_tests' from command line to 'False'
[0.350s] DEBUG:colcon.colcon_core.verb:Building package 'my_robot_description' with the following arguments: {'ament_cmake_args': None, 'build_base': '/home/kareem/ros2_ws/build/my_robot_description', 'catkin_cmake_args': None, 'catkin_skip_building_tests': False, 'cmake_args': None, 'cmake_clean_cache': False, 'cmake_clean_first': False, 'cmake_force_configure': False, 'cmake_target': None, 'cmake_target_skip_unavailable': False, 'install_base': '/home/kareem/ros2_ws/install/my_robot_description', 'merge_install': False, 'path': '/home/kareem/ros2_ws/src/my_robot_description', 'symlink_install': False, 'test_result_base': None}
[0.350s] Level 5:colcon.colcon_core.verb:set package 'my_robot_description2' build argument 'cmake_args' from command line to 'None'
[0.350s] Level 5:colcon.colcon_core.verb:set package 'my_robot_description2' build argument 'cmake_target' from command line to 'None'
[0.351s] Level 5:colcon.colcon_core.verb:set package 'my_robot_description2' build argument 'cmake_target_skip_unavailable' from command line to 'False'
[0.351s] Level 5:colcon.colcon_core.verb:set package 'my_robot_description2' build argument 'cmake_clean_cache' from command line to 'False'
[0.351s] Level 5:colcon.colcon_core.verb:set package 'my_robot_description2' build argument 'cmake_clean_first' from command line to 'False'
[0.351s] Level 5:colcon.colcon_core.verb:set package 'my_robot_description2' build argument 'cmake_force_configure' from command line to 'False'
[0.351s] Level 5:colcon.colcon_core.verb:set package 'my_robot_description2' build argument 'ament_cmake_args' from command line to 'None'
[0.351s] Level 5:colcon.colcon_core.verb:set package 'my_robot_description2' build argument 'catkin_cmake_args' from command line to 'None'
[0.351s] Level 5:colcon.colcon_core.verb:set package 'my_robot_description2' build argument 'catkin_skip_building_tests' from command line to 'False'
[0.351s] DEBUG:colcon.colcon_core.verb:Building package 'my_robot_description2' with the following arguments: {'ament_cmake_args': None, 'build_base': '/home/kareem/ros2_ws/build/my_robot_description2', 'catkin_cmake_args': None, 'catkin_skip_building_tests': False, 'cmake_args': None, 'cmake_clean_cache': False, 'cmake_clean_first': False, 'cmake_force_configure': False, 'cmake_target': None, 'cmake_target_skip_unavailable': False, 'install_base': '/home/kareem/ros2_ws/install/my_robot_description2', 'merge_install': False, 'path': '/home/kareem/ros2_ws/src/my_robot_description2', 'symlink_install': False, 'test_result_base': None}
[0.351s] Level 5:colcon.colcon_core.verb:set package 'nav' build argument 'cmake_args' from command line to 'None'
[0.351s] Level 5:colcon.colcon_core.verb:set package 'nav' build argument 'cmake_target' from command line to 'None'
[0.351s] Level 5:colcon.colcon_core.verb:set package 'nav' build argument 'cmake_target_skip_unavailable' from command line to 'False'
[0.351s] Level 5:colcon.colcon_core.verb:set package 'nav' build argument 'cmake_clean_cache' from command line to 'False'
[0.351s] Level 5:colcon.colcon_core.verb:set package 'nav' build argument 'cmake_clean_first' from command line to 'False'
[0.351s] Level 5:colcon.colcon_core.verb:set package 'nav' build argument 'cmake_force_configure' from command line to 'False'
[0.351s] Level 5:colcon.colcon_core.verb:set package 'nav' build argument 'ament_cmake_args' from command line to 'None'
[0.351s] Level 5:colcon.colcon_core.verb:set package 'nav' build argument 'catkin_cmake_args' from command line to 'None'
[0.351s] Level 5:colcon.colcon_core.verb:set package 'nav' build argument 'catkin_skip_building_tests' from command line to 'False'
[0.351s] DEBUG:colcon.colcon_core.verb:Building package 'nav' with the following arguments: {'ament_cmake_args': None, 'build_base': '/home/kareem/ros2_ws/build/nav', 'catkin_cmake_args': None, 'catkin_skip_building_tests': False, 'cmake_args': None, 'cmake_clean_cache': False, 'cmake_clean_first': False, 'cmake_force_configure': False, 'cmake_target': None, 'cmake_target_skip_unavailable': False, 'install_base': '/home/kareem/ros2_ws/install/nav', 'merge_install': False, 'path': '/home/kareem/ros2_ws/src/nav', 'symlink_install': False, 'test_result_base': None}
[0.351s] INFO:colcon.colcon_core.executor:Executing jobs using 'parallel' executor
[0.352s] DEBUG:colcon.colcon_parallel_executor.executor.parallel:run_until_complete
[0.352s] INFO:colcon.colcon_ros.task.ament_cmake.build:Building ROS package in '/home/kareem/ros2_ws/src/my_robot_description' with build type 'ament_cmake'
[0.352s] INFO:colcon.colcon_cmake.task.cmake.build:Building CMake package in '/home/kareem/ros2_ws/src/my_robot_description'
[0.354s] INFO:colcon.colcon_core.plugin_system:Skipping extension 'colcon_core.shell.bat': Not used on non-Windows systems
[0.354s] INFO:colcon.colcon_core.shell:Skip shell extension 'powershell' for command environment: Not usable outside of PowerShell
[0.354s] DEBUG:colcon.colcon_core.shell:Skip shell extension 'dsv' for command environment
[0.358s] INFO:colcon.colcon_ros.task.ament_cmake.build:Building ROS package in '/home/kareem/ros2_ws/src/my_robot_description2' with build type 'ament_cmake'
[0.359s] INFO:colcon.colcon_cmake.task.cmake.build:Building CMake package in '/home/kareem/ros2_ws/src/my_robot_description2'
[0.359s] INFO:colcon.colcon_core.shell:Skip shell extension 'powershell' for command environment: Not usable outside of PowerShell
[0.359s] DEBUG:colcon.colcon_core.shell:Skip shell extension 'dsv' for command environment
[0.365s] INFO:colcon.colcon_ros.task.ament_cmake.build:Building ROS package in '/home/kareem/ros2_ws/src/nav' with build type 'ament_cmake'
[0.365s] INFO:colcon.colcon_cmake.task.cmake.build:Building CMake package in '/home/kareem/ros2_ws/src/nav'
[0.366s] INFO:colcon.colcon_core.shell:Skip shell extension 'powershell' for command environment: Not usable outside of PowerShell
[0.366s] DEBUG:colcon.colcon_core.shell:Skip shell extension 'dsv' for command environment
[0.377s] DEBUG:colcon.colcon_core.event_handler.log_command:Invoking command in '/home/kareem/ros2_ws/build/my_robot_description': CMAKE_PREFIX_PATH=${CMAKE_PREFIX_PATH}:/opt/ros/foxy /usr/bin/cmake --build /home/kareem/ros2_ws/build/my_robot_description -- -j12 -l12
[0.380s] DEBUG:colcon.colcon_core.event_handler.log_command:Invoking command in '/home/kareem/ros2_ws/build/my_robot_description2': CMAKE_PREFIX_PATH=${CMAKE_PREFIX_PATH}:/opt/ros/foxy /usr/bin/cmake --build /home/kareem/ros2_ws/build/my_robot_description2 -- -j12 -l12
[0.385s] DEBUG:colcon.colcon_core.event_handler.log_command:Invoking command in '/home/kareem/ros2_ws/build/nav': CMAKE_PREFIX_PATH=${CMAKE_PREFIX_PATH}:/opt/ros/foxy /usr/bin/cmake --build /home/kareem/ros2_ws/build/nav -- -j12 -l12
[0.408s] DEBUG:colcon.colcon_core.event_handler.log_command:Invoked command in '/home/kareem/ros2_ws/build/my_robot_description' returned '0': CMAKE_PREFIX_PATH=${CMAKE_PREFIX_PATH}:/opt/ros/foxy /usr/bin/cmake --build /home/kareem/ros2_ws/build/my_robot_description -- -j12 -l12
[0.415s] DEBUG:colcon.colcon_core.event_handler.log_command:Invoked command in '/home/kareem/ros2_ws/build/my_robot_description2' returned '0': CMAKE_PREFIX_PATH=${CMAKE_PREFIX_PATH}:/opt/ros/foxy /usr/bin/cmake --build /home/kareem/ros2_ws/build/my_robot_description2 -- -j12 -l12
[0.417s] DEBUG:colcon.colcon_core.event_handler.log_command:Invoked command in '/home/kareem/ros2_ws/build/nav' returned '0': CMAKE_PREFIX_PATH=${CMAKE_PREFIX_PATH}:/opt/ros/foxy /usr/bin/cmake --build /home/kareem/ros2_ws/build/nav -- -j12 -l12
[0.442s] DEBUG:colcon.colcon_core.event_handler.log_command:Invoking command in '/home/kareem/ros2_ws/build/my_robot_description': CMAKE_PREFIX_PATH=${CMAKE_PREFIX_PATH}:/opt/ros/foxy /usr/bin/cmake --install /home/kareem/ros2_ws/build/my_robot_description
[0.447s] DEBUG:colcon.colcon_core.event_handler.log_command:Invoking command in '/home/kareem/ros2_ws/build/nav': CMAKE_PREFIX_PATH=${CMAKE_PREFIX_PATH}:/opt/ros/foxy /usr/bin/cmake --install /home/kareem/ros2_ws/build/nav
[0.449s] DEBUG:colcon.colcon_core.event_handler.log_command:Invoking command in '/home/kareem/ros2_ws/build/my_robot_description2': CMAKE_PREFIX_PATH=${CMAKE_PREFIX_PATH}:/opt/ros/foxy /usr/bin/cmake --install /home/kareem/ros2_ws/build/my_robot_description2
[0.455s] Level 1:colcon.colcon_core.environment:create_environment_scripts_only(my_robot_description)
[0.456s] DEBUG:colcon.colcon_core.event_handler.log_command:Invoked command in '/home/kareem/ros2_ws/build/my_robot_description' returned '0': CMAKE_PREFIX_PATH=${CMAKE_PREFIX_PATH}:/opt/ros/foxy /usr/bin/cmake --install /home/kareem/ros2_ws/build/my_robot_description
[0.461s] Level 1:colcon.colcon_core.environment:checking '/home/kareem/ros2_ws/install/my_robot_description' for CMake module files
[0.461s] Level 1:colcon.colcon_core.environment:checking '/home/kareem/ros2_ws/install/my_robot_description' for CMake config files
[0.464s] Level 1:colcon.colcon_core.shell:create_environment_hook('my_robot_description', 'cmake_prefix_path')
[0.464s] INFO:colcon.colcon_core.shell:Creating environment hook '/home/kareem/ros2_ws/install/my_robot_description/share/my_robot_description/hook/cmake_prefix_path.ps1'
[0.465s] INFO:colcon.colcon_core.shell:Creating environment descriptor '/home/kareem/ros2_ws/install/my_robot_description/share/my_robot_description/hook/cmake_prefix_path.dsv'
[0.465s] INFO:colcon.colcon_core.shell:Creating environment hook '/home/kareem/ros2_ws/install/my_robot_description/share/my_robot_description/hook/cmake_prefix_path.sh'
[0.466s] Level 1:colcon.colcon_core.environment:checking '/home/kareem/ros2_ws/install/my_robot_description/bin'
[0.466s] Level 1:colcon.colcon_core.environment:checking '/home/kareem/ros2_ws/install/my_robot_description/lib/pkgconfig/my_robot_description.pc'
[0.467s] Level 1:colcon.colcon_core.environment:checking '/home/kareem/ros2_ws/install/my_robot_description/lib/python3.8/site-packages'
[0.467s] Level 1:colcon.colcon_core.environment:checking '/home/kareem/ros2_ws/install/my_robot_description/bin'
[0.467s] INFO:colcon.colcon_core.shell:Creating package script '/home/kareem/ros2_ws/install/my_robot_description/share/my_robot_description/package.ps1'
[0.468s] INFO:colcon.colcon_core.shell:Creating package descriptor '/home/kareem/ros2_ws/install/my_robot_description/share/my_robot_description/package.dsv'
[0.468s] INFO:colcon.colcon_core.shell:Creating package script '/home/kareem/ros2_ws/install/my_robot_description/share/my_robot_description/package.sh'
[0.469s] INFO:colcon.colcon_core.shell:Creating package script '/home/kareem/ros2_ws/install/my_robot_description/share/my_robot_description/package.bash'
[0.469s] INFO:colcon.colcon_core.shell:Creating package script '/home/kareem/ros2_ws/install/my_robot_description/share/my_robot_description/package.zsh'
[0.470s] Level 1:colcon.colcon_core.environment:create_file_with_runtime_dependencies(/home/kareem/ros2_ws/install/my_robot_description/share/colcon-core/packages/my_robot_description)
[0.474s] Level 1:colcon.colcon_core.environment:create_environment_scripts_only(nav)
[0.474s] Level 1:colcon.colcon_core.environment:checking '/home/kareem/ros2_ws/install/nav' for CMake module files
[0.475s] DEBUG:colcon.colcon_core.event_handler.log_command:Invoked command in '/home/kareem/ros2_ws/build/nav' returned '0': CMAKE_PREFIX_PATH=${CMAKE_PREFIX_PATH}:/opt/ros/foxy /usr/bin/cmake --install /home/kareem/ros2_ws/build/nav
[0.475s] Level 1:colcon.colcon_core.environment:checking '/home/kareem/ros2_ws/install/nav' for CMake config files
[0.475s] Level 1:colcon.colcon_core.shell:create_environment_hook('nav', 'cmake_prefix_path')
[0.476s] INFO:colcon.colcon_core.shell:Creating environment hook '/home/kareem/ros2_ws/install/nav/share/nav/hook/cmake_prefix_path.ps1'
[0.476s] INFO:colcon.colcon_core.shell:Creating environment descriptor '/home/kareem/ros2_ws/install/nav/share/nav/hook/cmake_prefix_path.dsv'
[0.476s] INFO:colcon.colcon_core.shell:Creating environment hook '/home/kareem/ros2_ws/install/nav/share/nav/hook/cmake_prefix_path.sh'
[0.477s] Level 1:colcon.colcon_core.environment:checking '/home/kareem/ros2_ws/install/nav/bin'
[0.477s] Level 1:colcon.colcon_core.environment:checking '/home/kareem/ros2_ws/install/nav/lib/pkgconfig/nav.pc'
[0.477s] Level 1:colcon.colcon_core.environment:checking '/home/kareem/ros2_ws/install/nav/lib/python3.8/site-packages'
[0.477s] Level 1:colcon.colcon_core.environment:checking '/home/kareem/ros2_ws/install/nav/bin'
[0.477s] INFO:colcon.colcon_core.shell:Creating package script '/home/kareem/ros2_ws/install/nav/share/nav/package.ps1'
[0.478s] INFO:colcon.colcon_core.shell:Creating package descriptor '/home/kareem/ros2_ws/install/nav/share/nav/package.dsv'
[0.478s] INFO:colcon.colcon_core.shell:Creating package script '/home/kareem/ros2_ws/install/nav/share/nav/package.sh'
[0.478s] INFO:colcon.colcon_core.shell:Creating package script '/home/kareem/ros2_ws/install/nav/share/nav/package.bash'
[0.479s] INFO:colcon.colcon_core.shell:Creating package script '/home/kareem/ros2_ws/install/nav/share/nav/package.zsh'
[0.479s] Level 1:colcon.colcon_core.environment:create_file_with_runtime_dependencies(/home/kareem/ros2_ws/install/nav/share/colcon-core/packages/nav)
[0.482s] Level 1:colcon.colcon_core.environment:create_environment_scripts_only(my_robot_description2)
[0.483s] Level 1:colcon.colcon_core.environment:checking '/home/kareem/ros2_ws/install/my_robot_description2' for CMake module files
[0.483s] DEBUG:colcon.colcon_core.event_handler.log_command:Invoked command in '/home/kareem/ros2_ws/build/my_robot_description2' returned '0': CMAKE_PREFIX_PATH=${CMAKE_PREFIX_PATH}:/opt/ros/foxy /usr/bin/cmake --install /home/kareem/ros2_ws/build/my_robot_description2
[0.484s] Level 1:colcon.colcon_core.environment:checking '/home/kareem/ros2_ws/install/my_robot_description2' for CMake config files
[0.484s] Level 1:colcon.colcon_core.shell:create_environment_hook('my_robot_description2', 'cmake_prefix_path')
[0.484s] INFO:colcon.colcon_core.shell:Creating environment hook '/home/kareem/ros2_ws/install/my_robot_description2/share/my_robot_description2/hook/cmake_prefix_path.ps1'
[0.484s] INFO:colcon.colcon_core.shell:Creating environment descriptor '/home/kareem/ros2_ws/install/my_robot_description2/share/my_robot_description2/hook/cmake_prefix_path.dsv'
[0.486s] INFO:colcon.colcon_core.shell:Creating environment hook '/home/kareem/ros2_ws/install/my_robot_description2/share/my_robot_description2/hook/cmake_prefix_path.sh'
[0.486s] Level 1:colcon.colcon_core.environment:checking '/home/kareem/ros2_ws/install/my_robot_description2/bin'
[0.486s] Level 1:colcon.colcon_core.environment:checking '/home/kareem/ros2_ws/install/my_robot_description2/lib/pkgconfig/my_robot_description2.pc'
[0.486s] Level 1:colcon.colcon_core.environment:checking '/home/kareem/ros2_ws/install/my_robot_description2/lib/python3.8/site-packages'
[0.487s] Level 1:colcon.colcon_core.environment:checking '/home/kareem/ros2_ws/install/my_robot_description2/bin'
[0.487s] INFO:colcon.colcon_core.shell:Creating package script '/home/kareem/ros2_ws/install/my_robot_description2/share/my_robot_description2/package.ps1'
[0.487s] INFO:colcon.colcon_core.shell:Creating package descriptor '/home/kareem/ros2_ws/install/my_robot_description2/share/my_robot_description2/package.dsv'
[0.487s] INFO:colcon.colcon_core.shell:Creating package script '/home/kareem/ros2_ws/install/my_robot_description2/share/my_robot_description2/package.sh'
[0.488s] INFO:colcon.colcon_core.shell:Creating package script '/home/kareem/ros2_ws/install/my_robot_description2/share/my_robot_description2/package.bash'
[0.488s] INFO:colcon.colcon_core.shell:Creating package script '/home/kareem/ros2_ws/install/my_robot_description2/share/my_robot_description2/package.zsh'
[0.488s] Level 1:colcon.colcon_core.environment:create_file_with_runtime_dependencies(/home/kareem/ros2_ws/install/my_robot_description2/share/colcon-core/packages/my_robot_description2)
[0.491s] Level 1:colcon.colcon_core.environment:create_environment_scripts_only(my_robot_description)
[0.492s] Level 1:colcon.colcon_core.environment:checking '/home/kareem/ros2_ws/install/my_robot_description' for CMake module files
[0.492s] Level 1:colcon.colcon_core.environment:checking '/home/kareem/ros2_ws/install/my_robot_description' for CMake config files
[0.493s] Level 1:colcon.colcon_core.shell:create_environment_hook('my_robot_description', 'cmake_prefix_path')
[0.493s] INFO:colcon.colcon_core.shell:Creating environment hook '/home/kareem/ros2_ws/install/my_robot_description/share/my_robot_description/hook/cmake_prefix_path.ps1'
[0.493s] INFO:colcon.colcon_core.shell:Creating environment descriptor '/home/kareem/ros2_ws/install/my_robot_description/share/my_robot_description/hook/cmake_prefix_path.dsv'
[0.494s] INFO:colcon.colcon_core.shell:Creating environment hook '/home/kareem/ros2_ws/install/my_robot_description/share/my_robot_description/hook/cmake_prefix_path.sh'
[0.494s] Level 1:colcon.colcon_core.environment:checking '/home/kareem/ros2_ws/install/my_robot_description/bin'
[0.494s] Level 1:colcon.colcon_core.environment:checking '/home/kareem/ros2_ws/install/my_robot_description/lib/pkgconfig/my_robot_description.pc'
[0.495s] Level 1:colcon.colcon_core.environment:checking '/home/kareem/ros2_ws/install/my_robot_description/lib/python3.8/site-packages'
[0.495s] Level 1:colcon.colcon_core.environment:checking '/home/kareem/ros2_ws/install/my_robot_description/bin'
[0.495s] INFO:colcon.colcon_core.shell:Creating package script '/home/kareem/ros2_ws/install/my_robot_description/share/my_robot_description/package.ps1'
[0.496s] INFO:colcon.colcon_core.shell:Creating package descriptor '/home/kareem/ros2_ws/install/my_robot_description/share/my_robot_description/package.dsv'
[0.496s] INFO:colcon.colcon_core.shell:Creating package script '/home/kareem/ros2_ws/install/my_robot_description/share/my_robot_description/package.sh'
[0.497s] INFO:colcon.colcon_core.shell:Creating package script '/home/kareem/ros2_ws/install/my_robot_description/share/my_robot_description/package.bash'
[0.497s] INFO:colcon.colcon_core.shell:Creating package script '/home/kareem/ros2_ws/install/my_robot_description/share/my_robot_description/package.zsh'
[0.498s] Level 1:colcon.colcon_core.environment:create_file_with_runtime_dependencies(/home/kareem/ros2_ws/install/my_robot_description/share/colcon-core/packages/my_robot_description)
[0.499s] Level 1:colcon.colcon_core.environment:create_environment_scripts_only(nav)
[0.499s] Level 1:colcon.colcon_core.environment:checking '/home/kareem/ros2_ws/install/nav' for CMake module files
[0.500s] Level 1:colcon.colcon_core.environment:checking '/home/kareem/ros2_ws/install/nav' for CMake config files
[0.500s] Level 1:colcon.colcon_core.shell:create_environment_hook('nav', 'cmake_prefix_path')
[0.500s] INFO:colcon.colcon_core.shell:Creating environment hook '/home/kareem/ros2_ws/install/nav/share/nav/hook/cmake_prefix_path.ps1'
[0.500s] INFO:colcon.colcon_core.shell:Creating environment descriptor '/home/kareem/ros2_ws/install/nav/share/nav/hook/cmake_prefix_path.dsv'
[0.500s] INFO:colcon.colcon_core.shell:Creating environment hook '/home/kareem/ros2_ws/install/nav/share/nav/hook/cmake_prefix_path.sh'
[0.501s] Level 1:colcon.colcon_core.environment:checking '/home/kareem/ros2_ws/install/nav/bin'
[0.501s] Level 1:colcon.colcon_core.environment:checking '/home/kareem/ros2_ws/install/nav/lib/pkgconfig/nav.pc'
[0.501s] Level 1:colcon.colcon_core.environment:checking '/home/kareem/ros2_ws/install/nav/lib/python3.8/site-packages'
[0.501s] Level 1:colcon.colcon_core.environment:checking '/home/kareem/ros2_ws/install/nav/bin'
[0.501s] INFO:colcon.colcon_core.shell:Creating package script '/home/kareem/ros2_ws/install/nav/share/nav/package.ps1'
[0.502s] INFO:colcon.colcon_core.shell:Creating package descriptor '/home/kareem/ros2_ws/install/nav/share/nav/package.dsv'
[0.502s] INFO:colcon.colcon_core.shell:Creating package script '/home/kareem/ros2_ws/install/nav/share/nav/package.sh'
[0.502s] INFO:colcon.colcon_core.shell:Creating package script '/home/kareem/ros2_ws/install/nav/share/nav/package.bash'
[0.503s] INFO:colcon.colcon_core.shell:Creating package script '/home/kareem/ros2_ws/install/nav/share/nav/package.zsh'
[0.503s] Level 1:colcon.colcon_core.environment:create_file_with_runtime_dependencies(/home/kareem/ros2_ws/install/nav/share/colcon-core/packages/nav)
[0.503s] Level 1:colcon.colcon_core.environment:create_environment_scripts_only(my_robot_description2)
[0.504s] Level 1:colcon.colcon_core.environment:checking '/home/kareem/ros2_ws/install/my_robot_description2' for CMake module files
[0.504s] Level 1:colcon.colcon_core.environment:checking '/home/kareem/ros2_ws/install/my_robot_description2' for CMake config files
[0.504s] Level 1:colcon.colcon_core.shell:create_environment_hook('my_robot_description2', 'cmake_prefix_path')
[0.504s] INFO:colcon.colcon_core.shell:Creating environment hook '/home/kareem/ros2_ws/install/my_robot_description2/share/my_robot_description2/hook/cmake_prefix_path.ps1'
[0.505s] INFO:colcon.colcon_core.shell:Creating environment descriptor '/home/kareem/ros2_ws/install/my_robot_description2/share/my_robot_description2/hook/cmake_prefix_path.dsv'
[0.505s] INFO:colcon.colcon_core.shell:Creating environment hook '/home/kareem/ros2_ws/install/my_robot_description2/share/my_robot_description2/hook/cmake_prefix_path.sh'
[0.505s] Level 1:colcon.colcon_core.environment:checking '/home/kareem/ros2_ws/install/my_robot_description2/bin'
[0.505s] Level 1:colcon.colcon_core.environment:checking '/home/kareem/ros2_ws/install/my_robot_description2/lib/pkgconfig/my_robot_description2.pc'
[0.505s] Level 1:colcon.colcon_core.environment:checking '/home/kareem/ros2_ws/install/my_robot_description2/lib/python3.8/site-packages'
[0.506s] Level 1:colcon.colcon_core.environment:checking '/home/kareem/ros2_ws/install/my_robot_description2/bin'
[0.506s] INFO:colcon.colcon_core.shell:Creating package script '/home/kareem/ros2_ws/install/my_robot_description2/share/my_robot_description2/package.ps1'
[0.506s] INFO:colcon.colcon_core.shell:Creating package descriptor '/home/kareem/ros2_ws/install/my_robot_description2/share/my_robot_description2/package.dsv'
[0.506s] INFO:colcon.colcon_core.shell:Creating package script '/home/kareem/ros2_ws/install/my_robot_description2/share/my_robot_description2/package.sh'
[0.507s] INFO:colcon.colcon_core.shell:Creating package script '/home/kareem/ros2_ws/install/my_robot_description2/share/my_robot_description2/package.bash'
[0.507s] INFO:colcon.colcon_core.shell:Creating package script '/home/kareem/ros2_ws/install/my_robot_description2/share/my_robot_description2/package.zsh'
[0.507s] Level 1:colcon.colcon_core.environment:create_file_with_runtime_dependencies(/home/kareem/ros2_ws/install/my_robot_description2/share/colcon-core/packages/my_robot_description2)
[0.507s] DEBUG:colcon.colcon_parallel_executor.executor.parallel:closing loop
[0.508s] DEBUG:colcon.colcon_parallel_executor.executor.parallel:loop closed
[0.508s] DEBUG:colcon.colcon_parallel_executor.executor.parallel:run_until_complete finished with '0'
[0.508s] DEBUG:colcon.colcon_core.event_reactor:joining thread
[0.515s] INFO:colcon.colcon_core.plugin_system:Skipping extension 'colcon_notification.desktop_notification.terminal_notifier': Not used on non-Darwin systems
[0.515s] INFO:colcon.colcon_core.plugin_system:Skipping extension 'colcon_notification.desktop_notification.win32': Not used on non-Windows systems
[0.515s] INFO:colcon.colcon_notification.desktop_notification:Sending desktop notification using 'notify2'
[0.529s] DEBUG:colcon.colcon_core.event_reactor:joined thread
[0.529s] INFO:colcon.colcon_core.shell:Creating prefix script '/home/kareem/ros2_ws/install/local_setup.ps1'
[0.530s] INFO:colcon.colcon_core.shell:Creating prefix util module '/home/kareem/ros2_ws/install/_local_setup_util_ps1.py'
[0.531s] INFO:colcon.colcon_core.shell:Creating prefix chain script '/home/kareem/ros2_ws/install/setup.ps1'
[0.532s] INFO:colcon.colcon_core.shell:Creating prefix script '/home/kareem/ros2_ws/install/local_setup.sh'
[0.532s] INFO:colcon.colcon_core.shell:Creating prefix util module '/home/kareem/ros2_ws/install/_local_setup_util_sh.py'
[0.533s] INFO:colcon.colcon_core.shell:Creating prefix chain script '/home/kareem/ros2_ws/install/setup.sh'
[0.534s] INFO:colcon.colcon_core.shell:Creating prefix script '/home/kareem/ros2_ws/install/local_setup.bash'
[0.534s] INFO:colcon.colcon_core.shell:Creating prefix chain script '/home/kareem/ros2_ws/install/setup.bash'
[0.535s] INFO:colcon.colcon_core.shell:Creating prefix script '/home/kareem/ros2_ws/install/local_setup.zsh'
[0.535s] INFO:colcon.colcon_core.shell:Creating prefix chain script '/home/kareem/ros2_ws/install/setup.zsh'
