[0.139s] DEBUG:colcon:Command line arguments: ['/usr/bin/colcon', 'build']
[0.139s] DEBUG:colcon:Parsed command line arguments: Namespace(allow_overriding=[], ament_cmake_args=None, base_paths=['.'], build_base='build', catkin_cmake_args=None, catkin_skip_building_tests=False, cmake_args=None, cmake_clean_cache=False, cmake_clean_first=False, cmake_force_configure=False, cmake_target=None, cmake_target_skip_unavailable=False, continue_on_error=False, event_handlers=None, executor='parallel', ignore_user_meta=False, install_base='install', log_base=None, log_level=None, main=<bound method BuildVerb.main of <colcon_core.verb.build.BuildVerb object at 0x7f42ca19ceb0>>, merge_install=False, metas=['./colcon.meta'], packages_above=None, packages_above_and_dependencies=None, packages_above_depth=None, packages_end=None, packages_ignore=None, packages_ignore_regex=None, packages_select=None, packages_select_build_failed=False, packages_select_by_dep=None, packages_select_regex=None, packages_select_test_failures=False, packages_skip=None, packages_skip_build_finished=False, packages_skip_by_dep=None, packages_skip_regex=None, packages_skip_test_passed=False, packages_skip_up_to=None, packages_start=None, packages_up_to=None, packages_up_to_regex=None, parallel_workers=12, paths=None, symlink_install=False, test_result_base=None, verb_extension=<colcon_core.verb.build.BuildVerb object at 0x7f42ca19ceb0>, verb_name='build', verb_parser=<colcon_defaults.argument_parser.defaults.DefaultArgumentsDecorator object at 0x7f42ca02ef40>)
[0.253s] Level 1:colcon.colcon_core.package_discovery:discover_packages(colcon_meta) check parameters
[0.253s] Level 1:colcon.colcon_core.package_discovery:discover_packages(recursive) check parameters
[0.253s] Level 1:colcon.colcon_core.package_discovery:discover_packages(ignore) check parameters
[0.253s] Level 1:colcon.colcon_core.package_discovery:discover_packages(path) check parameters
[0.253s] Level 1:colcon.colcon_core.package_discovery:discover_packages(colcon_meta) discover
[0.254s] Level 1:colcon.colcon_core.package_discovery:discover_packages(recursive) discover
[0.254s] INFO:colcon.colcon_core.package_discovery:Crawling recursively for packages in '/home/kareem/ros2_ws'
[0.254s] Level 1:colcon.colcon_core.package_identification:_identify(.) by extensions ['ignore', 'ignore_ament_install']
[0.254s] Level 1:colcon.colcon_core.package_identification:_identify(.) by extension 'ignore'
[0.254s] Level 1:colcon.colcon_core.package_identification:_identify(.) by extension 'ignore_ament_install'
[0.254s] Level 1:colcon.colcon_core.package_identification:_identify(.) by extensions ['colcon_pkg']
[0.254s] Level 1:colcon.colcon_core.package_identification:_identify(.) by extension 'colcon_pkg'
[0.254s] Level 1:colcon.colcon_core.package_identification:_identify(.) by extensions ['colcon_meta']
[0.254s] Level 1:colcon.colcon_core.package_identification:_identify(.) by extension 'colcon_meta'
[0.254s] Level 1:colcon.colcon_core.package_identification:_identify(.) by extensions ['ros']
[0.254s] Level 1:colcon.colcon_core.package_identification:_identify(.) by extension 'ros'
[0.262s] Level 1:colcon.colcon_core.package_identification:_identify(.) by extensions ['cmake', 'python']
[0.262s] Level 1:colcon.colcon_core.package_identification:_identify(.) by extension 'cmake'
[0.262s] Level 1:colcon.colcon_core.package_identification:_identify(.) by extension 'python'
[0.262s] Level 1:colcon.colcon_core.package_identification:_identify(.) by extensions ['python_setup_py']
[0.262s] Level 1:colcon.colcon_core.package_identification:_identify(.) by extension 'python_setup_py'
[0.262s] Level 1:colcon.colcon_core.package_identification:_identify(build) by extensions ['ignore', 'ignore_ament_install']
[0.262s] Level 1:colcon.colcon_core.package_identification:_identify(build) by extension 'ignore'
[0.262s] Level 1:colcon.colcon_core.package_identification:_identify(build) ignored
[0.262s] Level 1:colcon.colcon_core.package_identification:_identify(install) by extensions ['ignore', 'ignore_ament_install']
[0.262s] Level 1:colcon.colcon_core.package_identification:_identify(install) by extension 'ignore'
[0.262s] Level 1:colcon.colcon_core.package_identification:_identify(install) ignored
[0.262s] Level 1:colcon.colcon_core.package_identification:_identify(log) by extensions ['ignore', 'ignore_ament_install']
[0.262s] Level 1:colcon.colcon_core.package_identification:_identify(log) by extension 'ignore'
[0.262s] Level 1:colcon.colcon_core.package_identification:_identify(log) ignored
[0.262s] Level 1:colcon.colcon_core.package_identification:_identify(src) by extensions ['ignore', 'ignore_ament_install']
[0.262s] Level 1:colcon.colcon_core.package_identification:_identify(src) by extension 'ignore'
[0.262s] Level 1:colcon.colcon_core.package_identification:_identify(src) by extension 'ignore_ament_install'
[0.262s] Level 1:colcon.colcon_core.package_identification:_identify(src) by extensions ['colcon_pkg']
[0.262s] Level 1:colcon.colcon_core.package_identification:_identify(src) by extension 'colcon_pkg'
[0.262s] Level 1:colcon.colcon_core.package_identification:_identify(src) by extensions ['colcon_meta']
[0.263s] Level 1:colcon.colcon_core.package_identification:_identify(src) by extension 'colcon_meta'
[0.263s] Level 1:colcon.colcon_core.package_identification:_identify(src) by extensions ['ros']
[0.263s] Level 1:colcon.colcon_core.package_identification:_identify(src) by extension 'ros'
[0.263s] Level 1:colcon.colcon_core.package_identification:_identify(src) by extensions ['cmake', 'python']
[0.263s] Level 1:colcon.colcon_core.package_identification:_identify(src) by extension 'cmake'
[0.263s] Level 1:colcon.colcon_core.package_identification:_identify(src) by extension 'python'
[0.263s] Level 1:colcon.colcon_core.package_identification:_identify(src) by extensions ['python_setup_py']
[0.263s] Level 1:colcon.colcon_core.package_identification:_identify(src) by extension 'python_setup_py'
[0.263s] Level 1:colcon.colcon_core.package_identification:_identify(src/my_robot_description) by extensions ['ignore', 'ignore_ament_install']
[0.263s] Level 1:colcon.colcon_core.package_identification:_identify(src/my_robot_description) by extension 'ignore'
[0.263s] Level 1:colcon.colcon_core.package_identification:_identify(src/my_robot_description) by extension 'ignore_ament_install'
[0.263s] Level 1:colcon.colcon_core.package_identification:_identify(src/my_robot_description) by extensions ['colcon_pkg']
[0.263s] Level 1:colcon.colcon_core.package_identification:_identify(src/my_robot_description) by extension 'colcon_pkg'
[0.263s] Level 1:colcon.colcon_core.package_identification:_identify(src/my_robot_description) by extensions ['colcon_meta']
[0.263s] Level 1:colcon.colcon_core.package_identification:_identify(src/my_robot_description) by extension 'colcon_meta'
[0.263s] Level 1:colcon.colcon_core.package_identification:_identify(src/my_robot_description) by extensions ['ros']
[0.263s] Level 1:colcon.colcon_core.package_identification:_identify(src/my_robot_description) by extension 'ros'
[0.265s] DEBUG:colcon.colcon_core.package_identification:Package 'src/my_robot_description' with type 'ros.ament_cmake' and name 'my_robot_description'
[0.265s] Level 1:colcon.colcon_core.package_identification:_identify(src/my_robot_description2) by extensions ['ignore', 'ignore_ament_install']
[0.265s] Level 1:colcon.colcon_core.package_identification:_identify(src/my_robot_description2) by extension 'ignore'
[0.265s] Level 1:colcon.colcon_core.package_identification:_identify(src/my_robot_description2) by extension 'ignore_ament_install'
[0.265s] Level 1:colcon.colcon_core.package_identification:_identify(src/my_robot_description2) by extensions ['colcon_pkg']
[0.265s] Level 1:colcon.colcon_core.package_identification:_identify(src/my_robot_description2) by extension 'colcon_pkg'
[0.265s] Level 1:colcon.colcon_core.package_identification:_identify(src/my_robot_description2) by extensions ['colcon_meta']
[0.265s] Level 1:colcon.colcon_core.package_identification:_identify(src/my_robot_description2) by extension 'colcon_meta'
[0.265s] Level 1:colcon.colcon_core.package_identification:_identify(src/my_robot_description2) by extensions ['ros']
[0.265s] Level 1:colcon.colcon_core.package_identification:_identify(src/my_robot_description2) by extension 'ros'
[0.265s] DEBUG:colcon.colcon_core.package_identification:Package 'src/my_robot_description2' with type 'ros.ament_cmake' and name 'my_robot_description2'
[0.265s] Level 1:colcon.colcon_core.package_identification:_identify(src/nav) by extensions ['ignore', 'ignore_ament_install']
[0.266s] Level 1:colcon.colcon_core.package_identification:_identify(src/nav) by extension 'ignore'
[0.266s] Level 1:colcon.colcon_core.package_identification:_identify(src/nav) by extension 'ignore_ament_install'
[0.266s] Level 1:colcon.colcon_core.package_identification:_identify(src/nav) by extensions ['colcon_pkg']
[0.266s] Level 1:colcon.colcon_core.package_identification:_identify(src/nav) by extension 'colcon_pkg'
[0.266s] Level 1:colcon.colcon_core.package_identification:_identify(src/nav) by extensions ['colcon_meta']
[0.266s] Level 1:colcon.colcon_core.package_identification:_identify(src/nav) by extension 'colcon_meta'
[0.266s] Level 1:colcon.colcon_core.package_identification:_identify(src/nav) by extensions ['ros']
[0.266s] Level 1:colcon.colcon_core.package_identification:_identify(src/nav) by extension 'ros'
[0.266s] DEBUG:colcon.colcon_core.package_identification:Package 'src/nav' with type 'ros.ament_cmake' and name 'nav'
[0.266s] Level 1:colcon.colcon_core.package_discovery:discover_packages(recursive) using defaults
[0.266s] Level 1:colcon.colcon_core.package_discovery:discover_packages(ignore) discover
[0.266s] Level 1:colcon.colcon_core.package_discovery:discover_packages(ignore) using defaults
[0.266s] Level 1:colcon.colcon_core.package_discovery:discover_packages(path) discover
[0.266s] Level 1:colcon.colcon_core.package_discovery:discover_packages(path) using defaults
[0.277s] Level 1:colcon.colcon_core.package_discovery:discover_packages(prefix_path) check parameters
[0.277s] Level 1:colcon.colcon_core.package_discovery:discover_packages(prefix_path) discover
[0.410s] DEBUG:colcon.colcon_installed_package_information.package_discovery:Found 5 installed packages in /home/kareem/ros2_ws/install
[0.412s] DEBUG:colcon.colcon_installed_package_information.package_discovery:Found 335 installed packages in /opt/ros/foxy
[0.421s] Level 1:colcon.colcon_core.package_discovery:discover_packages(prefix_path) using defaults
[1.029s] Level 5:colcon.colcon_core.verb:set package 'my_robot_description' build argument 'cmake_args' from command line to 'None'
[1.029s] Level 5:colcon.colcon_core.verb:set package 'my_robot_description' build argument 'cmake_target' from command line to 'None'
[1.029s] Level 5:colcon.colcon_core.verb:set package 'my_robot_description' build argument 'cmake_target_skip_unavailable' from command line to 'False'
[1.029s] Level 5:colcon.colcon_core.verb:set package 'my_robot_description' build argument 'cmake_clean_cache' from command line to 'False'
[1.029s] Level 5:colcon.colcon_core.verb:set package 'my_robot_description' build argument 'cmake_clean_first' from command line to 'False'
[1.029s] Level 5:colcon.colcon_core.verb:set package 'my_robot_description' build argument 'cmake_force_configure' from command line to 'False'
[1.029s] Level 5:colcon.colcon_core.verb:set package 'my_robot_description' build argument 'ament_cmake_args' from command line to 'None'
[1.029s] Level 5:colcon.colcon_core.verb:set package 'my_robot_description' build argument 'catkin_cmake_args' from command line to 'None'
[1.029s] Level 5:colcon.colcon_core.verb:set package 'my_robot_description' build argument 'catkin_skip_building_tests' from command line to 'False'
[1.029s] DEBUG:colcon.colcon_core.verb:Building package 'my_robot_description' with the following arguments: {'ament_cmake_args': None, 'build_base': '/home/kareem/ros2_ws/build/my_robot_description', 'catkin_cmake_args': None, 'catkin_skip_building_tests': False, 'cmake_args': None, 'cmake_clean_cache': False, 'cmake_clean_first': False, 'cmake_force_configure': False, 'cmake_target': None, 'cmake_target_skip_unavailable': False, 'install_base': '/home/kareem/ros2_ws/install/my_robot_description', 'merge_install': False, 'path': '/home/kareem/ros2_ws/src/my_robot_description', 'symlink_install': False, 'test_result_base': None}
[1.029s] Level 5:colcon.colcon_core.verb:set package 'my_robot_description2' build argument 'cmake_args' from command line to 'None'
[1.029s] Level 5:colcon.colcon_core.verb:set package 'my_robot_description2' build argument 'cmake_target' from command line to 'None'
[1.029s] Level 5:colcon.colcon_core.verb:set package 'my_robot_description2' build argument 'cmake_target_skip_unavailable' from command line to 'False'
[1.029s] Level 5:colcon.colcon_core.verb:set package 'my_robot_description2' build argument 'cmake_clean_cache' from command line to 'False'
[1.029s] Level 5:colcon.colcon_core.verb:set package 'my_robot_description2' build argument 'cmake_clean_first' from command line to 'False'
[1.029s] Level 5:colcon.colcon_core.verb:set package 'my_robot_description2' build argument 'cmake_force_configure' from command line to 'False'
[1.029s] Level 5:colcon.colcon_core.verb:set package 'my_robot_description2' build argument 'ament_cmake_args' from command line to 'None'
[1.029s] Level 5:colcon.colcon_core.verb:set package 'my_robot_description2' build argument 'catkin_cmake_args' from command line to 'None'
[1.029s] Level 5:colcon.colcon_core.verb:set package 'my_robot_description2' build argument 'catkin_skip_building_tests' from command line to 'False'
[1.029s] DEBUG:colcon.colcon_core.verb:Building package 'my_robot_description2' with the following arguments: {'ament_cmake_args': None, 'build_base': '/home/kareem/ros2_ws/build/my_robot_description2', 'catkin_cmake_args': None, 'catkin_skip_building_tests': False, 'cmake_args': None, 'cmake_clean_cache': False, 'cmake_clean_first': False, 'cmake_force_configure': False, 'cmake_target': None, 'cmake_target_skip_unavailable': False, 'install_base': '/home/kareem/ros2_ws/install/my_robot_description2', 'merge_install': False, 'path': '/home/kareem/ros2_ws/src/my_robot_description2', 'symlink_install': False, 'test_result_base': None}
[1.030s] Level 5:colcon.colcon_core.verb:set package 'nav' build argument 'cmake_args' from command line to 'None'
[1.030s] Level 5:colcon.colcon_core.verb:set package 'nav' build argument 'cmake_target' from command line to 'None'
[1.030s] Level 5:colcon.colcon_core.verb:set package 'nav' build argument 'cmake_target_skip_unavailable' from command line to 'False'
[1.030s] Level 5:colcon.colcon_core.verb:set package 'nav' build argument 'cmake_clean_cache' from command line to 'False'
[1.030s] Level 5:colcon.colcon_core.verb:set package 'nav' build argument 'cmake_clean_first' from command line to 'False'
[1.030s] Level 5:colcon.colcon_core.verb:set package 'nav' build argument 'cmake_force_configure' from command line to 'False'
[1.030s] Level 5:colcon.colcon_core.verb:set package 'nav' build argument 'ament_cmake_args' from command line to 'None'
[1.030s] Level 5:colcon.colcon_core.verb:set package 'nav' build argument 'catkin_cmake_args' from command line to 'None'
[1.030s] Level 5:colcon.colcon_core.verb:set package 'nav' build argument 'catkin_skip_building_tests' from command line to 'False'
[1.030s] DEBUG:colcon.colcon_core.verb:Building package 'nav' with the following arguments: {'ament_cmake_args': None, 'build_base': '/home/kareem/ros2_ws/build/nav', 'catkin_cmake_args': None, 'catkin_skip_building_tests': False, 'cmake_args': None, 'cmake_clean_cache': False, 'cmake_clean_first': False, 'cmake_force_configure': False, 'cmake_target': None, 'cmake_target_skip_unavailable': False, 'install_base': '/home/kareem/ros2_ws/install/nav', 'merge_install': False, 'path': '/home/kareem/ros2_ws/src/nav', 'symlink_install': False, 'test_result_base': None}
[1.030s] INFO:colcon.colcon_core.executor:Executing jobs using 'parallel' executor
[1.031s] DEBUG:colcon.colcon_parallel_executor.executor.parallel:run_until_complete
[1.031s] INFO:colcon.colcon_ros.task.ament_cmake.build:Building ROS package in '/home/kareem/ros2_ws/src/my_robot_description' with build type 'ament_cmake'
[1.031s] INFO:colcon.colcon_cmake.task.cmake.build:Building CMake package in '/home/kareem/ros2_ws/src/my_robot_description'
[1.033s] INFO:colcon.colcon_core.plugin_system:Skipping extension 'colcon_core.shell.bat': Not used on non-Windows systems
[1.033s] INFO:colcon.colcon_core.shell:Skip shell extension 'powershell' for command environment: Not usable outside of PowerShell
[1.033s] DEBUG:colcon.colcon_core.shell:Skip shell extension 'dsv' for command environment
[1.037s] INFO:colcon.colcon_ros.task.ament_cmake.build:Building ROS package in '/home/kareem/ros2_ws/src/my_robot_description2' with build type 'ament_cmake'
[1.037s] INFO:colcon.colcon_cmake.task.cmake.build:Building CMake package in '/home/kareem/ros2_ws/src/my_robot_description2'
[1.037s] INFO:colcon.colcon_core.shell:Skip shell extension 'powershell' for command environment: Not usable outside of PowerShell
[1.037s] DEBUG:colcon.colcon_core.shell:Skip shell extension 'dsv' for command environment
[1.042s] INFO:colcon.colcon_ros.task.ament_cmake.build:Building ROS package in '/home/kareem/ros2_ws/src/nav' with build type 'ament_cmake'
[1.042s] INFO:colcon.colcon_cmake.task.cmake.build:Building CMake package in '/home/kareem/ros2_ws/src/nav'
[1.042s] INFO:colcon.colcon_core.shell:Skip shell extension 'powershell' for command environment: Not usable outside of PowerShell
[1.042s] DEBUG:colcon.colcon_core.shell:Skip shell extension 'dsv' for command environment
[1.055s] DEBUG:colcon.colcon_core.event_handler.log_command:Invoking command in '/home/kareem/ros2_ws/build/my_robot_description': CMAKE_PREFIX_PATH=${CMAKE_PREFIX_PATH}:/opt/ros/foxy /usr/bin/cmake --build /home/kareem/ros2_ws/build/my_robot_description -- -j12 -l12
[1.061s] DEBUG:colcon.colcon_core.event_handler.log_command:Invoking command in '/home/kareem/ros2_ws/build/my_robot_description2': CMAKE_PREFIX_PATH=${CMAKE_PREFIX_PATH}:/opt/ros/foxy /usr/bin/cmake --build /home/kareem/ros2_ws/build/my_robot_description2 -- -j12 -l12
[1.065s] DEBUG:colcon.colcon_core.event_handler.log_command:Invoking command in '/home/kareem/ros2_ws/build/nav': CMAKE_PREFIX_PATH=${CMAKE_PREFIX_PATH}:/opt/ros/foxy /usr/bin/cmake --build /home/kareem/ros2_ws/build/nav -- -j12 -l12
[1.088s] DEBUG:colcon.colcon_core.event_handler.log_command:Invoked command in '/home/kareem/ros2_ws/build/my_robot_description' returned '0': CMAKE_PREFIX_PATH=${CMAKE_PREFIX_PATH}:/opt/ros/foxy /usr/bin/cmake --build /home/kareem/ros2_ws/build/my_robot_description -- -j12 -l12
[1.092s] DEBUG:colcon.colcon_core.event_handler.log_command:Invoked command in '/home/kareem/ros2_ws/build/my_robot_description2' returned '0': CMAKE_PREFIX_PATH=${CMAKE_PREFIX_PATH}:/opt/ros/foxy /usr/bin/cmake --build /home/kareem/ros2_ws/build/my_robot_description2 -- -j12 -l12
[1.116s] DEBUG:colcon.colcon_core.event_handler.log_command:Invoking command in '/home/kareem/ros2_ws/build/my_robot_description': CMAKE_PREFIX_PATH=${CMAKE_PREFIX_PATH}:/opt/ros/foxy /usr/bin/cmake --install /home/kareem/ros2_ws/build/my_robot_description
[1.121s] DEBUG:colcon.colcon_core.event_handler.log_command:Invoking command in '/home/kareem/ros2_ws/build/my_robot_description2': CMAKE_PREFIX_PATH=${CMAKE_PREFIX_PATH}:/opt/ros/foxy /usr/bin/cmake --install /home/kareem/ros2_ws/build/my_robot_description2
[1.123s] DEBUG:colcon.colcon_core.event_handler.log_command:Invoked command in '/home/kareem/ros2_ws/build/nav' returned '0': CMAKE_PREFIX_PATH=${CMAKE_PREFIX_PATH}:/opt/ros/foxy /usr/bin/cmake --build /home/kareem/ros2_ws/build/nav -- -j12 -l12
[1.129s] Level 1:colcon.colcon_core.environment:create_environment_scripts_only(my_robot_description)
[1.135s] Level 1:colcon.colcon_core.environment:checking '/home/kareem/ros2_ws/install/my_robot_description' for CMake module files
[1.136s] Level 1:colcon.colcon_core.environment:checking '/home/kareem/ros2_ws/install/my_robot_description' for CMake config files
[1.137s] DEBUG:colcon.colcon_core.event_handler.log_command:Invoked command in '/home/kareem/ros2_ws/build/my_robot_description' returned '0': CMAKE_PREFIX_PATH=${CMAKE_PREFIX_PATH}:/opt/ros/foxy /usr/bin/cmake --install /home/kareem/ros2_ws/build/my_robot_description
[1.137s] Level 1:colcon.colcon_core.shell:create_environment_hook('my_robot_description', 'cmake_prefix_path')
[1.137s] INFO:colcon.colcon_core.shell:Creating environment hook '/home/kareem/ros2_ws/install/my_robot_description/share/my_robot_description/hook/cmake_prefix_path.ps1'
[1.139s] INFO:colcon.colcon_core.shell:Creating environment descriptor '/home/kareem/ros2_ws/install/my_robot_description/share/my_robot_description/hook/cmake_prefix_path.dsv'
[1.139s] INFO:colcon.colcon_core.shell:Creating environment hook '/home/kareem/ros2_ws/install/my_robot_description/share/my_robot_description/hook/cmake_prefix_path.sh'
[1.141s] Level 1:colcon.colcon_core.environment:checking '/home/kareem/ros2_ws/install/my_robot_description/bin'
[1.141s] Level 1:colcon.colcon_core.environment:checking '/home/kareem/ros2_ws/install/my_robot_description/lib/pkgconfig/my_robot_description.pc'
[1.141s] Level 1:colcon.colcon_core.environment:checking '/home/kareem/ros2_ws/install/my_robot_description/lib/python3.8/site-packages'
[1.141s] Level 1:colcon.colcon_core.environment:checking '/home/kareem/ros2_ws/install/my_robot_description/bin'
[1.142s] INFO:colcon.colcon_core.shell:Creating package script '/home/kareem/ros2_ws/install/my_robot_description/share/my_robot_description/package.ps1'
[1.143s] INFO:colcon.colcon_core.shell:Creating package descriptor '/home/kareem/ros2_ws/install/my_robot_description/share/my_robot_description/package.dsv'
[1.144s] INFO:colcon.colcon_core.shell:Creating package script '/home/kareem/ros2_ws/install/my_robot_description/share/my_robot_description/package.sh'
[1.144s] INFO:colcon.colcon_core.shell:Creating package script '/home/kareem/ros2_ws/install/my_robot_description/share/my_robot_description/package.bash'
[1.145s] INFO:colcon.colcon_core.shell:Creating package script '/home/kareem/ros2_ws/install/my_robot_description/share/my_robot_description/package.zsh'
[1.146s] Level 1:colcon.colcon_core.environment:create_file_with_runtime_dependencies(/home/kareem/ros2_ws/install/my_robot_description/share/colcon-core/packages/my_robot_description)
[1.152s] DEBUG:colcon.colcon_core.event_handler.log_command:Invoking command in '/home/kareem/ros2_ws/build/nav': CMAKE_PREFIX_PATH=${CMAKE_PREFIX_PATH}:/opt/ros/foxy /usr/bin/cmake --install /home/kareem/ros2_ws/build/nav
[1.152s] Level 1:colcon.colcon_core.environment:create_environment_scripts_only(my_robot_description2)
[1.153s] Level 1:colcon.colcon_core.environment:checking '/home/kareem/ros2_ws/install/my_robot_description2' for CMake module files
[1.153s] DEBUG:colcon.colcon_core.event_handler.log_command:Invoked command in '/home/kareem/ros2_ws/build/my_robot_description2' returned '0': CMAKE_PREFIX_PATH=${CMAKE_PREFIX_PATH}:/opt/ros/foxy /usr/bin/cmake --install /home/kareem/ros2_ws/build/my_robot_description2
[1.154s] Level 1:colcon.colcon_core.environment:checking '/home/kareem/ros2_ws/install/my_robot_description2' for CMake config files
[1.154s] Level 1:colcon.colcon_core.shell:create_environment_hook('my_robot_description2', 'cmake_prefix_path')
[1.154s] INFO:colcon.colcon_core.shell:Creating environment hook '/home/kareem/ros2_ws/install/my_robot_description2/share/my_robot_description2/hook/cmake_prefix_path.ps1'
[1.154s] INFO:colcon.colcon_core.shell:Creating environment descriptor '/home/kareem/ros2_ws/install/my_robot_description2/share/my_robot_description2/hook/cmake_prefix_path.dsv'
[1.154s] INFO:colcon.colcon_core.shell:Creating environment hook '/home/kareem/ros2_ws/install/my_robot_description2/share/my_robot_description2/hook/cmake_prefix_path.sh'
[1.155s] Level 1:colcon.colcon_core.environment:checking '/home/kareem/ros2_ws/install/my_robot_description2/bin'
[1.155s] Level 1:colcon.colcon_core.environment:checking '/home/kareem/ros2_ws/install/my_robot_description2/lib/pkgconfig/my_robot_description2.pc'
[1.155s] Level 1:colcon.colcon_core.environment:checking '/home/kareem/ros2_ws/install/my_robot_description2/lib/python3.8/site-packages'
[1.155s] Level 1:colcon.colcon_core.environment:checking '/home/kareem/ros2_ws/install/my_robot_description2/bin'
[1.155s] INFO:colcon.colcon_core.shell:Creating package script '/home/kareem/ros2_ws/install/my_robot_description2/share/my_robot_description2/package.ps1'
[1.156s] INFO:colcon.colcon_core.shell:Creating package descriptor '/home/kareem/ros2_ws/install/my_robot_description2/share/my_robot_description2/package.dsv'
[1.156s] INFO:colcon.colcon_core.shell:Creating package script '/home/kareem/ros2_ws/install/my_robot_description2/share/my_robot_description2/package.sh'
[1.157s] INFO:colcon.colcon_core.shell:Creating package script '/home/kareem/ros2_ws/install/my_robot_description2/share/my_robot_description2/package.bash'
[1.157s] INFO:colcon.colcon_core.shell:Creating package script '/home/kareem/ros2_ws/install/my_robot_description2/share/my_robot_description2/package.zsh'
[1.157s] Level 1:colcon.colcon_core.environment:create_file_with_runtime_dependencies(/home/kareem/ros2_ws/install/my_robot_description2/share/colcon-core/packages/my_robot_description2)
[1.163s] Level 1:colcon.colcon_core.environment:create_environment_scripts_only(nav)
[1.163s] Level 1:colcon.colcon_core.environment:checking '/home/kareem/ros2_ws/install/nav' for CMake module files
[1.164s] Level 1:colcon.colcon_core.environment:checking '/home/kareem/ros2_ws/install/nav' for CMake config files
[1.165s] Level 1:colcon.colcon_core.shell:create_environment_hook('nav', 'cmake_prefix_path')
[1.165s] INFO:colcon.colcon_core.shell:Creating environment hook '/home/kareem/ros2_ws/install/nav/share/nav/hook/cmake_prefix_path.ps1'
[1.166s] INFO:colcon.colcon_core.shell:Creating environment descriptor '/home/kareem/ros2_ws/install/nav/share/nav/hook/cmake_prefix_path.dsv'
[1.166s] DEBUG:colcon.colcon_core.event_handler.log_command:Invoked command in '/home/kareem/ros2_ws/build/nav' returned '0': CMAKE_PREFIX_PATH=${CMAKE_PREFIX_PATH}:/opt/ros/foxy /usr/bin/cmake --install /home/kareem/ros2_ws/build/nav
[1.167s] INFO:colcon.colcon_core.shell:Creating environment hook '/home/kareem/ros2_ws/install/nav/share/nav/hook/cmake_prefix_path.sh'
[1.167s] Level 1:colcon.colcon_core.environment:checking '/home/kareem/ros2_ws/install/nav/bin'
[1.167s] Level 1:colcon.colcon_core.environment:checking '/home/kareem/ros2_ws/install/nav/lib/pkgconfig/nav.pc'
[1.167s] Level 1:colcon.colcon_core.environment:checking '/home/kareem/ros2_ws/install/nav/lib/python3.8/site-packages'
[1.168s] Level 1:colcon.colcon_core.environment:checking '/home/kareem/ros2_ws/install/nav/bin'
[1.168s] INFO:colcon.colcon_core.shell:Creating package script '/home/kareem/ros2_ws/install/nav/share/nav/package.ps1'
[1.168s] INFO:colcon.colcon_core.shell:Creating package descriptor '/home/kareem/ros2_ws/install/nav/share/nav/package.dsv'
[1.169s] INFO:colcon.colcon_core.shell:Creating package script '/home/kareem/ros2_ws/install/nav/share/nav/package.sh'
[1.169s] INFO:colcon.colcon_core.shell:Creating package script '/home/kareem/ros2_ws/install/nav/share/nav/package.bash'
[1.169s] INFO:colcon.colcon_core.shell:Creating package script '/home/kareem/ros2_ws/install/nav/share/nav/package.zsh'
[1.170s] Level 1:colcon.colcon_core.environment:create_file_with_runtime_dependencies(/home/kareem/ros2_ws/install/nav/share/colcon-core/packages/nav)
[1.173s] Level 1:colcon.colcon_core.environment:create_environment_scripts_only(my_robot_description)
[1.173s] Level 1:colcon.colcon_core.environment:checking '/home/kareem/ros2_ws/install/my_robot_description' for CMake module files
[1.174s] Level 1:colcon.colcon_core.environment:checking '/home/kareem/ros2_ws/install/my_robot_description' for CMake config files
[1.174s] Level 1:colcon.colcon_core.shell:create_environment_hook('my_robot_description', 'cmake_prefix_path')
[1.174s] INFO:colcon.colcon_core.shell:Creating environment hook '/home/kareem/ros2_ws/install/my_robot_description/share/my_robot_description/hook/cmake_prefix_path.ps1'
[1.175s] INFO:colcon.colcon_core.shell:Creating environment descriptor '/home/kareem/ros2_ws/install/my_robot_description/share/my_robot_description/hook/cmake_prefix_path.dsv'
[1.175s] INFO:colcon.colcon_core.shell:Creating environment hook '/home/kareem/ros2_ws/install/my_robot_description/share/my_robot_description/hook/cmake_prefix_path.sh'
[1.176s] Level 1:colcon.colcon_core.environment:checking '/home/kareem/ros2_ws/install/my_robot_description/bin'
[1.176s] Level 1:colcon.colcon_core.environment:checking '/home/kareem/ros2_ws/install/my_robot_description/lib/pkgconfig/my_robot_description.pc'
[1.176s] Level 1:colcon.colcon_core.environment:checking '/home/kareem/ros2_ws/install/my_robot_description/lib/python3.8/site-packages'
[1.176s] Level 1:colcon.colcon_core.environment:checking '/home/kareem/ros2_ws/install/my_robot_description/bin'
[1.176s] INFO:colcon.colcon_core.shell:Creating package script '/home/kareem/ros2_ws/install/my_robot_description/share/my_robot_description/package.ps1'
[1.177s] INFO:colcon.colcon_core.shell:Creating package descriptor '/home/kareem/ros2_ws/install/my_robot_description/share/my_robot_description/package.dsv'
[1.177s] INFO:colcon.colcon_core.shell:Creating package script '/home/kareem/ros2_ws/install/my_robot_description/share/my_robot_description/package.sh'
[1.177s] INFO:colcon.colcon_core.shell:Creating package script '/home/kareem/ros2_ws/install/my_robot_description/share/my_robot_description/package.bash'
[1.178s] INFO:colcon.colcon_core.shell:Creating package script '/home/kareem/ros2_ws/install/my_robot_description/share/my_robot_description/package.zsh'
[1.178s] Level 1:colcon.colcon_core.environment:create_file_with_runtime_dependencies(/home/kareem/ros2_ws/install/my_robot_description/share/colcon-core/packages/my_robot_description)
[1.179s] Level 1:colcon.colcon_core.environment:create_environment_scripts_only(my_robot_description2)
[1.179s] Level 1:colcon.colcon_core.environment:checking '/home/kareem/ros2_ws/install/my_robot_description2' for CMake module files
[1.180s] Level 1:colcon.colcon_core.environment:checking '/home/kareem/ros2_ws/install/my_robot_description2' for CMake config files
[1.180s] Level 1:colcon.colcon_core.shell:create_environment_hook('my_robot_description2', 'cmake_prefix_path')
[1.180s] INFO:colcon.colcon_core.shell:Creating environment hook '/home/kareem/ros2_ws/install/my_robot_description2/share/my_robot_description2/hook/cmake_prefix_path.ps1'
[1.180s] INFO:colcon.colcon_core.shell:Creating environment descriptor '/home/kareem/ros2_ws/install/my_robot_description2/share/my_robot_description2/hook/cmake_prefix_path.dsv'
[1.180s] INFO:colcon.colcon_core.shell:Creating environment hook '/home/kareem/ros2_ws/install/my_robot_description2/share/my_robot_description2/hook/cmake_prefix_path.sh'
[1.181s] Level 1:colcon.colcon_core.environment:checking '/home/kareem/ros2_ws/install/my_robot_description2/bin'
[1.181s] Level 1:colcon.colcon_core.environment:checking '/home/kareem/ros2_ws/install/my_robot_description2/lib/pkgconfig/my_robot_description2.pc'
[1.181s] Level 1:colcon.colcon_core.environment:checking '/home/kareem/ros2_ws/install/my_robot_description2/lib/python3.8/site-packages'
[1.181s] Level 1:colcon.colcon_core.environment:checking '/home/kareem/ros2_ws/install/my_robot_description2/bin'
[1.181s] INFO:colcon.colcon_core.shell:Creating package script '/home/kareem/ros2_ws/install/my_robot_description2/share/my_robot_description2/package.ps1'
[1.181s] INFO:colcon.colcon_core.shell:Creating package descriptor '/home/kareem/ros2_ws/install/my_robot_description2/share/my_robot_description2/package.dsv'
[1.182s] INFO:colcon.colcon_core.shell:Creating package script '/home/kareem/ros2_ws/install/my_robot_description2/share/my_robot_description2/package.sh'
[1.182s] INFO:colcon.colcon_core.shell:Creating package script '/home/kareem/ros2_ws/install/my_robot_description2/share/my_robot_description2/package.bash'
[1.182s] INFO:colcon.colcon_core.shell:Creating package script '/home/kareem/ros2_ws/install/my_robot_description2/share/my_robot_description2/package.zsh'
[1.182s] Level 1:colcon.colcon_core.environment:create_file_with_runtime_dependencies(/home/kareem/ros2_ws/install/my_robot_description2/share/colcon-core/packages/my_robot_description2)
[1.189s] Level 1:colcon.colcon_core.environment:create_environment_scripts_only(nav)
[1.189s] Level 1:colcon.colcon_core.environment:checking '/home/kareem/ros2_ws/install/nav' for CMake module files
[1.190s] Level 1:colcon.colcon_core.environment:checking '/home/kareem/ros2_ws/install/nav' for CMake config files
[1.190s] Level 1:colcon.colcon_core.shell:create_environment_hook('nav', 'cmake_prefix_path')
[1.190s] INFO:colcon.colcon_core.shell:Creating environment hook '/home/kareem/ros2_ws/install/nav/share/nav/hook/cmake_prefix_path.ps1'
[1.191s] INFO:colcon.colcon_core.shell:Creating environment descriptor '/home/kareem/ros2_ws/install/nav/share/nav/hook/cmake_prefix_path.dsv'
[1.191s] INFO:colcon.colcon_core.shell:Creating environment hook '/home/kareem/ros2_ws/install/nav/share/nav/hook/cmake_prefix_path.sh'
[1.191s] Level 1:colcon.colcon_core.environment:checking '/home/kareem/ros2_ws/install/nav/bin'
[1.192s] Level 1:colcon.colcon_core.environment:checking '/home/kareem/ros2_ws/install/nav/lib/pkgconfig/nav.pc'
[1.192s] Level 1:colcon.colcon_core.environment:checking '/home/kareem/ros2_ws/install/nav/lib/python3.8/site-packages'
[1.192s] Level 1:colcon.colcon_core.environment:checking '/home/kareem/ros2_ws/install/nav/bin'
[1.192s] INFO:colcon.colcon_core.shell:Creating package script '/home/kareem/ros2_ws/install/nav/share/nav/package.ps1'
[1.193s] INFO:colcon.colcon_core.shell:Creating package descriptor '/home/kareem/ros2_ws/install/nav/share/nav/package.dsv'
[1.193s] INFO:colcon.colcon_core.shell:Creating package script '/home/kareem/ros2_ws/install/nav/share/nav/package.sh'
[1.194s] INFO:colcon.colcon_core.shell:Creating package script '/home/kareem/ros2_ws/install/nav/share/nav/package.bash'
[1.194s] INFO:colcon.colcon_core.shell:Creating package script '/home/kareem/ros2_ws/install/nav/share/nav/package.zsh'
[1.195s] Level 1:colcon.colcon_core.environment:create_file_with_runtime_dependencies(/home/kareem/ros2_ws/install/nav/share/colcon-core/packages/nav)
[1.195s] DEBUG:colcon.colcon_parallel_executor.executor.parallel:closing loop
[1.195s] DEBUG:colcon.colcon_parallel_executor.executor.parallel:loop closed
[1.195s] DEBUG:colcon.colcon_parallel_executor.executor.parallel:run_until_complete finished with '0'
[1.195s] DEBUG:colcon.colcon_core.event_reactor:joining thread
[1.202s] INFO:colcon.colcon_core.plugin_system:Skipping extension 'colcon_notification.desktop_notification.terminal_notifier': Not used on non-Darwin systems
[1.203s] INFO:colcon.colcon_core.plugin_system:Skipping extension 'colcon_notification.desktop_notification.win32': Not used on non-Windows systems
[1.203s] INFO:colcon.colcon_notification.desktop_notification:Sending desktop notification using 'notify2'
[1.215s] DEBUG:colcon.colcon_core.event_reactor:joined thread
[1.215s] INFO:colcon.colcon_core.shell:Creating prefix script '/home/kareem/ros2_ws/install/local_setup.ps1'
[1.217s] INFO:colcon.colcon_core.shell:Creating prefix util module '/home/kareem/ros2_ws/install/_local_setup_util_ps1.py'
[1.219s] INFO:colcon.colcon_core.shell:Creating prefix chain script '/home/kareem/ros2_ws/install/setup.ps1'
[1.220s] INFO:colcon.colcon_core.shell:Creating prefix script '/home/kareem/ros2_ws/install/local_setup.sh'
[1.221s] INFO:colcon.colcon_core.shell:Creating prefix util module '/home/kareem/ros2_ws/install/_local_setup_util_sh.py'
[1.221s] INFO:colcon.colcon_core.shell:Creating prefix chain script '/home/kareem/ros2_ws/install/setup.sh'
[1.223s] INFO:colcon.colcon_core.shell:Creating prefix script '/home/kareem/ros2_ws/install/local_setup.bash'
[1.223s] INFO:colcon.colcon_core.shell:Creating prefix chain script '/home/kareem/ros2_ws/install/setup.bash'
[1.224s] INFO:colcon.colcon_core.shell:Creating prefix script '/home/kareem/ros2_ws/install/local_setup.zsh'
[1.225s] INFO:colcon.colcon_core.shell:Creating prefix chain script '/home/kareem/ros2_ws/install/setup.zsh'
