[0.016s] Invoking command in '/home/kareem/ros2_ws/build/robot_controller': CMAKE_PREFIX_PATH=/opt/ros/foxy /usr/bin/cmake --build /home/kareem/ros2_ws/build/robot_controller -- -j12 -l12
[0.044s] -- Found ament_cmake: 0.9.12 (/opt/ros/foxy/share/ament_cmake/cmake)
[0.064s] -- Using PYTHON_EXECUTABLE: /usr/bin/python3
[0.207s] -- Found ament_lint_auto: 0.9.8 (/opt/ros/foxy/share/ament_lint_auto/cmake)
[0.259s] -- Added test 'copyright' to check source files copyright and LICENSE
[0.260s] -- Added test 'lint_cmake' to check CMake code style
[0.261s] -- Added test 'xmllint' to check XML markup files
[0.262s] -- Configuring done
[0.264s] -- Generating done
[0.265s] -- Build files have been written to: /home/kareem/ros2_ws/build/robot_controller
[0.288s] Invoked command in '/home/kareem/ros2_ws/build/robot_controller' returned '0': CMAKE_PREFIX_PATH=/opt/ros/foxy /usr/bin/cmake --build /home/kareem/ros2_ws/build/robot_controller -- -j12 -l12
[0.312s] Invoking command in '/home/kareem/ros2_ws/build/robot_controller': CMAKE_PREFIX_PATH=/opt/ros/foxy /usr/bin/cmake --install /home/kareem/ros2_ws/build/robot_controller
[0.320s] -- Install configuration: ""
[0.320s] -- Installing: /home/kareem/ros2_ws/install/robot_controller/share/robot_controller/config
[0.321s] -- Installing: /home/kareem/ros2_ws/install/robot_controller/share/robot_controller/config/robot_controller.yaml
[0.321s] -- Up-to-date: /home/kareem/ros2_ws/install/robot_controller/share/ament_index/resource_index/package_run_dependencies/robot_controller
[0.321s] -- Up-to-date: /home/kareem/ros2_ws/install/robot_controller/share/ament_index/resource_index/parent_prefix_path/robot_controller
[0.321s] -- Up-to-date: /home/kareem/ros2_ws/install/robot_controller/share/robot_controller/environment/ament_prefix_path.sh
[0.321s] -- Installing: /home/kareem/ros2_ws/install/robot_controller/share/robot_controller/environment/ament_prefix_path.dsv
[0.321s] -- Up-to-date: /home/kareem/ros2_ws/install/robot_controller/share/robot_controller/environment/path.sh
[0.321s] -- Installing: /home/kareem/ros2_ws/install/robot_controller/share/robot_controller/environment/path.dsv
[0.321s] -- Up-to-date: /home/kareem/ros2_ws/install/robot_controller/share/robot_controller/local_setup.bash
[0.322s] -- Up-to-date: /home/kareem/ros2_ws/install/robot_controller/share/robot_controller/local_setup.sh
[0.322s] -- Up-to-date: /home/kareem/ros2_ws/install/robot_controller/share/robot_controller/local_setup.zsh
[0.322s] -- Installing: /home/kareem/ros2_ws/install/robot_controller/share/robot_controller/local_setup.dsv
[0.322s] -- Installing: /home/kareem/ros2_ws/install/robot_controller/share/robot_controller/package.dsv
[0.322s] -- Up-to-date: /home/kareem/ros2_ws/install/robot_controller/share/ament_index/resource_index/packages/robot_controller
[0.322s] -- Up-to-date: /home/kareem/ros2_ws/install/robot_controller/share/robot_controller/cmake/robot_controllerConfig.cmake
[0.322s] -- Up-to-date: /home/kareem/ros2_ws/install/robot_controller/share/robot_controller/cmake/robot_controllerConfig-version.cmake
[0.322s] -- Up-to-date: /home/kareem/ros2_ws/install/robot_controller/share/robot_controller/package.xml
[0.325s] Invoked command in '/home/kareem/ros2_ws/build/robot_controller' returned '0': CMAKE_PREFIX_PATH=/opt/ros/foxy /usr/bin/cmake --install /home/kareem/ros2_ws/build/robot_controller
